Prolog...
================================================================================
Running on worker2. This worker has IP 134.60.70.133/24
Running as marina, with groups: students docker
Job ID: 25235
CUDA_VISIBLE_DEVICES: 0
Using CPU Cores 0-11
Using 63000 MiB RAM
================================================================================
docker run -i --rm --pull=always --ipc=host -e XDG_CACHE_HOME=/tmp/cache --name slurm_25235 --cpuset-cpus 0-11 --memory 63000m --gpus '"device=0"' -w /mnt/hdd/marina/workspace/2D-to-3D-Pretraining -v /mnt/hdd/marina:/mnt/hdd/marina -p 0.0.0.0:9999:9999 pytorch/pytorch:latest bash -c '{ apt-get update;  DEBIAN_FRONTEND=noninteractive apt-get install -y sudo; python3 -m pip install -r requirements.txt; groupadd --gid 1004 students; useradd --uid 1052 -s /bin/bash --gid 1004 -m -d /mnt/hdd/marina marina; nvidia-smi -L; sudo --set-home --preserve-env=PATH --user=\#1052 -- ./start.sh; }'
================================================================================
latest: Pulling from pytorch/pytorch
Digest: sha256:11691e035a3651d25a87116b4f6adc113a27a29d8f5a6a583f8569e0ee5ff897
Status: Image is up to date for pytorch/pytorch:latest
Get:1 http://archive.ubuntu.com/ubuntu jammy InRelease [270 kB]
Get:2 http://archive.ubuntu.com/ubuntu jammy-updates InRelease [128 kB]
Get:3 http://archive.ubuntu.com/ubuntu jammy-backports InRelease [127 kB]
Get:4 http://security.ubuntu.com/ubuntu jammy-security InRelease [129 kB]
Get:5 http://archive.ubuntu.com/ubuntu jammy/main amd64 Packages [1792 kB]
Get:6 http://archive.ubuntu.com/ubuntu jammy/restricted amd64 Packages [164 kB]
Get:7 http://archive.ubuntu.com/ubuntu jammy/universe amd64 Packages [17.5 MB]
Get:8 http://security.ubuntu.com/ubuntu jammy-security/main amd64 Packages [2561 kB]
Get:9 http://security.ubuntu.com/ubuntu jammy-security/universe amd64 Packages [1228 kB]
Get:10 http://security.ubuntu.com/ubuntu jammy-security/multiverse amd64 Packages [45.2 kB]
Get:11 http://security.ubuntu.com/ubuntu jammy-security/restricted amd64 Packages [3527 kB]
Get:12 http://archive.ubuntu.com/ubuntu jammy/multiverse amd64 Packages [266 kB]
Get:13 http://archive.ubuntu.com/ubuntu jammy-updates/main amd64 Packages [2861 kB]
Get:14 http://archive.ubuntu.com/ubuntu jammy-updates/restricted amd64 Packages [3663 kB]
Get:15 http://archive.ubuntu.com/ubuntu jammy-updates/multiverse amd64 Packages [53.3 kB]
Get:16 http://archive.ubuntu.com/ubuntu jammy-updates/universe amd64 Packages [1519 kB]
Get:17 http://archive.ubuntu.com/ubuntu jammy-backports/universe amd64 Packages [35.2 kB]
Get:18 http://archive.ubuntu.com/ubuntu jammy-backports/main amd64 Packages [81.4 kB]
Fetched 35.9 MB in 2s (15.2 MB/s)
Reading package lists...
Reading package lists...
Building dependency tree...
Reading state information...
The following NEW packages will be installed:
  sudo
0 upgraded, 1 newly installed, 0 to remove and 33 not upgraded.
Need to get 821 kB of archives.
After this operation, 2568 kB of additional disk space will be used.
Get:1 http://archive.ubuntu.com/ubuntu jammy-updates/main amd64 sudo amd64 1.9.9-1ubuntu2.4 [821 kB]
debconf: delaying package configuration, since apt-utils is not installed
Fetched 821 kB in 1s (1203 kB/s)
Selecting previously unselected package sudo.
(Reading database ... (Reading database ... 5%(Reading database ... 10%(Reading database ... 15%(Reading database ... 20%(Reading database ... 25%(Reading database ... 30%(Reading database ... 35%(Reading database ... 40%(Reading database ... 45%(Reading database ... 50%(Reading database ... 55%(Reading database ... 60%(Reading database ... 65%(Reading database ... 70%(Reading database ... 75%(Reading database ... 80%(Reading database ... 85%(Reading database ... 90%(Reading database ... 95%(Reading database ... 100%(Reading database ... 6643 files and directories currently installed.)
Preparing to unpack .../sudo_1.9.9-1ubuntu2.4_amd64.deb ...
Unpacking sudo (1.9.9-1ubuntu2.4) ...
Setting up sudo (1.9.9-1ubuntu2.4) ...
Processing triggers for libc-bin (2.35-0ubuntu3.6) ...
Collecting jupyterlab (from -r requirements.txt (line 1))
  Downloading jupyterlab-4.3.4-py3-none-any.whl.metadata (16 kB)
Requirement already satisfied: numpy>=1.23.5 in /opt/conda/lib/python3.10/site-packages (from -r requirements.txt (line 2)) (1.26.3)
Collecting matplotlib>=3.5.1 (from -r requirements.txt (line 3))
  Downloading matplotlib-3.10.0-cp310-cp310-manylinux_2_17_x86_64.manylinux2014_x86_64.whl.metadata (11 kB)
Collecting scipy>=1.9.3 (from -r requirements.txt (line 4))
  Downloading scipy-1.15.1-cp310-cp310-manylinux_2_17_x86_64.manylinux2014_x86_64.whl.metadata (61 kB)
     ━━━━━━━━━━━━━━━━━━━━━━━━━━━━━━━━━━━━━━━━ 62.0/62.0 kB 4.4 MB/s eta 0:00:00
Collecting scikit-image>=0.20 (from scikit-image[data]>=0.20->-r requirements.txt (line 5))
  Downloading scikit_image-0.25.0-cp310-cp310-manylinux_2_17_x86_64.manylinux2014_x86_64.whl.metadata (14 kB)
Requirement already satisfied: Pillow>=2.1.0 in /opt/conda/lib/python3.10/site-packages (from -r requirements.txt (line 6)) (10.2.0)
Requirement already satisfied: torch>=2.0.1 in /opt/conda/lib/python3.10/site-packages (from -r requirements.txt (line 7)) (2.2.1)
Requirement already satisfied: torchvision in /opt/conda/lib/python3.10/site-packages (from -r requirements.txt (line 8)) (0.17.1)
Collecting torchmetrics (from -r requirements.txt (line 9))
  Downloading torchmetrics-1.6.1-py3-none-any.whl.metadata (21 kB)
Collecting tensorboard (from -r requirements.txt (line 10))
  Downloading tensorboard-2.18.0-py3-none-any.whl.metadata (1.6 kB)
Collecting torchsummary (from -r requirements.txt (line 11))
  Downloading torchsummary-1.5.1-py3-none-any.whl.metadata (296 bytes)
Collecting einops>=0.3.0 (from -r requirements.txt (line 12))
  Downloading einops-0.8.0-py3-none-any.whl.metadata (12 kB)
Collecting timm (from -r requirements.txt (line 13))
  Downloading timm-1.0.14-py3-none-any.whl.metadata (50 kB)
     ━━━━━━━━━━━━━━━━━━━━━━━━━━━━━━━━━━━━━━━━ 50.8/50.8 kB 6.5 MB/s eta 0:00:00
Collecting scikit-learn>=0.18 (from -r requirements.txt (line 14))
  Downloading scikit_learn-1.6.1-cp310-cp310-manylinux_2_17_x86_64.manylinux2014_x86_64.whl.metadata (18 kB)
Collecting pandas>=1.3.5 (from -r requirements.txt (line 15))
  Downloading pandas-2.2.3-cp310-cp310-manylinux_2_17_x86_64.manylinux2014_x86_64.whl.metadata (89 kB)
     ━━━━━━━━━━━━━━━━━━━━━━━━━━━━━━━━━━━━━━━━ 89.9/89.9 kB 10.7 MB/s eta 0:00:00
Requirement already satisfied: tqdm>=4.62.3 in /opt/conda/lib/python3.10/site-packages (from -r requirements.txt (line 16)) (4.65.0)
Collecting transformers>=4.36.2 (from -r requirements.txt (line 17))
  Downloading transformers-4.48.1-py3-none-any.whl.metadata (44 kB)
     ━━━━━━━━━━━━━━━━━━━━━━━━━━━━━━━━━━━━━━━━ 44.4/44.4 kB 5.5 MB/s eta 0:00:00
Collecting accelerate>=0.26.0 (from -r requirements.txt (line 18))
  Downloading accelerate-1.3.0-py3-none-any.whl.metadata (19 kB)
Collecting medmnist (from -r requirements.txt (line 19))
  Downloading medmnist-3.0.2-py3-none-any.whl.metadata (14 kB)
Collecting monai (from -r requirements.txt (line 20))
  Downloading monai-1.4.0-py3-none-any.whl.metadata (11 kB)
Collecting fire (from -r requirements.txt (line 21))
  Downloading fire-0.7.0.tar.gz (87 kB)
     ━━━━━━━━━━━━━━━━━━━━━━━━━━━━━━━━━━━━━━━━ 87.2/87.2 kB 12.2 MB/s eta 0:00:00
  Preparing metadata (setup.py): started
  Preparing metadata (setup.py): finished with status 'done'
Collecting acsconv (from -r requirements.txt (line 24))
  Downloading ACSConv-0.1.1.tar.gz (15 kB)
  Preparing metadata (setup.py): started
  Preparing metadata (setup.py): finished with status 'done'
Collecting kaggle (from -r requirements.txt (line 25))
  Downloading kaggle-1.6.17.tar.gz (82 kB)
     ━━━━━━━━━━━━━━━━━━━━━━━━━━━━━━━━━━━━━━━━ 82.7/82.7 kB 5.6 MB/s eta 0:00:00
  Preparing metadata (setup.py): started
  Preparing metadata (setup.py): finished with status 'done'
Collecting evaluate (from -r requirements.txt (line 26))
  Downloading evaluate-0.4.3-py3-none-any.whl.metadata (9.2 kB)
Collecting async-lru>=1.0.0 (from jupyterlab->-r requirements.txt (line 1))
  Downloading async_lru-2.0.4-py3-none-any.whl.metadata (4.5 kB)
Collecting httpx>=0.25.0 (from jupyterlab->-r requirements.txt (line 1))
  Downloading httpx-0.28.1-py3-none-any.whl.metadata (7.1 kB)
Collecting ipykernel>=6.5.0 (from jupyterlab->-r requirements.txt (line 1))
  Downloading ipykernel-6.29.5-py3-none-any.whl.metadata (6.3 kB)
Requirement already satisfied: jinja2>=3.0.3 in /opt/conda/lib/python3.10/site-packages (from jupyterlab->-r requirements.txt (line 1)) (3.1.3)
Collecting jupyter-core (from jupyterlab->-r requirements.txt (line 1))
  Downloading jupyter_core-5.7.2-py3-none-any.whl.metadata (3.4 kB)
Collecting jupyter-lsp>=2.0.0 (from jupyterlab->-r requirements.txt (line 1))
  Downloading jupyter_lsp-2.2.5-py3-none-any.whl.metadata (1.8 kB)
Collecting jupyter-server<3,>=2.4.0 (from jupyterlab->-r requirements.txt (line 1))
  Downloading jupyter_server-2.15.0-py3-none-any.whl.metadata (8.4 kB)
Collecting jupyterlab-server<3,>=2.27.1 (from jupyterlab->-r requirements.txt (line 1))
  Downloading jupyterlab_server-2.27.3-py3-none-any.whl.metadata (5.9 kB)
Collecting notebook-shim>=0.2 (from jupyterlab->-r requirements.txt (line 1))
  Downloading notebook_shim-0.2.4-py3-none-any.whl.metadata (4.0 kB)
Requirement already satisfied: packaging in /opt/conda/lib/python3.10/site-packages (from jupyterlab->-r requirements.txt (line 1)) (23.1)
Requirement already satisfied: setuptools>=40.8.0 in /opt/conda/lib/python3.10/site-packages (from jupyterlab->-r requirements.txt (line 1)) (68.2.2)
Requirement already satisfied: tomli>=1.2.2 in /opt/conda/lib/python3.10/site-packages (from jupyterlab->-r requirements.txt (line 1)) (2.0.1)
Collecting tornado>=6.2.0 (from jupyterlab->-r requirements.txt (line 1))
  Downloading tornado-6.4.2-cp38-abi3-manylinux_2_5_x86_64.manylinux1_x86_64.manylinux_2_17_x86_64.manylinux2014_x86_64.whl.metadata (2.5 kB)
Requirement already satisfied: traitlets in /opt/conda/lib/python3.10/site-packages (from jupyterlab->-r requirements.txt (line 1)) (5.7.1)
Collecting contourpy>=1.0.1 (from matplotlib>=3.5.1->-r requirements.txt (line 3))
  Downloading contourpy-1.3.1-cp310-cp310-manylinux_2_17_x86_64.manylinux2014_x86_64.whl.metadata (5.4 kB)
Collecting cycler>=0.10 (from matplotlib>=3.5.1->-r requirements.txt (line 3))
  Downloading cycler-0.12.1-py3-none-any.whl.metadata (3.8 kB)
Collecting fonttools>=4.22.0 (from matplotlib>=3.5.1->-r requirements.txt (line 3))
  Downloading fonttools-4.55.5-cp310-cp310-manylinux_2_17_x86_64.manylinux2014_x86_64.whl.metadata (165 kB)
     ━━━━━━━━━━━━━━━━━━━━━━━━━━━━━━━━━━━━━━ 165.9/165.9 kB 19.7 MB/s eta 0:00:00
Collecting kiwisolver>=1.3.1 (from matplotlib>=3.5.1->-r requirements.txt (line 3))
  Downloading kiwisolver-1.4.8-cp310-cp310-manylinux_2_12_x86_64.manylinux2010_x86_64.whl.metadata (6.2 kB)
Collecting pyparsing>=2.3.1 (from matplotlib>=3.5.1->-r requirements.txt (line 3))
  Downloading pyparsing-3.2.1-py3-none-any.whl.metadata (5.0 kB)
Collecting python-dateutil>=2.7 (from matplotlib>=3.5.1->-r requirements.txt (line 3))
  Downloading python_dateutil-2.9.0.post0-py2.py3-none-any.whl.metadata (8.4 kB)
Requirement already satisfied: networkx>=3.0 in /opt/conda/lib/python3.10/site-packages (from scikit-image>=0.20->scikit-image[data]>=0.20->-r requirements.txt (line 5)) (3.1)
Collecting imageio!=2.35.0,>=2.33 (from scikit-image>=0.20->scikit-image[data]>=0.20->-r requirements.txt (line 5))
  Downloading imageio-2.37.0-py3-none-any.whl.metadata (5.2 kB)
Collecting tifffile>=2022.8.12 (from scikit-image>=0.20->scikit-image[data]>=0.20->-r requirements.txt (line 5))
  Downloading tifffile-2025.1.10-py3-none-any.whl.metadata (31 kB)
Collecting lazy-loader>=0.4 (from scikit-image>=0.20->scikit-image[data]>=0.20->-r requirements.txt (line 5))
  Downloading lazy_loader-0.4-py3-none-any.whl.metadata (7.6 kB)
Requirement already satisfied: filelock in /opt/conda/lib/python3.10/site-packages (from torch>=2.0.1->-r requirements.txt (line 7)) (3.13.1)
Requirement already satisfied: typing-extensions>=4.8.0 in /opt/conda/lib/python3.10/site-packages (from torch>=2.0.1->-r requirements.txt (line 7)) (4.9.0)
Requirement already satisfied: sympy in /opt/conda/lib/python3.10/site-packages (from torch>=2.0.1->-r requirements.txt (line 7)) (1.12)
Requirement already satisfied: fsspec in /opt/conda/lib/python3.10/site-packages (from torch>=2.0.1->-r requirements.txt (line 7)) (2024.2.0)
Collecting lightning-utilities>=0.8.0 (from torchmetrics->-r requirements.txt (line 9))
  Downloading lightning_utilities-0.11.9-py3-none-any.whl.metadata (5.2 kB)
Collecting absl-py>=0.4 (from tensorboard->-r requirements.txt (line 10))
  Downloading absl_py-2.1.0-py3-none-any.whl.metadata (2.3 kB)
Collecting grpcio>=1.48.2 (from tensorboard->-r requirements.txt (line 10))
  Downloading grpcio-1.69.0-cp310-cp310-manylinux_2_17_x86_64.manylinux2014_x86_64.whl.metadata (3.9 kB)
Collecting markdown>=2.6.8 (from tensorboard->-r requirements.txt (line 10))
  Downloading Markdown-3.7-py3-none-any.whl.metadata (7.0 kB)
Collecting protobuf!=4.24.0,>=3.19.6 (from tensorboard->-r requirements.txt (line 10))
  Downloading protobuf-5.29.3-cp38-abi3-manylinux2014_x86_64.whl.metadata (592 bytes)
Requirement already satisfied: six>1.9 in /opt/conda/lib/python3.10/site-packages (from tensorboard->-r requirements.txt (line 10)) (1.16.0)
Collecting tensorboard-data-server<0.8.0,>=0.7.0 (from tensorboard->-r requirements.txt (line 10))
  Downloading tensorboard_data_server-0.7.2-py3-none-manylinux_2_31_x86_64.whl.metadata (1.1 kB)
Collecting werkzeug>=1.0.1 (from tensorboard->-r requirements.txt (line 10))
  Downloading werkzeug-3.1.3-py3-none-any.whl.metadata (3.7 kB)
Requirement already satisfied: pyyaml in /opt/conda/lib/python3.10/site-packages (from timm->-r requirements.txt (line 13)) (6.0.1)
Collecting huggingface_hub (from timm->-r requirements.txt (line 13))
  Downloading huggingface_hub-0.27.1-py3-none-any.whl.metadata (13 kB)
Collecting safetensors (from timm->-r requirements.txt (line 13))
  Downloading safetensors-0.5.2-cp38-abi3-manylinux_2_17_x86_64.manylinux2014_x86_64.whl.metadata (3.8 kB)
Collecting joblib>=1.2.0 (from scikit-learn>=0.18->-r requirements.txt (line 14))
  Downloading joblib-1.4.2-py3-none-any.whl.metadata (5.4 kB)
Collecting threadpoolctl>=3.1.0 (from scikit-learn>=0.18->-r requirements.txt (line 14))
  Downloading threadpoolctl-3.5.0-py3-none-any.whl.metadata (13 kB)
Requirement already satisfied: pytz>=2020.1 in /opt/conda/lib/python3.10/site-packages (from pandas>=1.3.5->-r requirements.txt (line 15)) (2023.3.post1)
Collecting tzdata>=2022.7 (from pandas>=1.3.5->-r requirements.txt (line 15))
  Downloading tzdata-2025.1-py2.py3-none-any.whl.metadata (1.4 kB)
Collecting regex!=2019.12.17 (from transformers>=4.36.2->-r requirements.txt (line 17))
  Downloading regex-2024.11.6-cp310-cp310-manylinux_2_17_x86_64.manylinux2014_x86_64.whl.metadata (40 kB)
     ━━━━━━━━━━━━━━━━━━━━━━━━━━━━━━━━━━━━━━━━ 40.5/40.5 kB 4.5 MB/s eta 0:00:00
Requirement already satisfied: requests in /opt/conda/lib/python3.10/site-packages (from transformers>=4.36.2->-r requirements.txt (line 17)) (2.31.0)
Collecting tokenizers<0.22,>=0.21 (from transformers>=4.36.2->-r requirements.txt (line 17))
  Downloading tokenizers-0.21.0-cp39-abi3-manylinux_2_17_x86_64.manylinux2014_x86_64.whl.metadata (6.7 kB)
Requirement already satisfied: psutil in /opt/conda/lib/python3.10/site-packages (from accelerate>=0.26.0->-r requirements.txt (line 18)) (5.9.0)
Collecting termcolor (from fire->-r requirements.txt (line 21))
  Downloading termcolor-2.5.0-py3-none-any.whl.metadata (6.1 kB)
Collecting tensorboardx (from acsconv->-r requirements.txt (line 24))
  Downloading tensorboardX-2.6.2.2-py2.py3-none-any.whl.metadata (5.8 kB)
Requirement already satisfied: certifi>=2023.7.22 in /opt/conda/lib/python3.10/site-packages (from kaggle->-r requirements.txt (line 25)) (2024.2.2)
Collecting python-slugify (from kaggle->-r requirements.txt (line 25))
  Downloading python_slugify-8.0.4-py2.py3-none-any.whl.metadata (8.5 kB)
Requirement already satisfied: urllib3 in /opt/conda/lib/python3.10/site-packages (from kaggle->-r requirements.txt (line 25)) (2.1.0)
Collecting bleach (from kaggle->-r requirements.txt (line 25))
  Downloading bleach-6.2.0-py3-none-any.whl.metadata (30 kB)
Collecting datasets>=2.0.0 (from evaluate->-r requirements.txt (line 26))
  Downloading datasets-3.2.0-py3-none-any.whl.metadata (20 kB)
Collecting dill (from evaluate->-r requirements.txt (line 26))
  Downloading dill-0.3.9-py3-none-any.whl.metadata (10 kB)
Collecting xxhash (from evaluate->-r requirements.txt (line 26))
  Downloading xxhash-3.5.0-cp310-cp310-manylinux_2_17_x86_64.manylinux2014_x86_64.whl.metadata (12 kB)
Collecting multiprocess (from evaluate->-r requirements.txt (line 26))
  Downloading multiprocess-0.70.17-py310-none-any.whl.metadata (7.2 kB)
Collecting pooch>=1.6.0 (from scikit-image[data]>=0.20->-r requirements.txt (line 5))
  Downloading pooch-1.8.2-py3-none-any.whl.metadata (10 kB)
Collecting pyarrow>=15.0.0 (from datasets>=2.0.0->evaluate->-r requirements.txt (line 26))
  Downloading pyarrow-19.0.0-cp310-cp310-manylinux_2_28_x86_64.whl.metadata (3.3 kB)
Collecting dill (from evaluate->-r requirements.txt (line 26))
  Downloading dill-0.3.8-py3-none-any.whl.metadata (10 kB)
Collecting requests (from transformers>=4.36.2->-r requirements.txt (line 17))
  Downloading requests-2.32.3-py3-none-any.whl.metadata (4.6 kB)
Collecting tqdm>=4.62.3 (from -r requirements.txt (line 16))
  Downloading tqdm-4.67.1-py3-none-any.whl.metadata (57 kB)
     ━━━━━━━━━━━━━━━━━━━━━━━━━━━━━━━━━━━━━━━━ 57.7/57.7 kB 7.5 MB/s eta 0:00:00
Collecting multiprocess (from evaluate->-r requirements.txt (line 26))
  Downloading multiprocess-0.70.16-py310-none-any.whl.metadata (7.2 kB)
Collecting aiohttp (from datasets>=2.0.0->evaluate->-r requirements.txt (line 26))
  Downloading aiohttp-3.11.11-cp310-cp310-manylinux_2_17_x86_64.manylinux2014_x86_64.whl.metadata (7.7 kB)
Collecting anyio (from httpx>=0.25.0->jupyterlab->-r requirements.txt (line 1))
  Downloading anyio-4.8.0-py3-none-any.whl.metadata (4.6 kB)
Collecting httpcore==1.* (from httpx>=0.25.0->jupyterlab->-r requirements.txt (line 1))
  Downloading httpcore-1.0.7-py3-none-any.whl.metadata (21 kB)
Requirement already satisfied: idna in /opt/conda/lib/python3.10/site-packages (from httpx>=0.25.0->jupyterlab->-r requirements.txt (line 1)) (3.4)
Collecting h11<0.15,>=0.13 (from httpcore==1.*->httpx>=0.25.0->jupyterlab->-r requirements.txt (line 1))
  Downloading h11-0.14.0-py3-none-any.whl.metadata (8.2 kB)
Collecting comm>=0.1.1 (from ipykernel>=6.5.0->jupyterlab->-r requirements.txt (line 1))
  Downloading comm-0.2.2-py3-none-any.whl.metadata (3.7 kB)
Collecting debugpy>=1.6.5 (from ipykernel>=6.5.0->jupyterlab->-r requirements.txt (line 1))
  Downloading debugpy-1.8.12-cp310-cp310-manylinux_2_5_x86_64.manylinux1_x86_64.manylinux_2_17_x86_64.manylinux2014_x86_64.whl.metadata (1.3 kB)
Requirement already satisfied: ipython>=7.23.1 in /opt/conda/lib/python3.10/site-packages (from ipykernel>=6.5.0->jupyterlab->-r requirements.txt (line 1)) (8.20.0)
Collecting jupyter-client>=6.1.12 (from ipykernel>=6.5.0->jupyterlab->-r requirements.txt (line 1))
  Downloading jupyter_client-8.6.3-py3-none-any.whl.metadata (8.3 kB)
Requirement already satisfied: matplotlib-inline>=0.1 in /opt/conda/lib/python3.10/site-packages (from ipykernel>=6.5.0->jupyterlab->-r requirements.txt (line 1)) (0.1.6)
Collecting nest-asyncio (from ipykernel>=6.5.0->jupyterlab->-r requirements.txt (line 1))
  Downloading nest_asyncio-1.6.0-py3-none-any.whl.metadata (2.8 kB)
Collecting pyzmq>=24 (from ipykernel>=6.5.0->jupyterlab->-r requirements.txt (line 1))
  Downloading pyzmq-26.2.0-cp310-cp310-manylinux_2_28_x86_64.whl.metadata (6.2 kB)
Requirement already satisfied: MarkupSafe>=2.0 in /opt/conda/lib/python3.10/site-packages (from jinja2>=3.0.3->jupyterlab->-r requirements.txt (line 1)) (2.1.3)
Requirement already satisfied: platformdirs>=2.5 in /opt/conda/lib/python3.10/site-packages (from jupyter-core->jupyterlab->-r requirements.txt (line 1)) (3.10.0)
Collecting argon2-cffi>=21.1 (from jupyter-server<3,>=2.4.0->jupyterlab->-r requirements.txt (line 1))
  Downloading argon2_cffi-23.1.0-py3-none-any.whl.metadata (5.2 kB)
Collecting jupyter-events>=0.11.0 (from jupyter-server<3,>=2.4.0->jupyterlab->-r requirements.txt (line 1))
  Downloading jupyter_events-0.11.0-py3-none-any.whl.metadata (5.8 kB)
Collecting jupyter-server-terminals>=0.4.4 (from jupyter-server<3,>=2.4.0->jupyterlab->-r requirements.txt (line 1))
  Downloading jupyter_server_terminals-0.5.3-py3-none-any.whl.metadata (5.6 kB)
Collecting nbconvert>=6.4.4 (from jupyter-server<3,>=2.4.0->jupyterlab->-r requirements.txt (line 1))
  Downloading nbconvert-7.16.5-py3-none-any.whl.metadata (8.5 kB)
Collecting nbformat>=5.3.0 (from jupyter-server<3,>=2.4.0->jupyterlab->-r requirements.txt (line 1))
  Downloading nbformat-5.10.4-py3-none-any.whl.metadata (3.6 kB)
Collecting overrides>=5.0 (from jupyter-server<3,>=2.4.0->jupyterlab->-r requirements.txt (line 1))
  Downloading overrides-7.7.0-py3-none-any.whl.metadata (5.8 kB)
Collecting prometheus-client>=0.9 (from jupyter-server<3,>=2.4.0->jupyterlab->-r requirements.txt (line 1))
  Downloading prometheus_client-0.21.1-py3-none-any.whl.metadata (1.8 kB)
Collecting send2trash>=1.8.2 (from jupyter-server<3,>=2.4.0->jupyterlab->-r requirements.txt (line 1))
  Downloading Send2Trash-1.8.3-py3-none-any.whl.metadata (4.0 kB)
Collecting terminado>=0.8.3 (from jupyter-server<3,>=2.4.0->jupyterlab->-r requirements.txt (line 1))
  Downloading terminado-0.18.1-py3-none-any.whl.metadata (5.8 kB)
Collecting websocket-client>=1.7 (from jupyter-server<3,>=2.4.0->jupyterlab->-r requirements.txt (line 1))
  Downloading websocket_client-1.8.0-py3-none-any.whl.metadata (8.0 kB)
Collecting babel>=2.10 (from jupyterlab-server<3,>=2.27.1->jupyterlab->-r requirements.txt (line 1))
  Downloading babel-2.16.0-py3-none-any.whl.metadata (1.5 kB)
Collecting json5>=0.9.0 (from jupyterlab-server<3,>=2.27.1->jupyterlab->-r requirements.txt (line 1))
  Downloading json5-0.10.0-py3-none-any.whl.metadata (34 kB)
Requirement already satisfied: jsonschema>=4.18.0 in /opt/conda/lib/python3.10/site-packages (from jupyterlab-server<3,>=2.27.1->jupyterlab->-r requirements.txt (line 1)) (4.19.2)
Requirement already satisfied: charset-normalizer<4,>=2 in /opt/conda/lib/python3.10/site-packages (from requests->transformers>=4.36.2->-r requirements.txt (line 17)) (2.0.4)
Collecting webencodings (from bleach->kaggle->-r requirements.txt (line 25))
  Downloading webencodings-0.5.1-py2.py3-none-any.whl.metadata (2.1 kB)
Collecting text-unidecode>=1.3 (from python-slugify->kaggle->-r requirements.txt (line 25))
  Downloading text_unidecode-1.3-py2.py3-none-any.whl.metadata (2.4 kB)
Requirement already satisfied: mpmath>=0.19 in /opt/conda/lib/python3.10/site-packages (from sympy->torch>=2.0.1->-r requirements.txt (line 7)) (1.3.0)
Collecting aiohappyeyeballs>=2.3.0 (from aiohttp->datasets>=2.0.0->evaluate->-r requirements.txt (line 26))
  Downloading aiohappyeyeballs-2.4.4-py3-none-any.whl.metadata (6.1 kB)
Collecting aiosignal>=1.1.2 (from aiohttp->datasets>=2.0.0->evaluate->-r requirements.txt (line 26))
  Downloading aiosignal-1.3.2-py2.py3-none-any.whl.metadata (3.8 kB)
Collecting async-timeout<6.0,>=4.0 (from aiohttp->datasets>=2.0.0->evaluate->-r requirements.txt (line 26))
  Downloading async_timeout-5.0.1-py3-none-any.whl.metadata (5.1 kB)
Requirement already satisfied: attrs>=17.3.0 in /opt/conda/lib/python3.10/site-packages (from aiohttp->datasets>=2.0.0->evaluate->-r requirements.txt (line 26)) (23.1.0)
Collecting frozenlist>=1.1.1 (from aiohttp->datasets>=2.0.0->evaluate->-r requirements.txt (line 26))
  Downloading frozenlist-1.5.0-cp310-cp310-manylinux_2_5_x86_64.manylinux1_x86_64.manylinux_2_17_x86_64.manylinux2014_x86_64.whl.metadata (13 kB)
Collecting multidict<7.0,>=4.5 (from aiohttp->datasets>=2.0.0->evaluate->-r requirements.txt (line 26))
  Downloading multidict-6.1.0-cp310-cp310-manylinux_2_17_x86_64.manylinux2014_x86_64.whl.metadata (5.0 kB)
Collecting propcache>=0.2.0 (from aiohttp->datasets>=2.0.0->evaluate->-r requirements.txt (line 26))
  Downloading propcache-0.2.1-cp310-cp310-manylinux_2_17_x86_64.manylinux2014_x86_64.whl.metadata (9.2 kB)
Collecting yarl<2.0,>=1.17.0 (from aiohttp->datasets>=2.0.0->evaluate->-r requirements.txt (line 26))
  Downloading yarl-1.18.3-cp310-cp310-manylinux_2_17_x86_64.manylinux2014_x86_64.whl.metadata (69 kB)
     ━━━━━━━━━━━━━━━━━━━━━━━━━━━━━━━━━━━━━━━━ 69.2/69.2 kB 8.5 MB/s eta 0:00:00
Requirement already satisfied: exceptiongroup>=1.0.2 in /opt/conda/lib/python3.10/site-packages (from anyio->httpx>=0.25.0->jupyterlab->-r requirements.txt (line 1)) (1.2.0)
Collecting sniffio>=1.1 (from anyio->httpx>=0.25.0->jupyterlab->-r requirements.txt (line 1))
  Downloading sniffio-1.3.1-py3-none-any.whl.metadata (3.9 kB)
Collecting argon2-cffi-bindings (from argon2-cffi>=21.1->jupyter-server<3,>=2.4.0->jupyterlab->-r requirements.txt (line 1))
  Downloading argon2_cffi_bindings-21.2.0-cp36-abi3-manylinux_2_17_x86_64.manylinux2014_x86_64.whl.metadata (6.7 kB)
Requirement already satisfied: decorator in /opt/conda/lib/python3.10/site-packages (from ipython>=7.23.1->ipykernel>=6.5.0->jupyterlab->-r requirements.txt (line 1)) (5.1.1)
Requirement already satisfied: jedi>=0.16 in /opt/conda/lib/python3.10/site-packages (from ipython>=7.23.1->ipykernel>=6.5.0->jupyterlab->-r requirements.txt (line 1)) (0.18.1)
Requirement already satisfied: prompt-toolkit<3.1.0,>=3.0.41 in /opt/conda/lib/python3.10/site-packages (from ipython>=7.23.1->ipykernel>=6.5.0->jupyterlab->-r requirements.txt (line 1)) (3.0.43)
Requirement already satisfied: pygments>=2.4.0 in /opt/conda/lib/python3.10/site-packages (from ipython>=7.23.1->ipykernel>=6.5.0->jupyterlab->-r requirements.txt (line 1)) (2.15.1)
Requirement already satisfied: stack-data in /opt/conda/lib/python3.10/site-packages (from ipython>=7.23.1->ipykernel>=6.5.0->jupyterlab->-r requirements.txt (line 1)) (0.2.0)
Requirement already satisfied: pexpect>4.3 in /opt/conda/lib/python3.10/site-packages (from ipython>=7.23.1->ipykernel>=6.5.0->jupyterlab->-r requirements.txt (line 1)) (4.8.0)
Requirement already satisfied: jsonschema-specifications>=2023.03.6 in /opt/conda/lib/python3.10/site-packages (from jsonschema>=4.18.0->jupyterlab-server<3,>=2.27.1->jupyterlab->-r requirements.txt (line 1)) (2023.7.1)
Requirement already satisfied: referencing>=0.28.4 in /opt/conda/lib/python3.10/site-packages (from jsonschema>=4.18.0->jupyterlab-server<3,>=2.27.1->jupyterlab->-r requirements.txt (line 1)) (0.30.2)
Requirement already satisfied: rpds-py>=0.7.1 in /opt/conda/lib/python3.10/site-packages (from jsonschema>=4.18.0->jupyterlab-server<3,>=2.27.1->jupyterlab->-r requirements.txt (line 1)) (0.10.6)
Collecting python-json-logger>=2.0.4 (from jupyter-events>=0.11.0->jupyter-server<3,>=2.4.0->jupyterlab->-r requirements.txt (line 1))
  Downloading python_json_logger-3.2.1-py3-none-any.whl.metadata (4.1 kB)
Collecting rfc3339-validator (from jupyter-events>=0.11.0->jupyter-server<3,>=2.4.0->jupyterlab->-r requirements.txt (line 1))
  Downloading rfc3339_validator-0.1.4-py2.py3-none-any.whl.metadata (1.5 kB)
Collecting rfc3986-validator>=0.1.1 (from jupyter-events>=0.11.0->jupyter-server<3,>=2.4.0->jupyterlab->-r requirements.txt (line 1))
  Downloading rfc3986_validator-0.1.1-py2.py3-none-any.whl.metadata (1.7 kB)
Requirement already satisfied: beautifulsoup4 in /opt/conda/lib/python3.10/site-packages (from nbconvert>=6.4.4->jupyter-server<3,>=2.4.0->jupyterlab->-r requirements.txt (line 1)) (4.12.2)
Collecting defusedxml (from nbconvert>=6.4.4->jupyter-server<3,>=2.4.0->jupyterlab->-r requirements.txt (line 1))
  Downloading defusedxml-0.7.1-py2.py3-none-any.whl.metadata (32 kB)
Collecting jupyterlab-pygments (from nbconvert>=6.4.4->jupyter-server<3,>=2.4.0->jupyterlab->-r requirements.txt (line 1))
  Downloading jupyterlab_pygments-0.3.0-py3-none-any.whl.metadata (4.4 kB)
Collecting mistune<4,>=2.0.3 (from nbconvert>=6.4.4->jupyter-server<3,>=2.4.0->jupyterlab->-r requirements.txt (line 1))
  Downloading mistune-3.1.0-py3-none-any.whl.metadata (1.7 kB)
Collecting nbclient>=0.5.0 (from nbconvert>=6.4.4->jupyter-server<3,>=2.4.0->jupyterlab->-r requirements.txt (line 1))
  Downloading nbclient-0.10.2-py3-none-any.whl.metadata (8.3 kB)
Collecting pandocfilters>=1.4.1 (from nbconvert>=6.4.4->jupyter-server<3,>=2.4.0->jupyterlab->-r requirements.txt (line 1))
  Downloading pandocfilters-1.5.1-py2.py3-none-any.whl.metadata (9.0 kB)
Collecting fastjsonschema>=2.15 (from nbformat>=5.3.0->jupyter-server<3,>=2.4.0->jupyterlab->-r requirements.txt (line 1))
  Downloading fastjsonschema-2.21.1-py3-none-any.whl.metadata (2.2 kB)
Requirement already satisfied: ptyprocess in /opt/conda/lib/python3.10/site-packages (from terminado>=0.8.3->jupyter-server<3,>=2.4.0->jupyterlab->-r requirements.txt (line 1)) (0.7.0)
Collecting tinycss2<1.5,>=1.1.0 (from bleach[css]!=5.0.0->nbconvert>=6.4.4->jupyter-server<3,>=2.4.0->jupyterlab->-r requirements.txt (line 1))
  Downloading tinycss2-1.4.0-py3-none-any.whl.metadata (3.0 kB)
Requirement already satisfied: parso<0.9.0,>=0.8.0 in /opt/conda/lib/python3.10/site-packages (from jedi>=0.16->ipython>=7.23.1->ipykernel>=6.5.0->jupyterlab->-r requirements.txt (line 1)) (0.8.3)
Collecting fqdn (from jsonschema[format-nongpl]>=4.18.0->jupyter-events>=0.11.0->jupyter-server<3,>=2.4.0->jupyterlab->-r requirements.txt (line 1))
  Downloading fqdn-1.5.1-py3-none-any.whl.metadata (1.4 kB)
Collecting isoduration (from jsonschema[format-nongpl]>=4.18.0->jupyter-events>=0.11.0->jupyter-server<3,>=2.4.0->jupyterlab->-r requirements.txt (line 1))
  Downloading isoduration-20.11.0-py3-none-any.whl.metadata (5.7 kB)
Requirement already satisfied: jsonpointer>1.13 in /opt/conda/lib/python3.10/site-packages (from jsonschema[format-nongpl]>=4.18.0->jupyter-events>=0.11.0->jupyter-server<3,>=2.4.0->jupyterlab->-r requirements.txt (line 1)) (2.1)
Collecting uri-template (from jsonschema[format-nongpl]>=4.18.0->jupyter-events>=0.11.0->jupyter-server<3,>=2.4.0->jupyterlab->-r requirements.txt (line 1))
  Downloading uri_template-1.3.0-py3-none-any.whl.metadata (8.8 kB)
Collecting webcolors>=1.11 (from jsonschema[format-nongpl]>=4.18.0->jupyter-events>=0.11.0->jupyter-server<3,>=2.4.0->jupyterlab->-r requirements.txt (line 1))
  Downloading webcolors-24.11.1-py3-none-any.whl.metadata (2.2 kB)
Requirement already satisfied: wcwidth in /opt/conda/lib/python3.10/site-packages (from prompt-toolkit<3.1.0,>=3.0.41->ipython>=7.23.1->ipykernel>=6.5.0->jupyterlab->-r requirements.txt (line 1)) (0.2.5)
Requirement already satisfied: cffi>=1.0.1 in /opt/conda/lib/python3.10/site-packages (from argon2-cffi-bindings->argon2-cffi>=21.1->jupyter-server<3,>=2.4.0->jupyterlab->-r requirements.txt (line 1)) (1.16.0)
Requirement already satisfied: soupsieve>1.2 in /opt/conda/lib/python3.10/site-packages (from beautifulsoup4->nbconvert>=6.4.4->jupyter-server<3,>=2.4.0->jupyterlab->-r requirements.txt (line 1)) (2.5)
Requirement already satisfied: executing in /opt/conda/lib/python3.10/site-packages (from stack-data->ipython>=7.23.1->ipykernel>=6.5.0->jupyterlab->-r requirements.txt (line 1)) (0.8.3)
Requirement already satisfied: asttokens in /opt/conda/lib/python3.10/site-packages (from stack-data->ipython>=7.23.1->ipykernel>=6.5.0->jupyterlab->-r requirements.txt (line 1)) (2.0.5)
Requirement already satisfied: pure-eval in /opt/conda/lib/python3.10/site-packages (from stack-data->ipython>=7.23.1->ipykernel>=6.5.0->jupyterlab->-r requirements.txt (line 1)) (0.2.2)
Requirement already satisfied: pycparser in /opt/conda/lib/python3.10/site-packages (from cffi>=1.0.1->argon2-cffi-bindings->argon2-cffi>=21.1->jupyter-server<3,>=2.4.0->jupyterlab->-r requirements.txt (line 1)) (2.21)
Collecting arrow>=0.15.0 (from isoduration->jsonschema[format-nongpl]>=4.18.0->jupyter-events>=0.11.0->jupyter-server<3,>=2.4.0->jupyterlab->-r requirements.txt (line 1))
  Downloading arrow-1.3.0-py3-none-any.whl.metadata (7.5 kB)
Collecting types-python-dateutil>=2.8.10 (from arrow>=0.15.0->isoduration->jsonschema[format-nongpl]>=4.18.0->jupyter-events>=0.11.0->jupyter-server<3,>=2.4.0->jupyterlab->-r requirements.txt (line 1))
  Downloading types_python_dateutil-2.9.0.20241206-py3-none-any.whl.metadata (2.1 kB)
Downloading jupyterlab-4.3.4-py3-none-any.whl (11.7 MB)
   ━━━━━━━━━━━━━━━━━━━━━━━━━━━━━━━━━━━━━━━━ 11.7/11.7 MB 94.4 MB/s eta 0:00:00
Downloading matplotlib-3.10.0-cp310-cp310-manylinux_2_17_x86_64.manylinux2014_x86_64.whl (8.6 MB)
   ━━━━━━━━━━━━━━━━━━━━━━━━━━━━━━━━━━━━━━━━ 8.6/8.6 MB 79.0 MB/s eta 0:00:00
Downloading scipy-1.15.1-cp310-cp310-manylinux_2_17_x86_64.manylinux2014_x86_64.whl (40.6 MB)
   ━━━━━━━━━━━━━━━━━━━━━━━━━━━━━━━━━━━━━━━━ 40.6/40.6 MB 77.7 MB/s eta 0:00:00
Downloading scikit_image-0.25.0-cp310-cp310-manylinux_2_17_x86_64.manylinux2014_x86_64.whl (14.8 MB)
   ━━━━━━━━━━━━━━━━━━━━━━━━━━━━━━━━━━━━━━━━ 14.8/14.8 MB 94.5 MB/s eta 0:00:00
Downloading torchmetrics-1.6.1-py3-none-any.whl (927 kB)
   ━━━━━━━━━━━━━━━━━━━━━━━━━━━━━━━━━━━━━━━━ 927.3/927.3 kB 65.4 MB/s eta 0:00:00
Downloading tensorboard-2.18.0-py3-none-any.whl (5.5 MB)
   ━━━━━━━━━━━━━━━━━━━━━━━━━━━━━━━━━━━━━━━━ 5.5/5.5 MB 95.2 MB/s eta 0:00:00
Downloading torchsummary-1.5.1-py3-none-any.whl (2.8 kB)
Downloading einops-0.8.0-py3-none-any.whl (43 kB)
   ━━━━━━━━━━━━━━━━━━━━━━━━━━━━━━━━━━━━━━━━ 43.2/43.2 kB 5.2 MB/s eta 0:00:00
Downloading timm-1.0.14-py3-none-any.whl (2.4 MB)
   ━━━━━━━━━━━━━━━━━━━━━━━━━━━━━━━━━━━━━━━━ 2.4/2.4 MB 84.1 MB/s eta 0:00:00
Downloading scikit_learn-1.6.1-cp310-cp310-manylinux_2_17_x86_64.manylinux2014_x86_64.whl (13.5 MB)
   ━━━━━━━━━━━━━━━━━━━━━━━━━━━━━━━━━━━━━━━━ 13.5/13.5 MB 96.2 MB/s eta 0:00:00
Downloading pandas-2.2.3-cp310-cp310-manylinux_2_17_x86_64.manylinux2014_x86_64.whl (13.1 MB)
   ━━━━━━━━━━━━━━━━━━━━━━━━━━━━━━━━━━━━━━━━ 13.1/13.1 MB 94.0 MB/s eta 0:00:00
Downloading transformers-4.48.1-py3-none-any.whl (9.7 MB)
   ━━━━━━━━━━━━━━━━━━━━━━━━━━━━━━━━━━━━━━━━ 9.7/9.7 MB 99.6 MB/s eta 0:00:00
Downloading accelerate-1.3.0-py3-none-any.whl (336 kB)
   ━━━━━━━━━━━━━━━━━━━━━━━━━━━━━━━━━━━━━━━━ 336.6/336.6 kB 36.7 MB/s eta 0:00:00
Downloading medmnist-3.0.2-py3-none-any.whl (25 kB)
Downloading monai-1.4.0-py3-none-any.whl (1.5 MB)
   ━━━━━━━━━━━━━━━━━━━━━━━━━━━━━━━━━━━━━━━━ 1.5/1.5 MB 75.2 MB/s eta 0:00:00
Downloading evaluate-0.4.3-py3-none-any.whl (84 kB)
   ━━━━━━━━━━━━━━━━━━━━━━━━━━━━━━━━━━━━━━━━ 84.0/84.0 kB 11.4 MB/s eta 0:00:00
Downloading absl_py-2.1.0-py3-none-any.whl (133 kB)
   ━━━━━━━━━━━━━━━━━━━━━━━━━━━━━━━━━━━━━━━━ 133.7/133.7 kB 18.1 MB/s eta 0:00:00
Downloading async_lru-2.0.4-py3-none-any.whl (6.1 kB)
Downloading contourpy-1.3.1-cp310-cp310-manylinux_2_17_x86_64.manylinux2014_x86_64.whl (324 kB)
   ━━━━━━━━━━━━━━━━━━━━━━━━━━━━━━━━━━━━━━━━ 325.0/325.0 kB 36.1 MB/s eta 0:00:00
Downloading cycler-0.12.1-py3-none-any.whl (8.3 kB)
Downloading datasets-3.2.0-py3-none-any.whl (480 kB)
   ━━━━━━━━━━━━━━━━━━━━━━━━━━━━━━━━━━━━━━━━ 480.6/480.6 kB 42.3 MB/s eta 0:00:00
Downloading tqdm-4.67.1-py3-none-any.whl (78 kB)
   ━━━━━━━━━━━━━━━━━━━━━━━━━━━━━━━━━━━━━━━━ 78.5/78.5 kB 10.6 MB/s eta 0:00:00
Downloading dill-0.3.8-py3-none-any.whl (116 kB)
   ━━━━━━━━━━━━━━━━━━━━━━━━━━━━━━━━━━━━━━━━ 116.3/116.3 kB 16.6 MB/s eta 0:00:00
Downloading fonttools-4.55.5-cp310-cp310-manylinux_2_17_x86_64.manylinux2014_x86_64.whl (4.6 MB)
   ━━━━━━━━━━━━━━━━━━━━━━━━━━━━━━━━━━━━━━━━ 4.6/4.6 MB 92.6 MB/s eta 0:00:00
Downloading grpcio-1.69.0-cp310-cp310-manylinux_2_17_x86_64.manylinux2014_x86_64.whl (6.0 MB)
   ━━━━━━━━━━━━━━━━━━━━━━━━━━━━━━━━━━━━━━━━ 6.0/6.0 MB 97.8 MB/s eta 0:00:00
Downloading httpx-0.28.1-py3-none-any.whl (73 kB)
   ━━━━━━━━━━━━━━━━━━━━━━━━━━━━━━━━━━━━━━━━ 73.5/73.5 kB 9.7 MB/s eta 0:00:00
Downloading httpcore-1.0.7-py3-none-any.whl (78 kB)
   ━━━━━━━━━━━━━━━━━━━━━━━━━━━━━━━━━━━━━━━━ 78.6/78.6 kB 10.6 MB/s eta 0:00:00
Downloading huggingface_hub-0.27.1-py3-none-any.whl (450 kB)
   ━━━━━━━━━━━━━━━━━━━━━━━━━━━━━━━━━━━━━━━━ 450.7/450.7 kB 44.7 MB/s eta 0:00:00
Downloading imageio-2.37.0-py3-none-any.whl (315 kB)
   ━━━━━━━━━━━━━━━━━━━━━━━━━━━━━━━━━━━━━━━━ 315.8/315.8 kB 35.7 MB/s eta 0:00:00
Downloading ipykernel-6.29.5-py3-none-any.whl (117 kB)
   ━━━━━━━━━━━━━━━━━━━━━━━━━━━━━━━━━━━━━━━━ 117.2/117.2 kB 16.0 MB/s eta 0:00:00
Downloading joblib-1.4.2-py3-none-any.whl (301 kB)
   ━━━━━━━━━━━━━━━━━━━━━━━━━━━━━━━━━━━━━━━━ 301.8/301.8 kB 35.3 MB/s eta 0:00:00
Downloading jupyter_core-5.7.2-py3-none-any.whl (28 kB)
Downloading jupyter_lsp-2.2.5-py3-none-any.whl (69 kB)
   ━━━━━━━━━━━━━━━━━━━━━━━━━━━━━━━━━━━━━━━━ 69.1/69.1 kB 9.4 MB/s eta 0:00:00
Downloading jupyter_server-2.15.0-py3-none-any.whl (385 kB)
   ━━━━━━━━━━━━━━━━━━━━━━━━━━━━━━━━━━━━━━━━ 385.8/385.8 kB 38.6 MB/s eta 0:00:00
Downloading jupyterlab_server-2.27.3-py3-none-any.whl (59 kB)
   ━━━━━━━━━━━━━━━━━━━━━━━━━━━━━━━━━━━━━━━━ 59.7/59.7 kB 7.9 MB/s eta 0:00:00
Downloading kiwisolver-1.4.8-cp310-cp310-manylinux_2_12_x86_64.manylinux2010_x86_64.whl (1.6 MB)
   ━━━━━━━━━━━━━━━━━━━━━━━━━━━━━━━━━━━━━━━━ 1.6/1.6 MB 71.0 MB/s eta 0:00:00
Downloading lazy_loader-0.4-py3-none-any.whl (12 kB)
Downloading lightning_utilities-0.11.9-py3-none-any.whl (28 kB)
Downloading Markdown-3.7-py3-none-any.whl (106 kB)
   ━━━━━━━━━━━━━━━━━━━━━━━━━━━━━━━━━━━━━━━━ 106.3/106.3 kB 14.9 MB/s eta 0:00:00
Downloading multiprocess-0.70.16-py310-none-any.whl (134 kB)
   ━━━━━━━━━━━━━━━━━━━━━━━━━━━━━━━━━━━━━━━━ 134.8/134.8 kB 18.7 MB/s eta 0:00:00
Downloading notebook_shim-0.2.4-py3-none-any.whl (13 kB)
Downloading pooch-1.8.2-py3-none-any.whl (64 kB)
   ━━━━━━━━━━━━━━━━━━━━━━━━━━━━━━━━━━━━━━━━ 64.6/64.6 kB 8.8 MB/s eta 0:00:00
Downloading protobuf-5.29.3-cp38-abi3-manylinux2014_x86_64.whl (319 kB)
   ━━━━━━━━━━━━━━━━━━━━━━━━━━━━━━━━━━━━━━━━ 319.7/319.7 kB 35.5 MB/s eta 0:00:00
Downloading pyparsing-3.2.1-py3-none-any.whl (107 kB)
   ━━━━━━━━━━━━━━━━━━━━━━━━━━━━━━━━━━━━━━━━ 107.7/107.7 kB 15.3 MB/s eta 0:00:00
Downloading python_dateutil-2.9.0.post0-py2.py3-none-any.whl (229 kB)
   ━━━━━━━━━━━━━━━━━━━━━━━━━━━━━━━━━━━━━━━━ 229.9/229.9 kB 29.5 MB/s eta 0:00:00
Downloading regex-2024.11.6-cp310-cp310-manylinux_2_17_x86_64.manylinux2014_x86_64.whl (781 kB)
   ━━━━━━━━━━━━━━━━━━━━━━━━━━━━━━━━━━━━━━━━ 781.7/781.7 kB 59.4 MB/s eta 0:00:00
Downloading requests-2.32.3-py3-none-any.whl (64 kB)
   ━━━━━━━━━━━━━━━━━━━━━━━━━━━━━━━━━━━━━━━━ 64.9/64.9 kB 7.8 MB/s eta 0:00:00
Downloading safetensors-0.5.2-cp38-abi3-manylinux_2_17_x86_64.manylinux2014_x86_64.whl (461 kB)
   ━━━━━━━━━━━━━━━━━━━━━━━━━━━━━━━━━━━━━━━━ 462.0/462.0 kB 44.6 MB/s eta 0:00:00
Downloading tensorboard_data_server-0.7.2-py3-none-manylinux_2_31_x86_64.whl (6.6 MB)
   ━━━━━━━━━━━━━━━━━━━━━━━━━━━━━━━━━━━━━━━━ 6.6/6.6 MB 98.5 MB/s eta 0:00:00
Downloading threadpoolctl-3.5.0-py3-none-any.whl (18 kB)
Downloading tifffile-2025.1.10-py3-none-any.whl (227 kB)
   ━━━━━━━━━━━━━━━━━━━━━━━━━━━━━━━━━━━━━━━━ 227.6/227.6 kB 30.7 MB/s eta 0:00:00
Downloading tokenizers-0.21.0-cp39-abi3-manylinux_2_17_x86_64.manylinux2014_x86_64.whl (3.0 MB)
   ━━━━━━━━━━━━━━━━━━━━━━━━━━━━━━━━━━━━━━━━ 3.0/3.0 MB 88.9 MB/s eta 0:00:00
Downloading tornado-6.4.2-cp38-abi3-manylinux_2_5_x86_64.manylinux1_x86_64.manylinux_2_17_x86_64.manylinux2014_x86_64.whl (437 kB)
   ━━━━━━━━━━━━━━━━━━━━━━━━━━━━━━━━━━━━━━━━ 437.2/437.2 kB 44.3 MB/s eta 0:00:00
Downloading tzdata-2025.1-py2.py3-none-any.whl (346 kB)
   ━━━━━━━━━━━━━━━━━━━━━━━━━━━━━━━━━━━━━━━━ 346.8/346.8 kB 39.1 MB/s eta 0:00:00
Downloading werkzeug-3.1.3-py3-none-any.whl (224 kB)
   ━━━━━━━━━━━━━━━━━━━━━━━━━━━━━━━━━━━━━━━━ 224.5/224.5 kB 28.4 MB/s eta 0:00:00
Downloading bleach-6.2.0-py3-none-any.whl (163 kB)
   ━━━━━━━━━━━━━━━━━━━━━━━━━━━━━━━━━━━━━━━━ 163.4/163.4 kB 23.6 MB/s eta 0:00:00
Downloading python_slugify-8.0.4-py2.py3-none-any.whl (10 kB)
Downloading tensorboardX-2.6.2.2-py2.py3-none-any.whl (101 kB)
   ━━━━━━━━━━━━━━━━━━━━━━━━━━━━━━━━━━━━━━━━ 101.7/101.7 kB 14.7 MB/s eta 0:00:00
Downloading termcolor-2.5.0-py3-none-any.whl (7.8 kB)
Downloading xxhash-3.5.0-cp310-cp310-manylinux_2_17_x86_64.manylinux2014_x86_64.whl (194 kB)
   ━━━━━━━━━━━━━━━━━━━━━━━━━━━━━━━━━━━━━━━━ 194.1/194.1 kB 25.9 MB/s eta 0:00:00
Downloading aiohttp-3.11.11-cp310-cp310-manylinux_2_17_x86_64.manylinux2014_x86_64.whl (1.6 MB)
   ━━━━━━━━━━━━━━━━━━━━━━━━━━━━━━━━━━━━━━━━ 1.6/1.6 MB 79.1 MB/s eta 0:00:00
Downloading anyio-4.8.0-py3-none-any.whl (96 kB)
   ━━━━━━━━━━━━━━━━━━━━━━━━━━━━━━━━━━━━━━━━ 96.0/96.0 kB 13.9 MB/s eta 0:00:00
Downloading argon2_cffi-23.1.0-py3-none-any.whl (15 kB)
Downloading babel-2.16.0-py3-none-any.whl (9.6 MB)
   ━━━━━━━━━━━━━━━━━━━━━━━━━━━━━━━━━━━━━━━━ 9.6/9.6 MB 98.9 MB/s eta 0:00:00
Downloading comm-0.2.2-py3-none-any.whl (7.2 kB)
Downloading debugpy-1.8.12-cp310-cp310-manylinux_2_5_x86_64.manylinux1_x86_64.manylinux_2_17_x86_64.manylinux2014_x86_64.whl (3.6 MB)
   ━━━━━━━━━━━━━━━━━━━━━━━━━━━━━━━━━━━━━━━━ 3.6/3.6 MB 88.3 MB/s eta 0:00:00
Downloading json5-0.10.0-py3-none-any.whl (34 kB)
Downloading jupyter_client-8.6.3-py3-none-any.whl (106 kB)
   ━━━━━━━━━━━━━━━━━━━━━━━━━━━━━━━━━━━━━━━━ 106.1/106.1 kB 15.1 MB/s eta 0:00:00
Downloading jupyter_events-0.11.0-py3-none-any.whl (19 kB)
Downloading jupyter_server_terminals-0.5.3-py3-none-any.whl (13 kB)
Downloading nbconvert-7.16.5-py3-none-any.whl (258 kB)
   ━━━━━━━━━━━━━━━━━━━━━━━━━━━━━━━━━━━━━━━━ 258.1/258.1 kB 32.8 MB/s eta 0:00:00
Downloading nbformat-5.10.4-py3-none-any.whl (78 kB)
   ━━━━━━━━━━━━━━━━━━━━━━━━━━━━━━━━━━━━━━━━ 78.5/78.5 kB 7.1 MB/s eta 0:00:00
Downloading overrides-7.7.0-py3-none-any.whl (17 kB)
Downloading prometheus_client-0.21.1-py3-none-any.whl (54 kB)
   ━━━━━━━━━━━━━━━━━━━━━━━━━━━━━━━━━━━━━━━━ 54.7/54.7 kB 7.1 MB/s eta 0:00:00
Downloading pyarrow-19.0.0-cp310-cp310-manylinux_2_28_x86_64.whl (42.1 MB)
   ━━━━━━━━━━━━━━━━━━━━━━━━━━━━━━━━━━━━━━━━ 42.1/42.1 MB 75.7 MB/s eta 0:00:00
Downloading pyzmq-26.2.0-cp310-cp310-manylinux_2_28_x86_64.whl (868 kB)
   ━━━━━━━━━━━━━━━━━━━━━━━━━━━━━━━━━━━━━━━━ 868.8/868.8 kB 61.1 MB/s eta 0:00:00
Downloading Send2Trash-1.8.3-py3-none-any.whl (18 kB)
Downloading terminado-0.18.1-py3-none-any.whl (14 kB)
Downloading text_unidecode-1.3-py2.py3-none-any.whl (78 kB)
   ━━━━━━━━━━━━━━━━━━━━━━━━━━━━━━━━━━━━━━━━ 78.2/78.2 kB 10.5 MB/s eta 0:00:00
Downloading websocket_client-1.8.0-py3-none-any.whl (58 kB)
   ━━━━━━━━━━━━━━━━━━━━━━━━━━━━━━━━━━━━━━━━ 58.8/58.8 kB 7.6 MB/s eta 0:00:00
Downloading nest_asyncio-1.6.0-py3-none-any.whl (5.2 kB)
Downloading webencodings-0.5.1-py2.py3-none-any.whl (11 kB)
Downloading aiohappyeyeballs-2.4.4-py3-none-any.whl (14 kB)
Downloading aiosignal-1.3.2-py2.py3-none-any.whl (7.6 kB)
Downloading async_timeout-5.0.1-py3-none-any.whl (6.2 kB)
Downloading fastjsonschema-2.21.1-py3-none-any.whl (23 kB)
Downloading frozenlist-1.5.0-cp310-cp310-manylinux_2_5_x86_64.manylinux1_x86_64.manylinux_2_17_x86_64.manylinux2014_x86_64.whl (241 kB)
   ━━━━━━━━━━━━━━━━━━━━━━━━━━━━━━━━━━━━━━━━ 241.9/241.9 kB 28.5 MB/s eta 0:00:00
Downloading h11-0.14.0-py3-none-any.whl (58 kB)
   ━━━━━━━━━━━━━━━━━━━━━━━━━━━━━━━━━━━━━━━━ 58.3/58.3 kB 7.7 MB/s eta 0:00:00
Downloading mistune-3.1.0-py3-none-any.whl (53 kB)
   ━━━━━━━━━━━━━━━━━━━━━━━━━━━━━━━━━━━━━━━━ 53.7/53.7 kB 6.5 MB/s eta 0:00:00
Downloading multidict-6.1.0-cp310-cp310-manylinux_2_17_x86_64.manylinux2014_x86_64.whl (124 kB)
   ━━━━━━━━━━━━━━━━━━━━━━━━━━━━━━━━━━━━━━━━ 124.6/124.6 kB 17.4 MB/s eta 0:00:00
Downloading nbclient-0.10.2-py3-none-any.whl (25 kB)
Downloading pandocfilters-1.5.1-py2.py3-none-any.whl (8.7 kB)
Downloading propcache-0.2.1-cp310-cp310-manylinux_2_17_x86_64.manylinux2014_x86_64.whl (205 kB)
   ━━━━━━━━━━━━━━━━━━━━━━━━━━━━━━━━━━━━━━━━ 205.1/205.1 kB 26.0 MB/s eta 0:00:00
Downloading python_json_logger-3.2.1-py3-none-any.whl (14 kB)
Downloading rfc3986_validator-0.1.1-py2.py3-none-any.whl (4.2 kB)
Downloading sniffio-1.3.1-py3-none-any.whl (10 kB)
Downloading yarl-1.18.3-cp310-cp310-manylinux_2_17_x86_64.manylinux2014_x86_64.whl (319 kB)
   ━━━━━━━━━━━━━━━━━━━━━━━━━━━━━━━━━━━━━━━━ 319.7/319.7 kB 35.9 MB/s eta 0:00:00
Downloading argon2_cffi_bindings-21.2.0-cp36-abi3-manylinux_2_17_x86_64.manylinux2014_x86_64.whl (86 kB)
   ━━━━━━━━━━━━━━━━━━━━━━━━━━━━━━━━━━━━━━━━ 86.2/86.2 kB 12.7 MB/s eta 0:00:00
Downloading defusedxml-0.7.1-py2.py3-none-any.whl (25 kB)
Downloading jupyterlab_pygments-0.3.0-py3-none-any.whl (15 kB)
Downloading rfc3339_validator-0.1.4-py2.py3-none-any.whl (3.5 kB)
Downloading tinycss2-1.4.0-py3-none-any.whl (26 kB)
Downloading webcolors-24.11.1-py3-none-any.whl (14 kB)
Downloading fqdn-1.5.1-py3-none-any.whl (9.1 kB)
Downloading isoduration-20.11.0-py3-none-any.whl (11 kB)
Downloading uri_template-1.3.0-py3-none-any.whl (11 kB)
Downloading arrow-1.3.0-py3-none-any.whl (66 kB)
   ━━━━━━━━━━━━━━━━━━━━━━━━━━━━━━━━━━━━━━━━ 66.4/66.4 kB 8.8 MB/s eta 0:00:00
Downloading types_python_dateutil-2.9.0.20241206-py3-none-any.whl (14 kB)
Building wheels for collected packages: fire, acsconv, kaggle
  Building wheel for fire (setup.py): started
  Building wheel for fire (setup.py): finished with status 'done'
  Created wheel for fire: filename=fire-0.7.0-py3-none-any.whl size=114247 sha256=74f7cba9b92c8bb78c8745fad147b30399e4bff5bbc9779262b8b6c8deda7332
  Stored in directory: /tmp/cache/pip/wheels/19/39/2f/2d3cadc408a8804103f1c34ddd4b9f6a93497b11fa96fe738e
  Building wheel for acsconv (setup.py): started
  Building wheel for acsconv (setup.py): finished with status 'done'
  Created wheel for acsconv: filename=ACSConv-0.1.1-py3-none-any.whl size=24182 sha256=6545d0693739197238ca96e26c10aa82bd9f7552461563d10f7d54bd9cb8e979
  Stored in directory: /tmp/cache/pip/wheels/0e/b1/ef/43fe6db442ef60fc6a8c7f98f330672eeca58463ebef542e62
  Building wheel for kaggle (setup.py): started
  Building wheel for kaggle (setup.py): finished with status 'done'
  Created wheel for kaggle: filename=kaggle-1.6.17-py3-none-any.whl size=105786 sha256=6b7913500b839300ab95b45c6ea1f46f231f0f45b430929f7e8574700185346e
  Stored in directory: /tmp/cache/pip/wheels/9f/af/22/bf406f913dc7506a485e60dce8143741abd0a92a19337d83a3
Successfully built fire acsconv kaggle
Installing collected packages: webencodings, torchsummary, text-unidecode, fastjsonschema, xxhash, werkzeug, websocket-client, webcolors, uri-template, tzdata, types-python-dateutil, tqdm, tornado, tinycss2, tifffile, threadpoolctl, termcolor, tensorboard-data-server, sniffio, send2trash, scipy, safetensors, rfc3986-validator, rfc3339-validator, requests, regex, pyzmq, python-slugify, python-json-logger, python-dateutil, pyparsing, pyarrow, protobuf, propcache, prometheus-client, pandocfilters, overrides, nest-asyncio, multidict, mistune, markdown, lightning-utilities, lazy-loader, kiwisolver, jupyterlab-pygments, jupyter-core, json5, joblib, imageio, h11, grpcio, frozenlist, fqdn, fonttools, einops, dill, defusedxml, debugpy, cycler, contourpy, comm, bleach, babel, async-timeout, async-lru, aiohappyeyeballs, absl-py, yarl, terminado, tensorboardx, tensorboard, scikit-learn, scikit-image, pooch, pandas, multiprocess, matplotlib, kaggle, jupyter-client, huggingface_hub, httpcore, fire, arrow, argon2-cffi-bindings, anyio, aiosignal, torchmetrics, tokenizers, monai, jupyter-server-terminals, isoduration, httpx, argon2-cffi, aiohttp, accelerate, transformers, timm, nbformat, medmnist, ipykernel, acsconv, nbclient, jupyter-events, datasets, nbconvert, evaluate, jupyter-server, notebook-shim, jupyterlab-server, jupyter-lsp, jupyterlab
  Attempting uninstall: tqdm
    Found existing installation: tqdm 4.65.0
    Uninstalling tqdm-4.65.0:
      Successfully uninstalled tqdm-4.65.0
  Attempting uninstall: requests
    Found existing installation: requests 2.31.0
    Uninstalling requests-2.31.0:
      Successfully uninstalled requests-2.31.0
Successfully installed absl-py-2.1.0 accelerate-1.3.0 acsconv-0.1.1 aiohappyeyeballs-2.4.4 aiohttp-3.11.11 aiosignal-1.3.2 anyio-4.8.0 argon2-cffi-23.1.0 argon2-cffi-bindings-21.2.0 arrow-1.3.0 async-lru-2.0.4 async-timeout-5.0.1 babel-2.16.0 bleach-6.2.0 comm-0.2.2 contourpy-1.3.1 cycler-0.12.1 datasets-3.2.0 debugpy-1.8.12 defusedxml-0.7.1 dill-0.3.8 einops-0.8.0 evaluate-0.4.3 fastjsonschema-2.21.1 fire-0.7.0 fonttools-4.55.5 fqdn-1.5.1 frozenlist-1.5.0 grpcio-1.69.0 h11-0.14.0 httpcore-1.0.7 httpx-0.28.1 huggingface_hub-0.27.1 imageio-2.37.0 ipykernel-6.29.5 isoduration-20.11.0 joblib-1.4.2 json5-0.10.0 jupyter-client-8.6.3 jupyter-core-5.7.2 jupyter-events-0.11.0 jupyter-lsp-2.2.5 jupyter-server-2.15.0 jupyter-server-terminals-0.5.3 jupyterlab-4.3.4 jupyterlab-pygments-0.3.0 jupyterlab-server-2.27.3 kaggle-1.6.17 kiwisolver-1.4.8 lazy-loader-0.4 lightning-utilities-0.11.9 markdown-3.7 matplotlib-3.10.0 medmnist-3.0.2 mistune-3.1.0 monai-1.4.0 multidict-6.1.0 multiprocess-0.70.16 nbclient-0.10.2 nbconvert-7.16.5 nbformat-5.10.4 nest-asyncio-1.6.0 notebook-shim-0.2.4 overrides-7.7.0 pandas-2.2.3 pandocfilters-1.5.1 pooch-1.8.2 prometheus-client-0.21.1 propcache-0.2.1 protobuf-5.29.3 pyarrow-19.0.0 pyparsing-3.2.1 python-dateutil-2.9.0.post0 python-json-logger-3.2.1 python-slugify-8.0.4 pyzmq-26.2.0 regex-2024.11.6 requests-2.32.3 rfc3339-validator-0.1.4 rfc3986-validator-0.1.1 safetensors-0.5.2 scikit-image-0.25.0 scikit-learn-1.6.1 scipy-1.15.1 send2trash-1.8.3 sniffio-1.3.1 tensorboard-2.18.0 tensorboard-data-server-0.7.2 tensorboardx-2.6.2.2 termcolor-2.5.0 terminado-0.18.1 text-unidecode-1.3 threadpoolctl-3.5.0 tifffile-2025.1.10 timm-1.0.14 tinycss2-1.4.0 tokenizers-0.21.0 torchmetrics-1.6.1 torchsummary-1.5.1 tornado-6.4.2 tqdm-4.67.1 transformers-4.48.1 types-python-dateutil-2.9.0.20241206 tzdata-2025.1 uri-template-1.3.0 webcolors-24.11.1 webencodings-0.5.1 websocket-client-1.8.0 werkzeug-3.1.3 xxhash-3.5.0 yarl-1.18.3
WARNING: Running pip as the 'root' user can result in broken permissions and conflicting behaviour with the system package manager. It is recommended to use a virtual environment instead: https://pip.pypa.io/warnings/venv
useradd: warning: the home directory /mnt/hdd/marina already exists.
useradd: Not copying any file from skel directory into it.
GPU 0: NVIDIA GeForce RTX 3090 (UUID: GPU-e44b8865-a90e-bee2-f000-8e576cbfee9a)
[I 2025-01-23 15:05:39.419 ServerApp] jupyter_lsp | extension was successfully linked.
[I 2025-01-23 15:05:39.420 ServerApp] jupyter_server_terminals | extension was successfully linked.
[I 2025-01-23 15:05:39.423 ServerApp] jupyterlab | extension was successfully linked.
/opt/conda/lib/python3.10/site-packages/IPython/paths.py:69: UserWarning: IPython parent '/mnt/hdd/marina' is not a writable location, using a temp directory.
  warn("IPython parent '{0}' is not a writable location,"
[I 2025-01-23 15:05:39.525 ServerApp] notebook_shim | extension was successfully linked.
[I 2025-01-23 15:05:39.533 ServerApp] notebook_shim | extension was successfully loaded.
[I 2025-01-23 15:05:39.534 ServerApp] jupyter_lsp | extension was successfully loaded.
[I 2025-01-23 15:05:39.535 ServerApp] jupyter_server_terminals | extension was successfully loaded.
[I 2025-01-23 15:05:39.535 LabApp] JupyterLab extension loaded from /opt/conda/lib/python3.10/site-packages/jupyterlab
[I 2025-01-23 15:05:39.535 LabApp] JupyterLab application directory is /opt/conda/share/jupyter/lab
[I 2025-01-23 15:05:39.535 LabApp] Extension Manager is 'pypi'.
[I 2025-01-23 15:05:39.560 ServerApp] jupyterlab | extension was successfully loaded.
[I 2025-01-23 15:05:39.560 ServerApp] Serving notebooks from local directory: /mnt/hdd/marina/workspace/2D-to-3D-Pretraining
[I 2025-01-23 15:05:39.560 ServerApp] Jupyter Server 2.15.0 is running at:
[I 2025-01-23 15:05:39.560 ServerApp] http://89cfbd5da1c7:9999/lab?token=a636d119f3446564cb88666403de3471904d8b2c6f0154d5
[I 2025-01-23 15:05:39.560 ServerApp]     http://127.0.0.1:9999/lab?token=a636d119f3446564cb88666403de3471904d8b2c6f0154d5
[I 2025-01-23 15:05:39.560 ServerApp] Use Control-C to stop this server and shut down all kernels (twice to skip confirmation).
[W 2025-01-23 15:05:39.576 ServerApp] No web browser found: Error('could not locate runnable browser').
[C 2025-01-23 15:05:39.576 ServerApp] 
    
    To access the server, open this file in a browser:
        file:///mnt/hdd/marina/.local/share/jupyter/runtime/jpserver-345-open.html
    Or copy and paste one of these URLs:
        http://89cfbd5da1c7:9999/lab?token=a636d119f3446564cb88666403de3471904d8b2c6f0154d5
        http://127.0.0.1:9999/lab?token=a636d119f3446564cb88666403de3471904d8b2c6f0154d5
[I 2025-01-23 15:05:39.586 ServerApp] Skipped non-installed server(s): bash-language-server, dockerfile-language-server-nodejs, javascript-typescript-langserver, jedi-language-server, julia-language-server, pyright, python-language-server, python-lsp-server, r-languageserver, sql-language-server, texlab, typescript-language-server, unified-language-server, vscode-css-languageserver-bin, vscode-html-languageserver-bin, vscode-json-languageserver-bin, yaml-language-server
[W 2025-01-23 15:05:41.743 ServerApp] 404 GET /api/kernels/4e2b28b8-a37c-48bb-bfa9-8e4ed0800954?1737644741349 (93.54.78.147): Kernel does not exist: 4e2b28b8-a37c-48bb-bfa9-8e4ed0800954
[W 2025-01-23 15:05:41.743 ServerApp] wrote error: 'Kernel does not exist: 4e2b28b8-a37c-48bb-bfa9-8e4ed0800954'
    Traceback (most recent call last):
      File "/opt/conda/lib/python3.10/site-packages/tornado/web.py", line 1790, in _execute
        result = await result
      File "/opt/conda/lib/python3.10/site-packages/jupyter_server/auth/decorator.py", line 73, in inner
        return await out
      File "/opt/conda/lib/python3.10/site-packages/jupyter_server/services/kernels/handlers.py", line 75, in get
        model = await ensure_async(km.kernel_model(kernel_id))
      File "/opt/conda/lib/python3.10/site-packages/jupyter_server/services/kernels/kernelmanager.py", line 508, in kernel_model
        self._check_kernel_id(kernel_id)
      File "/opt/conda/lib/python3.10/site-packages/jupyter_server/services/kernels/kernelmanager.py", line 539, in _check_kernel_id
        raise web.HTTPError(404, "Kernel does not exist: %s" % kernel_id)
    tornado.web.HTTPError: HTTP 404: Not Found (Kernel does not exist: 4e2b28b8-a37c-48bb-bfa9-8e4ed0800954)
[W 2025-01-23 15:05:41.745 ServerApp] 404 GET /api/kernels/4e2b28b8-a37c-48bb-bfa9-8e4ed0800954?1737644741349 (7513fc11f519406aa6bf2ebb9b41ac6a@93.54.78.147) 2.13ms referer=http://134.60.70.133:9999/lab/tree/full_volume_training.ipynb
[W 2025-01-23 15:05:42.027 ServerApp] 404 GET /api/kernels/4e2b28b8-a37c-48bb-bfa9-8e4ed0800954/channels?session_id=803d370f-0a63-4e68-8f91-a147f2b7d811 (93.54.78.147): Kernel does not exist: 4e2b28b8-a37c-48bb-bfa9-8e4ed0800954
[W 2025-01-23 15:05:42.042 ServerApp] 404 GET /api/kernels/4e2b28b8-a37c-48bb-bfa9-8e4ed0800954/channels?session_id=803d370f-0a63-4e68-8f91-a147f2b7d811 (7513fc11f519406aa6bf2ebb9b41ac6a@93.54.78.147) 15.30ms referer=None
[W 2025-01-23 15:05:42.100 ServerApp] 404 GET /api/kernels/4e2b28b8-a37c-48bb-bfa9-8e4ed0800954?1737644741706 (93.54.78.147): Kernel does not exist: 4e2b28b8-a37c-48bb-bfa9-8e4ed0800954
[W 2025-01-23 15:05:42.100 ServerApp] wrote error: 'Kernel does not exist: 4e2b28b8-a37c-48bb-bfa9-8e4ed0800954'
    Traceback (most recent call last):
      File "/opt/conda/lib/python3.10/site-packages/tornado/web.py", line 1790, in _execute
        result = await result
      File "/opt/conda/lib/python3.10/site-packages/jupyter_server/auth/decorator.py", line 73, in inner
        return await out
      File "/opt/conda/lib/python3.10/site-packages/jupyter_server/services/kernels/handlers.py", line 75, in get
        model = await ensure_async(km.kernel_model(kernel_id))
      File "/opt/conda/lib/python3.10/site-packages/jupyter_server/services/kernels/kernelmanager.py", line 508, in kernel_model
        self._check_kernel_id(kernel_id)
      File "/opt/conda/lib/python3.10/site-packages/jupyter_server/services/kernels/kernelmanager.py", line 539, in _check_kernel_id
        raise web.HTTPError(404, "Kernel does not exist: %s" % kernel_id)
    tornado.web.HTTPError: HTTP 404: Not Found (Kernel does not exist: 4e2b28b8-a37c-48bb-bfa9-8e4ed0800954)
[W 2025-01-23 15:05:42.100 ServerApp] 404 GET /api/kernels/4e2b28b8-a37c-48bb-bfa9-8e4ed0800954?1737644741706 (7513fc11f519406aa6bf2ebb9b41ac6a@93.54.78.147) 1.33ms referer=http://134.60.70.133:9999/lab/tree/full_volume_training.ipynb
[W 2025-01-23 15:05:42.605 ServerApp] 404 GET /api/kernels/e8f5fc57-a17f-4b10-9717-3d297a5d0afb?1737644742209 (93.54.78.147): Kernel does not exist: e8f5fc57-a17f-4b10-9717-3d297a5d0afb
[W 2025-01-23 15:05:42.605 ServerApp] wrote error: 'Kernel does not exist: e8f5fc57-a17f-4b10-9717-3d297a5d0afb'
    Traceback (most recent call last):
      File "/opt/conda/lib/python3.10/site-packages/tornado/web.py", line 1790, in _execute
        result = await result
      File "/opt/conda/lib/python3.10/site-packages/jupyter_server/auth/decorator.py", line 73, in inner
        return await out
      File "/opt/conda/lib/python3.10/site-packages/jupyter_server/services/kernels/handlers.py", line 75, in get
        model = await ensure_async(km.kernel_model(kernel_id))
      File "/opt/conda/lib/python3.10/site-packages/jupyter_server/services/kernels/kernelmanager.py", line 508, in kernel_model
        self._check_kernel_id(kernel_id)
      File "/opt/conda/lib/python3.10/site-packages/jupyter_server/services/kernels/kernelmanager.py", line 539, in _check_kernel_id
        raise web.HTTPError(404, "Kernel does not exist: %s" % kernel_id)
    tornado.web.HTTPError: HTTP 404: Not Found (Kernel does not exist: e8f5fc57-a17f-4b10-9717-3d297a5d0afb)
[W 2025-01-23 15:05:42.606 ServerApp] 404 GET /api/kernels/e8f5fc57-a17f-4b10-9717-3d297a5d0afb?1737644742209 (7513fc11f519406aa6bf2ebb9b41ac6a@93.54.78.147) 1.26ms referer=http://134.60.70.133:9999/lab/tree/full_volume_training.ipynb
[W 2025-01-23 15:05:43.394 ServerApp] 404 GET /api/kernels/4e2b28b8-a37c-48bb-bfa9-8e4ed0800954/channels?session_id=803d370f-0a63-4e68-8f91-a147f2b7d811 (93.54.78.147): Kernel does not exist: 4e2b28b8-a37c-48bb-bfa9-8e4ed0800954
[W 2025-01-23 15:05:43.395 ServerApp] 404 GET /api/kernels/4e2b28b8-a37c-48bb-bfa9-8e4ed0800954/channels?session_id=803d370f-0a63-4e68-8f91-a147f2b7d811 (7513fc11f519406aa6bf2ebb9b41ac6a@93.54.78.147) 1.39ms referer=None
[W 2025-01-23 15:05:43.463 ServerApp] 404 GET /api/kernels/4e2b28b8-a37c-48bb-bfa9-8e4ed0800954?1737644743060 (93.54.78.147): Kernel does not exist: 4e2b28b8-a37c-48bb-bfa9-8e4ed0800954
[W 2025-01-23 15:05:43.463 ServerApp] wrote error: 'Kernel does not exist: 4e2b28b8-a37c-48bb-bfa9-8e4ed0800954'
    Traceback (most recent call last):
      File "/opt/conda/lib/python3.10/site-packages/tornado/web.py", line 1790, in _execute
        result = await result
      File "/opt/conda/lib/python3.10/site-packages/jupyter_server/auth/decorator.py", line 73, in inner
        return await out
      File "/opt/conda/lib/python3.10/site-packages/jupyter_server/services/kernels/handlers.py", line 75, in get
        model = await ensure_async(km.kernel_model(kernel_id))
      File "/opt/conda/lib/python3.10/site-packages/jupyter_server/services/kernels/kernelmanager.py", line 508, in kernel_model
        self._check_kernel_id(kernel_id)
      File "/opt/conda/lib/python3.10/site-packages/jupyter_server/services/kernels/kernelmanager.py", line 539, in _check_kernel_id
        raise web.HTTPError(404, "Kernel does not exist: %s" % kernel_id)
    tornado.web.HTTPError: HTTP 404: Not Found (Kernel does not exist: 4e2b28b8-a37c-48bb-bfa9-8e4ed0800954)
[W 2025-01-23 15:05:43.463 ServerApp] 404 GET /api/kernels/4e2b28b8-a37c-48bb-bfa9-8e4ed0800954?1737644743060 (7513fc11f519406aa6bf2ebb9b41ac6a@93.54.78.147) 1.24ms referer=http://134.60.70.133:9999/lab/tree/full_volume_training.ipynb
[W 2025-01-23 15:05:43.830 ServerApp] 404 GET /api/kernels/e8f5fc57-a17f-4b10-9717-3d297a5d0afb/channels?session_id=7e1a5b01-c460-4b8d-aaaf-84b4ae33690d (93.54.78.147): Kernel does not exist: e8f5fc57-a17f-4b10-9717-3d297a5d0afb
[W 2025-01-23 15:05:43.830 ServerApp] 404 GET /api/kernels/e8f5fc57-a17f-4b10-9717-3d297a5d0afb/channels?session_id=7e1a5b01-c460-4b8d-aaaf-84b4ae33690d (7513fc11f519406aa6bf2ebb9b41ac6a@93.54.78.147) 1.37ms referer=None
[W 2025-01-23 15:05:43.892 ServerApp] 404 GET /api/kernels/e8f5fc57-a17f-4b10-9717-3d297a5d0afb?1737644743497 (93.54.78.147): Kernel does not exist: e8f5fc57-a17f-4b10-9717-3d297a5d0afb
[W 2025-01-23 15:05:43.892 ServerApp] wrote error: 'Kernel does not exist: e8f5fc57-a17f-4b10-9717-3d297a5d0afb'
    Traceback (most recent call last):
      File "/opt/conda/lib/python3.10/site-packages/tornado/web.py", line 1790, in _execute
        result = await result
      File "/opt/conda/lib/python3.10/site-packages/jupyter_server/auth/decorator.py", line 73, in inner
        return await out
      File "/opt/conda/lib/python3.10/site-packages/jupyter_server/services/kernels/handlers.py", line 75, in get
        model = await ensure_async(km.kernel_model(kernel_id))
      File "/opt/conda/lib/python3.10/site-packages/jupyter_server/services/kernels/kernelmanager.py", line 508, in kernel_model
        self._check_kernel_id(kernel_id)
      File "/opt/conda/lib/python3.10/site-packages/jupyter_server/services/kernels/kernelmanager.py", line 539, in _check_kernel_id
        raise web.HTTPError(404, "Kernel does not exist: %s" % kernel_id)
    tornado.web.HTTPError: HTTP 404: Not Found (Kernel does not exist: e8f5fc57-a17f-4b10-9717-3d297a5d0afb)
[W 2025-01-23 15:05:43.892 ServerApp] 404 GET /api/kernels/e8f5fc57-a17f-4b10-9717-3d297a5d0afb?1737644743497 (7513fc11f519406aa6bf2ebb9b41ac6a@93.54.78.147) 1.29ms referer=http://134.60.70.133:9999/lab/tree/full_volume_training.ipynb
[W 2025-01-23 15:05:44.582 ServerApp] 404 GET /api/kernels/e8f5fc57-a17f-4b10-9717-3d297a5d0afb/channels?session_id=7e1a5b01-c460-4b8d-aaaf-84b4ae33690d (93.54.78.147): Kernel does not exist: e8f5fc57-a17f-4b10-9717-3d297a5d0afb
[W 2025-01-23 15:05:44.583 ServerApp] 404 GET /api/kernels/e8f5fc57-a17f-4b10-9717-3d297a5d0afb/channels?session_id=7e1a5b01-c460-4b8d-aaaf-84b4ae33690d (7513fc11f519406aa6bf2ebb9b41ac6a@93.54.78.147) 1.38ms referer=None
[W 2025-01-23 15:05:44.693 ServerApp] 404 GET /api/kernels/e8f5fc57-a17f-4b10-9717-3d297a5d0afb?1737644744300 (93.54.78.147): Kernel does not exist: e8f5fc57-a17f-4b10-9717-3d297a5d0afb
[W 2025-01-23 15:05:44.694 ServerApp] wrote error: 'Kernel does not exist: e8f5fc57-a17f-4b10-9717-3d297a5d0afb'
    Traceback (most recent call last):
      File "/opt/conda/lib/python3.10/site-packages/tornado/web.py", line 1790, in _execute
        result = await result
      File "/opt/conda/lib/python3.10/site-packages/jupyter_server/auth/decorator.py", line 73, in inner
        return await out
      File "/opt/conda/lib/python3.10/site-packages/jupyter_server/services/kernels/handlers.py", line 75, in get
        model = await ensure_async(km.kernel_model(kernel_id))
      File "/opt/conda/lib/python3.10/site-packages/jupyter_server/services/kernels/kernelmanager.py", line 508, in kernel_model
        self._check_kernel_id(kernel_id)
      File "/opt/conda/lib/python3.10/site-packages/jupyter_server/services/kernels/kernelmanager.py", line 539, in _check_kernel_id
        raise web.HTTPError(404, "Kernel does not exist: %s" % kernel_id)
    tornado.web.HTTPError: HTTP 404: Not Found (Kernel does not exist: e8f5fc57-a17f-4b10-9717-3d297a5d0afb)
[W 2025-01-23 15:05:44.694 ServerApp] 404 GET /api/kernels/e8f5fc57-a17f-4b10-9717-3d297a5d0afb?1737644744300 (7513fc11f519406aa6bf2ebb9b41ac6a@93.54.78.147) 1.27ms referer=http://134.60.70.133:9999/lab/tree/full_volume_training.ipynb
/opt/conda/lib/python3.10/site-packages/IPython/paths.py:69: UserWarning: IPython parent '/mnt/hdd/marina' is not a writable location, using a temp directory.
  warn("IPython parent '{0}' is not a writable location,"
[W 2025-01-23 15:05:50.110 LabApp] Could not determine jupyterlab build status without nodejs
[I 2025-01-23 15:05:54.223 ServerApp] Kernel started: 00136b00-cfd4-4c6c-bb52-343862dd3ea6
/opt/conda/lib/python3.10/site-packages/IPython/paths.py:69: UserWarning: IPython parent '/mnt/hdd/marina' is not a writable location, using a temp directory.
  warn("IPython parent '{0}' is not a writable location,"
[I 2025-01-23 15:05:54.548 ServerApp] Connecting to kernel 00136b00-cfd4-4c6c-bb52-343862dd3ea6.
[I 2025-01-23 15:05:54.753 ServerApp] Connecting to kernel 00136b00-cfd4-4c6c-bb52-343862dd3ea6.
[I 2025-01-23 15:05:57.020 ServerApp] Kernel started: e8501557-ce11-468e-8a02-969511dcb82e
/opt/conda/lib/python3.10/site-packages/IPython/paths.py:69: UserWarning: IPython parent '/mnt/hdd/marina' is not a writable location, using a temp directory.
  warn("IPython parent '{0}' is not a writable location,"
[I 2025-01-23 15:05:57.307 ServerApp] Connecting to kernel e8501557-ce11-468e-8a02-969511dcb82e.
[I 2025-01-23 15:05:58.850 ServerApp] Kernel started: 6c26eec3-4f09-4358-bbda-aa4a4b84bc4a
[I 2025-01-23 15:05:58.855 ServerApp] Kernel started: 7e73b128-2a98-4713-a527-774c348aff18
/opt/conda/lib/python3.10/site-packages/IPython/paths.py:69: UserWarning: IPython parent '/mnt/hdd/marina' is not a writable location, using a temp directory.
  warn("IPython parent '{0}' is not a writable location,"
/opt/conda/lib/python3.10/site-packages/IPython/paths.py:69: UserWarning: IPython parent '/mnt/hdd/marina' is not a writable location, using a temp directory.
  warn("IPython parent '{0}' is not a writable location,"
[I 2025-01-23 15:05:59.107 ServerApp] Connecting to kernel 6c26eec3-4f09-4358-bbda-aa4a4b84bc4a.
[I 2025-01-23 15:05:59.345 ServerApp] Connecting to kernel 7e73b128-2a98-4713-a527-774c348aff18.
[I 2025-01-23 15:08:13.669 ServerApp] Saving file at /full_volume_training.ipynb
[I 2025-01-23 15:10:59.882 ServerApp] Saving file at /full_volume_training.ipynb
[I 2025-01-23 15:13:11.767 ServerApp] Saving file at /full_volume_training.ipynb
[I 2025-01-23 15:19:23.826 ServerApp] Saving file at /full_volume_training.ipynb
[I 2025-01-23 15:21:35.551 ServerApp] Saving file at /full_volume_training.ipynb
[I 2025-01-23 15:23:46.870 ServerApp] Saving file at /full_volume_training.ipynb
[I 2025-01-23 15:51:24.188 ServerApp] Saving file at /full_volume_training.ipynb
[I 2025-01-23 15:53:35.007 ServerApp] Saving file at /full_volume_training.ipynb
[I 2025-01-23 15:57:45.596 ServerApp] Saving file at /full_volume_training.ipynb
[I 2025-01-23 15:59:56.662 ServerApp] Saving file at /full_volume_training.ipynb
[I 2025-01-23 16:06:36.833 ServerApp] Malformed HTTP message from 35.203.113.187: Malformed HTTP version in HTTP Request-Line: 'f¡ÀiïäÎ\x85\x8a#ªP'
[W 2025-01-23 16:06:47.071 ServerApp] 405 OPTIONS / (@35.203.113.187) 0.57ms referer=None
[I 2025-01-23 16:08:13.629 ServerApp] Saving file at /full_volume_training.ipynb
[I 2025-01-23 16:10:18.347 ServerApp] 302 GET / (@206.168.34.60) 0.42ms
[I 2025-01-23 16:10:19.871 ServerApp] Malformed HTTP message from 206.168.34.60: Malformed HTTP version in HTTP Request-Line: 'HTTP/2.0'
[I 2025-01-23 16:10:24.433 LabApp] 302 GET /lab (@206.168.34.60) 0.33ms
[I 2025-01-23 16:10:25.491 ServerApp] Malformed HTTP message from 206.168.34.60: Malformed HTTP version in HTTP Request-Line: 'HTTP/2.0'
[I 2025-01-23 16:10:26.325 ServerApp] 302 GET / (@206.168.34.60) 0.30ms
[I 2025-01-23 16:10:34.629 ServerApp] Malformed HTTP message from 206.168.34.60: Malformed HTTP version in HTTP Request-Line: 'HTTP/2.0'
[I 2025-01-23 16:10:35.505 ServerApp] 302 GET / (@206.168.34.60) 0.32ms
[I 2025-01-23 16:10:58.293 ServerApp] Saving file at /full_volume_training.ipynb
[I 2025-01-23 16:13:52.395 ServerApp] Saving file at /full_volume_training.ipynb
[I 2025-01-23 16:17:09.579 ServerApp] Saving file at /full_volume_training.ipynb
[I 2025-01-23 16:20:08.364 ServerApp] Kernel interrupted: 7e73b128-2a98-4713-a527-774c348aff18
[I 2025-01-23 16:21:02.530 ServerApp] Saving file at /full_volume_training.ipynb
[I 2025-01-23 16:24:42.888 ServerApp] Saving file at /full_volume_training.ipynb
[I 2025-01-23 16:28:08.680 ServerApp] Saving file at /full_volume_training.ipynb
[I 2025-01-23 16:30:18.815 ServerApp] Kernel restarted: 7e73b128-2a98-4713-a527-774c348aff18
[I 2025-01-23 16:30:18.922 ServerApp] Starting buffering for 7e73b128-2a98-4713-a527-774c348aff18:0ac31c95-cb41-44f2-ac6d-4b6a5fa31601
/opt/conda/lib/python3.10/site-packages/IPython/paths.py:69: UserWarning: IPython parent '/mnt/hdd/marina' is not a writable location, using a temp directory.
  warn("IPython parent '{0}' is not a writable location,"
[I 2025-01-23 16:30:19.010 ServerApp] Connecting to kernel 7e73b128-2a98-4713-a527-774c348aff18.
[I 2025-01-23 16:30:19.010 ServerApp] Restoring connection for 7e73b128-2a98-4713-a527-774c348aff18:0ac31c95-cb41-44f2-ac6d-4b6a5fa31601
[I 2025-01-23 16:31:03.052 ServerApp] Saving file at /full_volume_training.ipynb
[I 2025-01-23 16:33:04.041 ServerApp] Saving file at /full_volume_training.ipynb
[I 2025-01-23 16:35:05.098 ServerApp] Saving file at /full_volume_training.ipynb
[I 2025-01-23 16:37:06.225 ServerApp] Saving file at /full_volume_training.ipynb
[I 2025-01-23 16:39:07.020 ServerApp] Saving file at /full_volume_training.ipynb
[I 2025-01-23 16:41:08.047 ServerApp] Saving file at /full_volume_training.ipynb
[I 2025-01-23 16:43:09.236 ServerApp] Saving file at /full_volume_training.ipynb
[I 2025-01-23 16:45:10.158 ServerApp] Saving file at /full_volume_training.ipynb
[I 2025-01-23 16:45:51.492 ServerApp] 302 GET / (@47.74.60.95) 0.26ms
[I 2025-01-23 16:47:11.783 ServerApp] Saving file at /full_volume_training.ipynb
[I 2025-01-23 16:49:12.688 ServerApp] Saving file at /full_volume_training.ipynb
[I 2025-01-23 16:51:14.282 ServerApp] Saving file at /full_volume_training.ipynb
[I 2025-01-23 16:53:15.462 ServerApp] Saving file at /full_volume_training.ipynb
[I 2025-01-23 16:55:16.972 ServerApp] Saving file at /full_volume_training.ipynb
[I 2025-01-23 16:56:16.035 ServerApp] Malformed HTTP message from 35.246.88.31: Malformed HTTP version in HTTP Request-Line: '!)ÙìÆç\x1bÃUÓ\x8fõQqy8³p¶Ä\x1fÄ\x8aP\xad*'
[W 2025-01-23 16:56:26.456 ServerApp] 405 OPTIONS / (@35.246.88.31) 0.34ms referer=None
[I 2025-01-23 16:57:19.199 ServerApp] Saving file at /full_volume_training.ipynb
[I 2025-01-23 16:59:21.270 ServerApp] Saving file at /full_volume_training.ipynb
[I 2025-01-23 17:01:22.687 ServerApp] Saving file at /full_volume_training.ipynb
[I 2025-01-23 17:03:23.556 ServerApp] Saving file at /full_volume_training.ipynb
[I 2025-01-23 17:05:24.532 ServerApp] Saving file at /full_volume_training.ipynb
[I 2025-01-23 17:07:25.745 ServerApp] Saving file at /full_volume_training.ipynb
[I 2025-01-23 17:09:26.809 ServerApp] Saving file at /full_volume_training.ipynb
[I 2025-01-23 17:11:27.921 ServerApp] Saving file at /full_volume_training.ipynb
[I 2025-01-23 17:13:28.939 ServerApp] Saving file at /full_volume_training.ipynb
[I 2025-01-23 17:15:29.961 ServerApp] Saving file at /full_volume_training.ipynb
[I 2025-01-23 17:17:31.095 ServerApp] Saving file at /full_volume_training.ipynb
[I 2025-01-23 17:19:32.453 ServerApp] Saving file at /full_volume_training.ipynb
[I 2025-01-23 17:21:33.862 ServerApp] Saving file at /full_volume_training.ipynb
[I 2025-01-23 17:23:35.639 ServerApp] Saving file at /full_volume_training.ipynb
[I 2025-01-23 17:25:36.778 ServerApp] Saving file at /full_volume_training.ipynb
[I 2025-01-23 17:27:38.150 ServerApp] Saving file at /full_volume_training.ipynb
[I 2025-01-23 17:29:39.697 ServerApp] Saving file at /full_volume_training.ipynb
[I 2025-01-23 17:31:41.213 ServerApp] Saving file at /full_volume_training.ipynb
[I 2025-01-23 17:33:42.517 ServerApp] Saving file at /full_volume_training.ipynb
[I 2025-01-23 17:35:43.612 ServerApp] Saving file at /full_volume_training.ipynb
[I 2025-01-23 17:37:45.123 ServerApp] Saving file at /full_volume_training.ipynb
[I 2025-01-23 17:39:46.416 ServerApp] Saving file at /full_volume_training.ipynb
[I 2025-01-23 17:41:47.844 ServerApp] Saving file at /full_volume_training.ipynb
[I 2025-01-23 17:43:49.485 ServerApp] Saving file at /full_volume_training.ipynb
[I 2025-01-23 17:45:49.959 ServerApp] Saving file at /full_volume_training.ipynb
[I 2025-01-23 17:47:50.883 ServerApp] Saving file at /full_volume_training.ipynb
[E 2025-01-23 17:53:51.958 ServerApp] Uncaught exception in write_error
    Traceback (most recent call last):
      File "/opt/conda/lib/python3.10/site-packages/tornado/web.py", line 1753, in _execute
        raise HTTPError(405)
    tornado.web.HTTPError: HTTP 405: Method Not Allowed
    
    During handling of the above exception, another exception occurred:
    
    Traceback (most recent call last):
      File "/opt/conda/lib/python3.10/site-packages/tornado/web.py", line 1298, in send_error
        self.write_error(status_code, **kwargs)
      File "/opt/conda/lib/python3.10/site-packages/jupyter_server/base/handlers.py", line 740, in write_error
        html = self.render_template("%s.html" % status_code, **ns)
      File "/opt/conda/lib/python3.10/site-packages/jupyter_server/base/handlers.py", line 666, in render_template
        ns.update(self.template_namespace)
      File "/opt/conda/lib/python3.10/site-packages/jupyter_server/base/handlers.py", line 676, in template_namespace
        logged_in=self.logged_in,
      File "/opt/conda/lib/python3.10/site-packages/jupyter_server/base/handlers.py", line 199, in logged_in
        user = self.current_user
      File "/opt/conda/lib/python3.10/site-packages/tornado/web.py", line 1424, in current_user
        self._current_user = self.get_current_user()
      File "/opt/conda/lib/python3.10/site-packages/jupyter_server/base/handlers.py", line 178, in get_current_user
        raise RuntimeError(msg)
    RuntimeError: Calling `Template404.get_current_user()` directly is deprecated in jupyter-server 2.0. Use `self.current_user` instead (works in all versions).
[W 2025-01-23 17:53:51.959 ServerApp] 405 CONNECT 45.61.137.126:7227 (@94.103.125.176) 1.11ms referer=None
[I 2025-01-23 20:49:52.867 ServerApp] Saving file at /full_volume_training.ipynb
[I 2025-01-23 20:51:53.819 ServerApp] Saving file at /full_volume_training.ipynb
[I 2025-01-23 20:53:54.521 ServerApp] Saving file at /full_volume_training.ipynb
[I 2025-01-23 20:55:55.068 ServerApp] Saving file at /full_volume_training.ipynb
[I 2025-01-23 20:57:55.942 ServerApp] Saving file at /full_volume_training.ipynb
[E 2025-01-23 20:58:51.602 ServerApp] Uncaught exception in write_error
    Traceback (most recent call last):
      File "/opt/conda/lib/python3.10/site-packages/tornado/web.py", line 1753, in _execute
        raise HTTPError(405)
    tornado.web.HTTPError: HTTP 405: Method Not Allowed
    
    During handling of the above exception, another exception occurred:
    
    Traceback (most recent call last):
      File "/opt/conda/lib/python3.10/site-packages/tornado/web.py", line 1298, in send_error
        self.write_error(status_code, **kwargs)
      File "/opt/conda/lib/python3.10/site-packages/jupyter_server/base/handlers.py", line 740, in write_error
        html = self.render_template("%s.html" % status_code, **ns)
      File "/opt/conda/lib/python3.10/site-packages/jupyter_server/base/handlers.py", line 666, in render_template
        ns.update(self.template_namespace)
      File "/opt/conda/lib/python3.10/site-packages/jupyter_server/base/handlers.py", line 676, in template_namespace
        logged_in=self.logged_in,
      File "/opt/conda/lib/python3.10/site-packages/jupyter_server/base/handlers.py", line 199, in logged_in
        user = self.current_user
      File "/opt/conda/lib/python3.10/site-packages/tornado/web.py", line 1424, in current_user
        self._current_user = self.get_current_user()
      File "/opt/conda/lib/python3.10/site-packages/jupyter_server/base/handlers.py", line 178, in get_current_user
        raise RuntimeError(msg)
    RuntimeError: Calling `Template404.get_current_user()` directly is deprecated in jupyter-server 2.0. Use `self.current_user` instead (works in all versions).
[W 2025-01-23 20:58:51.602 ServerApp] 405 CONNECT 45.61.137.126:7227 (@87.121.86.87) 0.54ms referer=None
[I 2025-01-23 20:59:56.477 ServerApp] Saving file at /full_volume_training.ipynb
[I 2025-01-23 21:01:57.213 ServerApp] Saving file at /full_volume_training.ipynb
[I 2025-01-23 21:03:57.970 ServerApp] Saving file at /full_volume_training.ipynb
[I 2025-01-23 21:05:58.890 ServerApp] Saving file at /full_volume_training.ipynb
[I 2025-01-23 21:08:00.545 ServerApp] Saving file at /full_volume_training.ipynb
[I 2025-01-23 21:10:01.570 ServerApp] Saving file at /full_volume_training.ipynb
[I 2025-01-23 21:12:03.084 ServerApp] Saving file at /full_volume_training.ipynb
[I 2025-01-23 21:14:03.907 ServerApp] Saving file at /full_volume_training.ipynb
[I 2025-01-23 21:16:05.070 ServerApp] Saving file at /full_volume_training.ipynb
[I 2025-01-23 21:18:05.752 ServerApp] Saving file at /full_volume_training.ipynb
[I 2025-01-23 21:20:06.530 ServerApp] Saving file at /full_volume_training.ipynb
[I 2025-01-23 21:22:08.273 ServerApp] Saving file at /full_volume_training.ipynb
[I 2025-01-23 21:24:10.100 ServerApp] Saving file at /full_volume_training.ipynb
[I 2025-01-23 21:26:12.210 ServerApp] Saving file at /full_volume_training.ipynb
[I 2025-01-23 21:28:13.434 ServerApp] Saving file at /full_volume_training.ipynb
[I 2025-01-23 21:30:14.851 ServerApp] Saving file at /full_volume_training.ipynb
[I 2025-01-23 21:32:16.146 ServerApp] Saving file at /full_volume_training.ipynb
[I 2025-01-23 21:34:17.142 ServerApp] Saving file at /full_volume_training.ipynb
[I 2025-01-23 21:36:18.588 ServerApp] Saving file at /full_volume_training.ipynb
[I 2025-01-23 21:38:20.259 ServerApp] Saving file at /full_volume_training.ipynb
[I 2025-01-23 21:40:21.837 ServerApp] Saving file at /full_volume_training.ipynb
[I 2025-01-23 21:42:23.872 ServerApp] Saving file at /full_volume_training.ipynb
[I 2025-01-23 21:44:25.466 ServerApp] Saving file at /full_volume_training.ipynb
[I 2025-01-23 21:46:27.377 ServerApp] Saving file at /full_volume_training.ipynb
[I 2025-01-23 21:48:29.341 ServerApp] Saving file at /full_volume_training.ipynb
[I 2025-01-23 21:50:30.523 ServerApp] Saving file at /full_volume_training.ipynb
[I 2025-01-23 21:52:31.836 ServerApp] Saving file at /full_volume_training.ipynb
[I 2025-01-23 21:54:33.400 ServerApp] Saving file at /full_volume_training.ipynb
[I 2025-01-23 21:56:35.153 ServerApp] Saving file at /full_volume_training.ipynb
[I 2025-01-23 21:58:37.402 ServerApp] Saving file at /full_volume_training.ipynb
[I 2025-01-23 22:00:39.268 ServerApp] Saving file at /full_volume_training.ipynb
[I 2025-01-23 22:02:41.075 ServerApp] Saving file at /full_volume_training.ipynb
[I 2025-01-23 22:04:42.863 ServerApp] Saving file at /full_volume_training.ipynb
[I 2025-01-23 22:06:43.508 ServerApp] Saving file at /full_volume_training.ipynb
[I 2025-01-23 22:08:44.480 ServerApp] Saving file at /full_volume_training.ipynb
[I 2025-01-23 22:10:45.679 ServerApp] Saving file at /full_volume_training.ipynb
[I 2025-01-23 22:12:46.353 ServerApp] Saving file at /full_volume_training.ipynb
[I 2025-01-23 22:14:47.288 ServerApp] Saving file at /full_volume_training.ipynb
[I 2025-01-23 22:16:47.977 ServerApp] Saving file at /full_volume_training.ipynb
[I 2025-01-23 22:18:48.776 ServerApp] Saving file at /full_volume_training.ipynb
[I 2025-01-23 22:20:50.233 ServerApp] Saving file at /full_volume_training.ipynb
[I 2025-01-23 22:22:51.221 ServerApp] Saving file at /full_volume_training.ipynb
[I 2025-01-23 22:24:52.214 ServerApp] Saving file at /full_volume_training.ipynb
[I 2025-01-23 22:26:53.662 ServerApp] Saving file at /full_volume_training.ipynb
[I 2025-01-23 22:28:54.972 ServerApp] Saving file at /full_volume_training.ipynb
[I 2025-01-23 22:30:57.007 ServerApp] Saving file at /full_volume_training.ipynb
[I 2025-01-23 22:32:58.121 ServerApp] Saving file at /full_volume_training.ipynb
[I 2025-01-23 22:34:59.667 ServerApp] Saving file at /full_volume_training.ipynb
[I 2025-01-23 22:37:00.984 ServerApp] Saving file at /full_volume_training.ipynb
[I 2025-01-23 22:39:02.813 ServerApp] Saving file at /full_volume_training.ipynb
[I 2025-01-23 22:41:04.435 ServerApp] Saving file at /full_volume_training.ipynb
[I 2025-01-23 22:43:06.784 ServerApp] Saving file at /full_volume_training.ipynb
[I 2025-01-23 22:45:09.704 ServerApp] Saving file at /full_volume_training.ipynb
[I 2025-01-23 22:47:11.137 ServerApp] Saving file at /full_volume_training.ipynb
[I 2025-01-23 22:49:12.905 ServerApp] Saving file at /full_volume_training.ipynb
[I 2025-01-23 22:51:14.228 ServerApp] Saving file at /full_volume_training.ipynb
[I 2025-01-23 22:53:16.120 ServerApp] Saving file at /full_volume_training.ipynb
[W 2025-01-23 22:56:19.012 ServerApp] WebSocket ping timeout after 119836 ms.
[I 2025-01-23 22:56:24.013 ServerApp] Starting buffering for 7e73b128-2a98-4713-a527-774c348aff18:0ac31c95-cb41-44f2-ac6d-4b6a5fa31601
[W 2025-01-23 22:56:24.754 ServerApp] WebSocket ping timeout after 119879 ms.
[W 2025-01-23 22:56:27.307 ServerApp] WebSocket ping timeout after 119815 ms.
[W 2025-01-23 22:56:29.108 ServerApp] WebSocket ping timeout after 119773 ms.
[I 2025-01-23 22:56:29.756 ServerApp] Starting buffering for 00136b00-cfd4-4c6c-bb52-343862dd3ea6:942c7bcf-187f-4ba8-b2b5-e54c2db50d36
[I 2025-01-23 22:56:32.309 ServerApp] Starting buffering for e8501557-ce11-468e-8a02-969511dcb82e:c95a8b57-6607-45c4-a080-54959d4917a2
[I 2025-01-23 22:56:34.109 ServerApp] Starting buffering for 6c26eec3-4f09-4358-bbda-aa4a4b84bc4a:c4ea6531-45f4-4d0b-92da-29209f92223a
[I 2025-01-23 22:58:53.388 ServerApp] Connecting to kernel 00136b00-cfd4-4c6c-bb52-343862dd3ea6.
[I 2025-01-23 22:58:53.388 ServerApp] Restoring connection for 00136b00-cfd4-4c6c-bb52-343862dd3ea6:942c7bcf-187f-4ba8-b2b5-e54c2db50d36
[I 2025-01-23 22:58:54.417 ServerApp] Connecting to kernel e8501557-ce11-468e-8a02-969511dcb82e.
[I 2025-01-23 22:58:54.417 ServerApp] Restoring connection for e8501557-ce11-468e-8a02-969511dcb82e:c95a8b57-6607-45c4-a080-54959d4917a2
[I 2025-01-23 22:59:04.083 ServerApp] Connecting to kernel 6c26eec3-4f09-4358-bbda-aa4a4b84bc4a.
[I 2025-01-23 22:59:04.083 ServerApp] Restoring connection for 6c26eec3-4f09-4358-bbda-aa4a4b84bc4a:c4ea6531-45f4-4d0b-92da-29209f92223a
[I 2025-01-23 22:59:07.480 ServerApp] Connecting to kernel 7e73b128-2a98-4713-a527-774c348aff18.
[I 2025-01-23 22:59:07.480 ServerApp] Restoring connection for 7e73b128-2a98-4713-a527-774c348aff18:0ac31c95-cb41-44f2-ac6d-4b6a5fa31601
[I 2025-01-23 22:59:07.480 ServerApp] Replaying 30 buffered messages
[I 2025-01-23 22:59:18.390 ServerApp] Saving file at /full_volume_training.ipynb
[W 2025-01-23 23:01:42.647 ServerApp] Replacing stale connection: e8501557-ce11-468e-8a02-969511dcb82e:c95a8b57-6607-45c4-a080-54959d4917a2
[I 2025-01-23 23:01:42.648 ServerApp] Connecting to kernel e8501557-ce11-468e-8a02-969511dcb82e.
[W 2025-01-23 23:01:42.651 ServerApp] 
[W 2025-01-23 23:01:42.652 ServerApp] 
[W 2025-01-23 23:01:42.652 ServerApp] 
[W 2025-01-23 23:01:42.652 ServerApp] 
[W 2025-01-23 23:01:42.704 ServerApp] 
[W 2025-01-23 23:01:42.704 ServerApp] 
[W 2025-01-23 23:01:43.032 ServerApp] Replacing stale connection: 00136b00-cfd4-4c6c-bb52-343862dd3ea6:942c7bcf-187f-4ba8-b2b5-e54c2db50d36
[I 2025-01-23 23:01:43.032 ServerApp] Connecting to kernel 00136b00-cfd4-4c6c-bb52-343862dd3ea6.
[W 2025-01-23 23:01:43.035 ServerApp] 
[W 2025-01-23 23:01:43.035 ServerApp] 
[W 2025-01-23 23:01:43.035 ServerApp] 
[W 2025-01-23 23:01:43.036 ServerApp] 
[W 2025-01-23 23:01:43.090 ServerApp] 
[W 2025-01-23 23:01:43.090 ServerApp] 
[W 2025-01-23 23:01:56.301 ServerApp] Replacing stale connection: 6c26eec3-4f09-4358-bbda-aa4a4b84bc4a:c4ea6531-45f4-4d0b-92da-29209f92223a
[I 2025-01-23 23:01:56.301 ServerApp] Connecting to kernel 6c26eec3-4f09-4358-bbda-aa4a4b84bc4a.
[W 2025-01-23 23:01:56.304 ServerApp] 
[W 2025-01-23 23:01:56.304 ServerApp] 
[W 2025-01-23 23:01:56.305 ServerApp] 
[W 2025-01-23 23:01:56.305 ServerApp] 
[W 2025-01-23 23:01:56.358 ServerApp] 
[W 2025-01-23 23:01:56.358 ServerApp] 
[I 2025-01-23 23:03:20.630 ServerApp] Saving file at /full_volume_training.ipynb
[I 2025-01-23 23:05:22.237 ServerApp] Saving file at /full_volume_training.ipynb
[I 2025-01-23 23:07:24.713 ServerApp] Saving file at /full_volume_training.ipynb
[I 2025-01-23 23:09:26.586 ServerApp] Saving file at /full_volume_training.ipynb
[I 2025-01-23 23:11:28.947 ServerApp] Saving file at /full_volume_training.ipynb
[I 2025-01-23 23:15:30.385 ServerApp] Saving file at /full_volume_training.ipynb
[I 2025-01-23 23:17:32.402 ServerApp] Saving file at /full_volume_training.ipynb
[I 2025-01-23 23:19:34.835 ServerApp] Saving file at /full_volume_training.ipynb
[I 2025-01-23 23:29:38.693 ServerApp] Saving file at /full_volume_training.ipynb
[I 2025-01-23 23:31:39.748 ServerApp] Saving file at /full_volume_training.ipynb
[I 2025-01-23 23:33:40.864 ServerApp] Saving file at /full_volume_training.ipynb
[I 2025-01-23 23:35:41.961 ServerApp] Saving file at /full_volume_training.ipynb
[I 2025-01-23 23:37:42.701 ServerApp] Saving file at /full_volume_training.ipynb
[I 2025-01-23 23:39:43.727 ServerApp] Saving file at /full_volume_training.ipynb
[I 2025-01-23 23:41:45.380 ServerApp] Saving file at /full_volume_training.ipynb
[I 2025-01-23 23:43:47.187 ServerApp] Saving file at /full_volume_training.ipynb
[I 2025-01-23 23:45:49.189 ServerApp] Saving file at /full_volume_training.ipynb
[I 2025-01-23 23:47:51.285 ServerApp] Saving file at /full_volume_training.ipynb
[I 2025-01-23 23:49:53.319 ServerApp] Saving file at /full_volume_training.ipynb
[I 2025-01-23 23:51:56.008 ServerApp] Saving file at /full_volume_training.ipynb
[I 2025-01-23 23:53:57.406 ServerApp] Saving file at /full_volume_training.ipynb
[I 2025-01-23 23:55:59.389 ServerApp] Saving file at /full_volume_training.ipynb
[I 2025-01-23 23:58:01.453 ServerApp] Saving file at /full_volume_training.ipynb
[I 2025-01-24 00:00:03.241 ServerApp] Saving file at /full_volume_training.ipynb
[I 2025-01-24 00:02:05.784 ServerApp] Saving file at /full_volume_training.ipynb
[I 2025-01-24 00:02:46.254 ServerApp] 302 GET / (@167.94.145.106) 0.26ms
[I 2025-01-24 00:02:56.331 ServerApp] 302 GET / (@167.94.145.106) 0.23ms
[I 2025-01-24 00:02:56.382 ServerApp] Malformed HTTP message from 167.94.145.106: Malformed HTTP version in HTTP Request-Line: 'HTTP/2.0'
[I 2025-01-24 00:02:59.947 LabApp] 302 GET /lab (@167.94.145.106) 0.36ms
[I 2025-01-24 00:02:59.959 ServerApp] Malformed HTTP message from 167.94.145.106: Malformed HTTP version in HTTP Request-Line: 'HTTP/2.0'
[I 2025-01-24 00:02:59.971 ServerApp] 302 GET / (@167.94.145.106) 0.17ms
[I 2025-01-24 00:03:03.417 ServerApp] Malformed HTTP message from 167.94.145.106: Malformed HTTP version in HTTP Request-Line: 'HTTP/2.0'
[I 2025-01-24 00:03:03.462 ServerApp] 302 GET / (@167.94.145.106) 0.16ms
[I 2025-01-24 00:04:07.973 ServerApp] Saving file at /full_volume_training.ipynb
[I 2025-01-24 00:06:10.282 ServerApp] Saving file at /full_volume_training.ipynb
[I 2025-01-24 00:08:11.681 ServerApp] Saving file at /full_volume_training.ipynb
[I 2025-01-24 00:10:13.157 ServerApp] Saving file at /full_volume_training.ipynb
[I 2025-01-24 00:12:14.795 ServerApp] Saving file at /full_volume_training.ipynb
[I 2025-01-24 00:14:16.292 ServerApp] Saving file at /full_volume_training.ipynb
[I 2025-01-24 00:16:17.639 ServerApp] Saving file at /full_volume_training.ipynb
[I 2025-01-24 00:18:19.044 ServerApp] Saving file at /full_volume_training.ipynb
[I 2025-01-24 00:20:20.146 ServerApp] Saving file at /full_volume_training.ipynb
[I 2025-01-24 00:22:22.001 ServerApp] Saving file at /full_volume_training.ipynb
[I 2025-01-24 00:24:23.245 ServerApp] Saving file at /full_volume_training.ipynb
[I 2025-01-24 00:26:24.150 ServerApp] Saving file at /full_volume_training.ipynb
[I 2025-01-24 00:28:25.203 ServerApp] Saving file at /full_volume_training.ipynb
[I 2025-01-24 00:30:26.295 ServerApp] Saving file at /full_volume_training.ipynb
[I 2025-01-24 00:32:27.648 ServerApp] Saving file at /full_volume_training.ipynb
[I 2025-01-24 00:34:28.862 ServerApp] Saving file at /full_volume_training.ipynb
[I 2025-01-24 00:36:29.993 ServerApp] Saving file at /full_volume_training.ipynb
[I 2025-01-24 00:38:31.491 ServerApp] Saving file at /full_volume_training.ipynb
[I 2025-01-24 00:40:32.647 ServerApp] Saving file at /full_volume_training.ipynb
[I 2025-01-24 00:42:33.976 ServerApp] Saving file at /full_volume_training.ipynb
[I 2025-01-24 00:43:55.699 ServerApp] Starting buffering for 6c26eec3-4f09-4358-bbda-aa4a4b84bc4a:c4ea6531-45f4-4d0b-92da-29209f92223a
[I 2025-01-24 00:43:55.712 ServerApp] Starting buffering for 00136b00-cfd4-4c6c-bb52-343862dd3ea6:942c7bcf-187f-4ba8-b2b5-e54c2db50d36
[I 2025-01-24 00:43:55.715 ServerApp] Starting buffering for e8501557-ce11-468e-8a02-969511dcb82e:c95a8b57-6607-45c4-a080-54959d4917a2
[I 2025-01-24 00:43:55.718 ServerApp] Starting buffering for 7e73b128-2a98-4713-a527-774c348aff18:0ac31c95-cb41-44f2-ac6d-4b6a5fa31601
[I 2025-01-24 02:02:12.022 ServerApp] Connecting to kernel 6c26eec3-4f09-4358-bbda-aa4a4b84bc4a.
[I 2025-01-24 02:02:12.022 ServerApp] Restoring connection for 6c26eec3-4f09-4358-bbda-aa4a4b84bc4a:c4ea6531-45f4-4d0b-92da-29209f92223a
[I 2025-01-24 02:02:12.251 ServerApp] Connecting to kernel 00136b00-cfd4-4c6c-bb52-343862dd3ea6.
[I 2025-01-24 02:02:12.251 ServerApp] Restoring connection for 00136b00-cfd4-4c6c-bb52-343862dd3ea6:942c7bcf-187f-4ba8-b2b5-e54c2db50d36
[I 2025-01-24 02:02:12.436 ServerApp] Starting buffering for 00136b00-cfd4-4c6c-bb52-343862dd3ea6:942c7bcf-187f-4ba8-b2b5-e54c2db50d36
[I 2025-01-24 02:02:12.437 ServerApp] Starting buffering for 6c26eec3-4f09-4358-bbda-aa4a4b84bc4a:c4ea6531-45f4-4d0b-92da-29209f92223a
[I 2025-01-24 04:10:45.454 ServerApp] 302 GET / (@172.212.59.135) 0.46ms
[I 2025-01-24 08:15:29.310 ServerApp] 302 GET / (@65.49.1.90) 0.44ms
[I 2025-01-24 08:15:38.664 ServerApp] 302 GET / (@65.49.1.80) 0.46ms
[I 2025-01-24 08:15:38.811 LabApp] 302 GET /lab? (@65.49.1.80) 0.63ms
[I 2025-01-24 13:09:35.426 ServerApp] 302 GET / (@206.168.34.114) 0.39ms
[I 2025-01-24 13:09:44.539 ServerApp] 302 GET / (@206.168.34.114) 0.39ms
[I 2025-01-24 13:09:44.761 ServerApp] Malformed HTTP message from 206.168.34.114: Malformed HTTP version in HTTP Request-Line: 'HTTP/2.0'
[I 2025-01-24 13:09:47.976 LabApp] 302 GET /lab (@206.168.34.114) 0.41ms
[I 2025-01-24 13:09:48.198 ServerApp] Malformed HTTP message from 206.168.34.114: Malformed HTTP version in HTTP Request-Line: 'HTTP/2.0'
[I 2025-01-24 13:09:48.412 ServerApp] 302 GET / (@206.168.34.114) 0.31ms
[I 2025-01-24 13:09:52.502 ServerApp] Malformed HTTP message from 206.168.34.114: Malformed HTTP version in HTTP Request-Line: 'HTTP/2.0'
[I 2025-01-24 13:09:52.722 ServerApp] 302 GET / (@206.168.34.114) 0.27ms
[I 2025-01-24 13:31:47.560 ServerApp] Connecting to kernel 00136b00-cfd4-4c6c-bb52-343862dd3ea6.
[I 2025-01-24 13:31:47.561 ServerApp] Restoring connection for 00136b00-cfd4-4c6c-bb52-343862dd3ea6:942c7bcf-187f-4ba8-b2b5-e54c2db50d36
[I 2025-01-24 13:31:57.470 ServerApp] Connecting to kernel 6c26eec3-4f09-4358-bbda-aa4a4b84bc4a.
[I 2025-01-24 13:31:57.470 ServerApp] Restoring connection for 6c26eec3-4f09-4358-bbda-aa4a4b84bc4a:c4ea6531-45f4-4d0b-92da-29209f92223a
[I 2025-01-24 13:31:58.451 ServerApp] Connecting to kernel e8501557-ce11-468e-8a02-969511dcb82e.
[I 2025-01-24 13:31:58.451 ServerApp] Restoring connection for e8501557-ce11-468e-8a02-969511dcb82e:c95a8b57-6607-45c4-a080-54959d4917a2
[I 2025-01-24 13:31:58.576 ServerApp] Connecting to kernel 7e73b128-2a98-4713-a527-774c348aff18.
[I 2025-01-24 13:31:58.576 ServerApp] Restoring connection for 7e73b128-2a98-4713-a527-774c348aff18:0ac31c95-cb41-44f2-ac6d-4b6a5fa31601
[I 2025-01-24 13:31:59.005 ServerApp] Saving file at /full_volume_training.ipynb
[W 2025-01-24 15:27:47.562 ServerApp] WebSocket ping timeout after 119952 ms.
[I 2025-01-24 15:27:52.564 ServerApp] Starting buffering for 00136b00-cfd4-4c6c-bb52-343862dd3ea6:942c7bcf-187f-4ba8-b2b5-e54c2db50d36
[W 2025-01-24 15:27:57.471 ServerApp] WebSocket ping timeout after 119953 ms.
[W 2025-01-24 15:27:58.452 ServerApp] WebSocket ping timeout after 119953 ms.
[W 2025-01-24 15:27:58.577 ServerApp] WebSocket ping timeout after 119950 ms.
[I 2025-01-24 15:28:02.472 ServerApp] Starting buffering for 6c26eec3-4f09-4358-bbda-aa4a4b84bc4a:c4ea6531-45f4-4d0b-92da-29209f92223a
[I 2025-01-24 15:28:03.454 ServerApp] Starting buffering for e8501557-ce11-468e-8a02-969511dcb82e:c95a8b57-6607-45c4-a080-54959d4917a2
[I 2025-01-24 15:28:03.578 ServerApp] Starting buffering for 7e73b128-2a98-4713-a527-774c348aff18:0ac31c95-cb41-44f2-ac6d-4b6a5fa31601
[I 2025-01-24 15:29:32.964 ServerApp] Connecting to kernel 00136b00-cfd4-4c6c-bb52-343862dd3ea6.
[I 2025-01-24 15:29:32.964 ServerApp] Restoring connection for 00136b00-cfd4-4c6c-bb52-343862dd3ea6:942c7bcf-187f-4ba8-b2b5-e54c2db50d36
[I 2025-01-24 15:29:42.728 ServerApp] Connecting to kernel 6c26eec3-4f09-4358-bbda-aa4a4b84bc4a.
[I 2025-01-24 15:29:42.728 ServerApp] Restoring connection for 6c26eec3-4f09-4358-bbda-aa4a4b84bc4a:c4ea6531-45f4-4d0b-92da-29209f92223a
[I 2025-01-24 15:29:43.714 ServerApp] Connecting to kernel e8501557-ce11-468e-8a02-969511dcb82e.
[I 2025-01-24 15:29:43.715 ServerApp] Restoring connection for e8501557-ce11-468e-8a02-969511dcb82e:c95a8b57-6607-45c4-a080-54959d4917a2
[I 2025-01-24 15:29:43.853 ServerApp] Connecting to kernel 7e73b128-2a98-4713-a527-774c348aff18.
[I 2025-01-24 15:29:43.853 ServerApp] Restoring connection for 7e73b128-2a98-4713-a527-774c348aff18:0ac31c95-cb41-44f2-ac6d-4b6a5fa31601
[I 2025-01-24 17:18:14.046 ServerApp] 302 GET / (@154.212.141.225) 0.38ms
[E 2025-01-24 22:49:12.124 ServerApp] Uncaught exception in write_error
    Traceback (most recent call last):
      File "/opt/conda/lib/python3.10/site-packages/tornado/web.py", line 1753, in _execute
        raise HTTPError(405)
    tornado.web.HTTPError: HTTP 405: Method Not Allowed
    
    During handling of the above exception, another exception occurred:
    
    Traceback (most recent call last):
      File "/opt/conda/lib/python3.10/site-packages/tornado/web.py", line 1298, in send_error
        self.write_error(status_code, **kwargs)
      File "/opt/conda/lib/python3.10/site-packages/jupyter_server/base/handlers.py", line 740, in write_error
        html = self.render_template("%s.html" % status_code, **ns)
      File "/opt/conda/lib/python3.10/site-packages/jupyter_server/base/handlers.py", line 666, in render_template
        ns.update(self.template_namespace)
      File "/opt/conda/lib/python3.10/site-packages/jupyter_server/base/handlers.py", line 676, in template_namespace
        logged_in=self.logged_in,
      File "/opt/conda/lib/python3.10/site-packages/jupyter_server/base/handlers.py", line 199, in logged_in
        user = self.current_user
      File "/opt/conda/lib/python3.10/site-packages/tornado/web.py", line 1424, in current_user
        self._current_user = self.get_current_user()
      File "/opt/conda/lib/python3.10/site-packages/jupyter_server/base/handlers.py", line 178, in get_current_user
        raise RuntimeError(msg)
    RuntimeError: Calling `Template404.get_current_user()` directly is deprecated in jupyter-server 2.0. Use `self.current_user` instead (works in all versions).
[W 2025-01-24 22:49:12.124 ServerApp] 405 CONNECT 45.61.136.175:7227 (@195.177.94.21) 0.83ms referer=None
[W 2025-01-24 23:01:12.729 ServerApp] WebSocket ping timeout after 119911 ms.
[W 2025-01-24 23:01:13.716 ServerApp] WebSocket ping timeout after 119954 ms.
[W 2025-01-24 23:01:13.853 ServerApp] WebSocket ping timeout after 119952 ms.
[I 2025-01-24 23:01:17.731 ServerApp] Starting buffering for 6c26eec3-4f09-4358-bbda-aa4a4b84bc4a:c4ea6531-45f4-4d0b-92da-29209f92223a
[I 2025-01-24 23:01:18.718 ServerApp] Starting buffering for e8501557-ce11-468e-8a02-969511dcb82e:c95a8b57-6607-45c4-a080-54959d4917a2
[I 2025-01-24 23:01:18.854 ServerApp] Starting buffering for 7e73b128-2a98-4713-a527-774c348aff18:0ac31c95-cb41-44f2-ac6d-4b6a5fa31601
[W 2025-01-24 23:01:32.965 ServerApp] WebSocket ping timeout after 119945 ms.
[I 2025-01-24 23:01:37.966 ServerApp] Starting buffering for 00136b00-cfd4-4c6c-bb52-343862dd3ea6:942c7bcf-187f-4ba8-b2b5-e54c2db50d36
[I 2025-01-25 00:31:34.086 ServerApp] 302 GET / (@165.154.174.108) 0.30ms
[I 2025-01-25 00:31:52.145 LabApp] 302 GET /lab? (@165.154.174.108) 0.36ms
[W 2025-01-25 00:31:52.310 ServerApp] 404 GET /robots.txt (@165.154.174.108) 0.97ms referer=None
[W 2025-01-25 00:31:52.358 ServerApp] 404 GET /sitemap.xml (@165.154.174.108) 0.81ms referer=None
[W 2025-01-25 00:31:52.409 ServerApp] 404 GET /config.json (@165.154.174.108) 0.82ms referer=None
[E 2025-01-25 01:09:50.150 ServerApp] Uncaught exception in write_error
    Traceback (most recent call last):
      File "/opt/conda/lib/python3.10/site-packages/tornado/web.py", line 1753, in _execute
        raise HTTPError(405)
    tornado.web.HTTPError: HTTP 405: Method Not Allowed
    
    During handling of the above exception, another exception occurred:
    
    Traceback (most recent call last):
      File "/opt/conda/lib/python3.10/site-packages/tornado/web.py", line 1298, in send_error
        self.write_error(status_code, **kwargs)
      File "/opt/conda/lib/python3.10/site-packages/jupyter_server/base/handlers.py", line 740, in write_error
        html = self.render_template("%s.html" % status_code, **ns)
      File "/opt/conda/lib/python3.10/site-packages/jupyter_server/base/handlers.py", line 666, in render_template
        ns.update(self.template_namespace)
      File "/opt/conda/lib/python3.10/site-packages/jupyter_server/base/handlers.py", line 676, in template_namespace
        logged_in=self.logged_in,
      File "/opt/conda/lib/python3.10/site-packages/jupyter_server/base/handlers.py", line 199, in logged_in
        user = self.current_user
      File "/opt/conda/lib/python3.10/site-packages/tornado/web.py", line 1424, in current_user
        self._current_user = self.get_current_user()
      File "/opt/conda/lib/python3.10/site-packages/jupyter_server/base/handlers.py", line 178, in get_current_user
        raise RuntimeError(msg)
    RuntimeError: Calling `Template404.get_current_user()` directly is deprecated in jupyter-server 2.0. Use `self.current_user` instead (works in all versions).
[W 2025-01-25 01:09:50.151 ServerApp] 405 CONNECT 185.65.245.140:7227 (@87.121.86.84) 0.67ms referer=None
[I 2025-01-25 03:56:39.303 ServerApp] 302 GET / (@157.66.55.50) 0.40ms
[I 2025-01-25 03:56:39.601 LabApp] 302 GET /lab? (@157.66.55.50) 0.45ms
[I 2025-01-25 06:09:10.850 ServerApp] 302 GET / (@184.105.247.252) 0.33ms
[I 2025-01-25 06:09:17.095 ServerApp] 302 GET / (@184.105.247.252) 0.23ms
[I 2025-01-25 06:09:17.239 LabApp] 302 GET /lab? (@184.105.247.252) 0.43ms
[I 2025-01-25 06:50:51.401 ServerApp] 302 GET / (@123.160.223.73) 0.33ms
[I 2025-01-25 06:50:51.913 LabApp] 302 GET /lab? (@123.160.223.74) 0.35ms
[I 2025-01-25 06:50:53.032 ServerApp] 302 GET / (@123.160.223.73) 0.22ms
[I 2025-01-25 06:50:53.554 LabApp] 302 GET /lab? (@123.160.223.73) 0.31ms
[I 2025-01-25 06:56:49.652 ServerApp] 302 GET / (@111.7.96.159) 0.26ms
[I 2025-01-25 06:56:51.268 LabApp] 302 GET /lab? (@111.7.96.159) 0.43ms
[I 2025-01-25 06:56:53.642 ServerApp] 302 GET / (@111.7.96.159) 0.21ms
[I 2025-01-25 06:56:54.030 LabApp] 302 GET /lab? (@111.7.96.159) 0.28ms
[E 2025-01-25 11:11:46.555 ServerApp] Uncaught exception in write_error
    Traceback (most recent call last):
      File "/opt/conda/lib/python3.10/site-packages/tornado/web.py", line 1753, in _execute
        raise HTTPError(405)
    tornado.web.HTTPError: HTTP 405: Method Not Allowed
    
    During handling of the above exception, another exception occurred:
    
    Traceback (most recent call last):
      File "/opt/conda/lib/python3.10/site-packages/tornado/web.py", line 1298, in send_error
        self.write_error(status_code, **kwargs)
      File "/opt/conda/lib/python3.10/site-packages/jupyter_server/base/handlers.py", line 740, in write_error
        html = self.render_template("%s.html" % status_code, **ns)
      File "/opt/conda/lib/python3.10/site-packages/jupyter_server/base/handlers.py", line 666, in render_template
        ns.update(self.template_namespace)
      File "/opt/conda/lib/python3.10/site-packages/jupyter_server/base/handlers.py", line 676, in template_namespace
        logged_in=self.logged_in,
      File "/opt/conda/lib/python3.10/site-packages/jupyter_server/base/handlers.py", line 199, in logged_in
        user = self.current_user
      File "/opt/conda/lib/python3.10/site-packages/tornado/web.py", line 1424, in current_user
        self._current_user = self.get_current_user()
      File "/opt/conda/lib/python3.10/site-packages/jupyter_server/base/handlers.py", line 178, in get_current_user
        raise RuntimeError(msg)
    RuntimeError: Calling `Template404.get_current_user()` directly is deprecated in jupyter-server 2.0. Use `self.current_user` instead (works in all versions).
[W 2025-01-25 11:11:46.555 ServerApp] 405 CONNECT 185.65.245.140:7227 (@154.213.187.96) 0.58ms referer=None
[I 2025-01-25 12:04:40.566 ServerApp] 302 GET / (@162.142.125.113) 0.27ms
[I 2025-01-25 12:04:49.669 ServerApp] 302 GET / (@162.142.125.113) 0.30ms
[I 2025-01-25 12:04:49.869 ServerApp] Malformed HTTP message from 162.142.125.113: Malformed HTTP version in HTTP Request-Line: 'HTTP/2.0'
[I 2025-01-25 12:04:53.074 LabApp] 302 GET /lab (@162.142.125.113) 0.45ms
[I 2025-01-25 12:04:53.278 ServerApp] Malformed HTTP message from 162.142.125.113: Malformed HTTP version in HTTP Request-Line: 'HTTP/2.0'
[I 2025-01-25 12:04:53.481 ServerApp] 302 GET / (@162.142.125.113) 0.30ms
[I 2025-01-25 12:04:57.503 ServerApp] Malformed HTTP message from 162.142.125.113: Malformed HTTP version in HTTP Request-Line: 'HTTP/2.0'
[I 2025-01-25 12:04:57.704 ServerApp] 302 GET / (@162.142.125.113) 0.30ms
[I 2025-01-25 13:16:24.745 ServerApp] 302 GET / (@194.164.107.4) 0.31ms
[I 2025-01-26 07:26:31.148 ServerApp] 302 GET / (@18.216.255.128) 0.41ms
[I 2025-01-26 07:26:32.706 ServerApp] 302 GET / (@18.216.255.128) 0.34ms
[I 2025-01-26 07:26:32.868 LabApp] 302 GET /lab? (@18.216.255.128) 0.47ms
[I 2025-01-26 07:33:54.241 ServerApp] 302 GET / (@157.66.55.50) 0.34ms
[I 2025-01-26 07:33:54.427 LabApp] 302 GET /lab (@157.66.55.50) 0.46ms
[I 2025-01-26 08:15:58.750 ServerApp] 302 GET / (@64.62.197.7) 0.34ms
[I 2025-01-26 08:16:08.283 ServerApp] 302 GET / (@64.62.197.14) 0.34ms
[I 2025-01-26 08:16:08.430 LabApp] 302 GET /lab? (@64.62.197.14) 0.57ms
[I 2025-01-26 09:41:52.338 ServerApp] 302 GET / (@219.153.113.104) 0.34ms
[I 2025-01-26 09:41:52.542 LabApp] 302 GET /lab? (@219.153.113.104) 0.46ms
[I 2025-01-26 11:26:53.018 ServerApp] 302 GET / (@172.105.246.139) 0.40ms
[W 2025-01-26 11:26:53.100 ServerApp] 405 HEAD / (@172.105.246.139) 1.57ms referer=None
[W 2025-01-26 11:26:53.101 ServerApp] 404 GET /Portal0000.htm (@172.105.246.139) 2.32ms referer=None
[W 2025-01-26 11:26:53.101 ServerApp] 404 GET /webui (@172.105.246.139) 2.75ms referer=None
[W 2025-01-26 11:26:53.102 ServerApp] 404 GET /webui (@172.105.246.139) 3.18ms referer=None
[I 2025-01-26 11:26:53.102 ServerApp] 302 GET /?=PHPE9568F36-D428-11d2-A769-00AA001ACF42 (@172.105.246.139) 3.26ms
[W 2025-01-26 11:26:53.102 ServerApp] 403 POST /sdk (172.105.246.139): '_xsrf' argument missing from POST
[W 2025-01-26 11:26:53.103 ServerApp] 403 POST /sdk (@172.105.246.139) 3.88ms referer=None
[W 2025-01-26 11:26:53.104 ServerApp] 404 GET /CSS/Miniweb.css (@172.105.246.139) 4.32ms referer=None
[W 2025-01-26 11:26:53.104 ServerApp] 404 GET /menu.jsa (@172.105.246.139) 4.74ms referer=None
[W 2025-01-26 11:26:53.105 ServerApp] 404 GET /nmaplowercheck1737890813 (@172.105.246.139) 5.16ms referer=None
[W 2025-01-26 11:26:53.105 ServerApp] 404 GET /V9kb (@172.105.246.139) 5.56ms referer=None
[W 2025-01-26 11:26:53.106 ServerApp] 404 GET /rest/applinks/1.0/manifest (@172.105.246.139) 1.01ms referer=None
[I 2025-01-26 11:26:53.107 ServerApp] 302 GET / (@172.105.246.139) 1.07ms
[W 2025-01-26 11:26:53.107 ServerApp] 404 GET /Portal/Portal.mwsl (@172.105.246.139) 1.49ms referer=None
[W 2025-01-26 11:26:53.108 ServerApp] 404 GET /.git/HEAD (@172.105.246.139) 1.90ms referer=None
[W 2025-01-26 11:26:53.268 ServerApp] 404 GET /__Additional (@172.105.246.139) 1.89ms referer=None
[I 2025-01-26 11:26:53.268 ServerApp] 302 GET / (@172.105.246.139) 1.88ms
[I 2025-01-26 11:26:53.269 LabApp] 302 GET /lab?=PHPE9568F36-D428-11d2-A769-00AA001ACF42 (@172.105.246.139) 2.06ms
[W 2025-01-26 11:26:53.269 ServerApp] 404 GET /user (@172.105.246.139) 2.51ms referer=None
[I 2025-01-26 11:26:53.270 LabApp] 302 GET /lab? (@172.105.246.139) 2.75ms
[W 2025-01-26 11:26:53.271 ServerApp] 404 GET /confluence/rest/applinks/1.0/manifest (@172.105.246.139) 3.55ms referer=None
[W 2025-01-26 11:26:53.271 ServerApp] 404 GET /HNAP1 (@172.105.246.139) 4.16ms referer=None
[W 2025-01-26 11:26:53.272 ServerApp] 404 GET /home.php (@172.105.246.139) 4.59ms referer=None
[I 2025-01-26 11:26:53.272 ServerApp] 302 GET /docs/cplugError.html/ (@172.105.246.139) 4.70ms
[W 2025-01-26 11:26:53.317 ServerApp] 404 GET /pools/default/buckets (@172.105.246.139) 0.94ms referer=None
[I 2025-01-26 11:26:53.372 ServerApp] 302 GET / (@172.105.246.139) 0.41ms
[I 2025-01-26 11:26:53.422 LabApp] 302 GET /lab? (@172.105.246.139) 0.94ms
[W 2025-01-26 11:26:53.424 ServerApp] 404 GET /user (@172.105.246.139) 1.89ms referer=None
[W 2025-01-26 11:26:53.424 ServerApp] 404 GET /admin.cfm (@172.105.246.139) 2.54ms referer=None
[W 2025-01-26 11:26:53.426 ServerApp] 404 GET /docs/cplugError.html (@172.105.246.139) 1.47ms referer=None
[W 2025-01-26 11:26:53.473 ServerApp] 404 GET /pools (@172.105.246.139) 0.95ms referer=None
[I 2025-01-26 11:26:53.535 LabApp] 302 GET /lab? (@172.105.246.139) 0.48ms
[I 2025-01-26 11:26:53.587 ServerApp] 302 GET /?=PHPB8B5F2A0-3C92-11d3-A3A9-4C7B08C10000 (@172.105.246.139) 1.28ms
[W 2025-01-26 11:26:53.587 ServerApp] 404 GET /human.aspx?arg12=infotech (@172.105.246.139) 1.79ms referer=None
[W 2025-01-26 11:26:53.588 ServerApp] 404 GET /menu.jhtml (@172.105.246.139) 2.39ms referer=None
[I 2025-01-26 11:26:53.742 ServerApp] 302 GET /owa/ (@172.105.246.139) 0.81ms
[I 2025-01-26 11:26:53.742 LabApp] 302 GET /lab?=PHPB8B5F2A0-3C92-11d3-A3A9-4C7B08C10000 (@172.105.246.139) 0.99ms
[W 2025-01-26 11:26:53.743 ServerApp] 404 GET /human.aspx?arg12=infotech (@172.105.246.139) 1.52ms referer=None
[W 2025-01-26 11:26:53.743 ServerApp] 404 GET /default.jsp (@172.105.246.139) 1.94ms referer=None
[W 2025-01-26 11:26:53.900 ServerApp] 404 GET /owa (@172.105.246.139) 1.46ms referer=None
[W 2025-01-26 11:26:53.901 ServerApp] 404 GET /dana-cached/hc/HostCheckerInstaller.osx (@172.105.246.139) 2.23ms referer=None
[W 2025-01-26 11:26:53.901 ServerApp] 404 GET /start.asp (@172.105.246.139) 2.65ms referer=None
[I 2025-01-26 11:26:54.056 ServerApp] 302 GET /owa/ (@172.105.246.139) 0.67ms
[W 2025-01-26 11:26:54.056 ServerApp] 404 GET /dana-na/nc/nc_gina_ver.txt (@172.105.246.139) 1.23ms referer=None
[W 2025-01-26 11:26:54.057 ServerApp] 404 GET /inicio.jsp (@172.105.246.139) 1.65ms referer=None
[W 2025-01-26 11:26:54.212 ServerApp] 404 GET /owa (@172.105.246.139) 1.16ms referer=None
[W 2025-01-26 11:26:54.213 ServerApp] 404 GET /+CSCOE+/logon.html (@172.105.246.139) 1.53ms referer=None
[W 2025-01-26 11:26:54.213 ServerApp] 404 GET /main.jhtml (@172.105.246.139) 1.95ms referer=None
[I 2025-01-26 11:26:54.367 ServerApp] 302 GET /CFIDE/componentutils/ (@172.105.246.139) 0.56ms
[W 2025-01-26 11:26:54.368 ServerApp] 404 GET /default.cfm (@172.105.246.139) 1.14ms referer=None
[W 2025-01-26 11:26:54.523 ServerApp] 404 GET /CFIDE/componentutils (@172.105.246.139) 1.07ms referer=None
[W 2025-01-26 11:26:54.523 ServerApp] 404 GET /localstart.cfm (@172.105.246.139) 1.43ms referer=None
[W 2025-01-26 11:26:54.678 ServerApp] 404 GET /geoserver/index.html (@172.105.246.139) 1.08ms referer=None
[W 2025-01-26 11:26:54.679 ServerApp] 404 GET /home.jsa (@172.105.246.139) 1.42ms referer=None
[I 2025-01-26 11:26:54.830 ServerApp] 302 GET /geoserver/ (@172.105.246.139) 0.56ms
[W 2025-01-26 11:26:54.831 ServerApp] 404 GET /readme.txt (@172.105.246.139) 1.12ms referer=None
[W 2025-01-26 11:26:54.983 ServerApp] 404 GET /geoserver (@172.105.246.139) 1.07ms referer=None
[W 2025-01-26 11:26:54.984 ServerApp] 404 GET /menu.jsp (@172.105.246.139) 1.41ms referer=None
[W 2025-01-26 11:26:55.138 ServerApp] 404 GET /geoserver/web/wicket/bookmarkable/org.geoserver.web.AboutGeoServerPage (@172.105.246.139) 1.08ms referer=None
[W 2025-01-26 11:26:55.138 ServerApp] 404 GET /admin.pl (@172.105.246.139) 1.43ms referer=None
[W 2025-01-26 11:26:55.291 ServerApp] 404 GET /geoserver/web/wicket/bookmarkable/org.geoserver.web.AboutGeoServerPage (@172.105.246.139) 1.08ms referer=None
[W 2025-01-26 11:26:55.291 ServerApp] 404 GET /admin.shtml (@172.105.246.139) 1.44ms referer=None
[W 2025-01-26 11:26:55.445 ServerApp] 404 GET /Account/Login (@172.105.246.139) 1.07ms referer=None
[W 2025-01-26 11:26:55.446 ServerApp] 404 GET /admin.cgi (@172.105.246.139) 1.42ms referer=None
[W 2025-01-26 11:26:55.602 ServerApp] 404 GET /cgi-bin/info.cgi (@172.105.246.139) 1.07ms referer=None
[W 2025-01-26 11:26:55.602 ServerApp] 404 GET /base.cgi (@172.105.246.139) 1.42ms referer=None
[W 2025-01-26 11:26:55.756 ServerApp] 404 GET /xml/info.xml (@172.105.246.139) 1.07ms referer=None
[W 2025-01-26 11:26:55.756 ServerApp] 404 GET /index.php (@172.105.246.139) 1.43ms referer=None
[W 2025-01-26 11:26:55.909 ServerApp] 404 GET /menu.asp (@172.105.246.139) 1.07ms referer=None
[W 2025-01-26 11:26:55.909 ServerApp] 404 GET /magento_version (@172.105.246.139) 1.44ms referer=None
[W 2025-01-26 11:26:56.061 ServerApp] 404 GET /api/v1/check-version (@172.105.246.139) 1.08ms referer=None
[W 2025-01-26 11:26:56.062 ServerApp] 404 GET /main.php (@172.105.246.139) 1.45ms referer=None
[W 2025-01-26 11:26:56.214 ServerApp] 404 GET /fog/management/index.php?node=client&sub=logininfo (@172.105.246.139) 1.10ms referer=None
[W 2025-01-26 11:26:56.215 ServerApp] 404 GET /main.jsp (@172.105.246.139) 1.44ms referer=None
[W 2025-01-26 11:26:56.367 ServerApp] 404 GET /helpdesk/WebObjects/Helpdesk.woa (@172.105.246.139) 1.09ms referer=None
[W 2025-01-26 11:26:56.368 ServerApp] 404 GET /admin.jsp (@172.105.246.139) 1.45ms referer=None
[W 2025-01-26 11:26:56.520 ServerApp] 404 GET /cluster/list.query (@172.105.246.139) 1.07ms referer=None
[W 2025-01-26 11:26:56.520 ServerApp] 404 GET /home.jsp (@172.105.246.139) 1.44ms referer=None
[W 2025-01-26 11:26:56.677 ServerApp] 404 GET /apps/zxtm/login.cgi (@172.105.246.139) 1.07ms referer=None
[W 2025-01-26 11:26:56.677 ServerApp] 404 GET /admin.jsa (@172.105.246.139) 1.45ms referer=None
[W 2025-01-26 11:26:56.830 ServerApp] 404 GET /api/server/version (@172.105.246.139) 1.08ms referer=None
[W 2025-01-26 11:26:56.830 ServerApp] 404 GET /main.cfm (@172.105.246.139) 1.43ms referer=None
[W 2025-01-26 11:26:56.983 ServerApp] 404 GET /default.php (@172.105.246.139) 1.07ms referer=None
[W 2025-01-26 11:26:56.983 ServerApp] 404 GET /administrator/manifests/files/joomla.xml (@172.105.246.139) 1.44ms referer=None
[W 2025-01-26 11:26:57.136 ServerApp] 404 GET /language/en-GB/en-GB.xml (@172.105.246.139) 1.08ms referer=None
[W 2025-01-26 11:26:57.137 ServerApp] 404 GET /home.aspx (@172.105.246.139) 1.44ms referer=None
[W 2025-01-26 11:26:57.289 ServerApp] 404 GET /versa/login (@172.105.246.139) 1.06ms referer=None
[W 2025-01-26 11:26:57.290 ServerApp] 404 GET /localstart.pl (@172.105.246.139) 1.42ms referer=None
[W 2025-01-26 11:26:57.442 ServerApp] 404 GET /login.html (@172.105.246.139) 1.07ms referer=None
[W 2025-01-26 11:26:57.443 ServerApp] 404 GET /index.aspx (@172.105.246.139) 1.42ms referer=None
[I 2025-01-26 11:26:57.597 ServerApp] 302 GET /p/login/ (@172.105.246.139) 0.57ms
[W 2025-01-26 11:26:57.598 ServerApp] 404 GET /admin.jhtml (@172.105.246.139) 1.13ms referer=None
[W 2025-01-26 11:26:57.751 ServerApp] 404 GET /p/login (@172.105.246.139) 1.09ms referer=None
[W 2025-01-26 11:26:57.751 ServerApp] 404 GET /admin.html (@172.105.246.139) 1.44ms referer=None
[W 2025-01-26 11:26:57.904 ServerApp] 404 GET /api/version (@172.105.246.139) 1.08ms referer=None
[W 2025-01-26 11:26:57.905 ServerApp] 404 GET /start.aspx (@172.105.246.139) 1.45ms referer=None
[I 2025-01-26 11:26:58.056 ServerApp] 302 GET /portal/ (@172.105.246.139) 0.55ms
[W 2025-01-26 11:26:58.057 ServerApp] 404 GET /localstart.aspx (@172.105.246.139) 1.14ms referer=None
[I 2025-01-26 11:26:58.105 ServerApp] 302 GET / (@172.105.246.139) 0.35ms
[W 2025-01-26 11:26:58.213 ServerApp] 404 GET /portal (@172.105.246.139) 1.07ms referer=None
[W 2025-01-26 11:26:58.213 ServerApp] 404 GET /menu.cfm (@172.105.246.139) 1.43ms referer=None
[W 2025-01-26 11:26:58.365 ServerApp] 404 GET /admin.aspx (@172.105.246.139) 0.94ms referer=None
[W 2025-01-26 11:26:58.520 ServerApp] 404 GET /start.jhtml (@172.105.246.139) 0.94ms referer=None
[W 2025-01-26 11:26:58.673 ServerApp] 404 GET /indice.php (@172.105.246.139) 0.93ms referer=None
[W 2025-01-26 11:26:58.825 ServerApp] 404 GET /main.asp (@172.105.246.139) 0.94ms referer=None
[W 2025-01-26 11:26:58.977 ServerApp] 404 GET /index.jhtml (@172.105.246.139) 0.95ms referer=None
[W 2025-01-26 11:26:59.131 ServerApp] 404 GET /admin.asp (@172.105.246.139) 0.95ms referer=None
[W 2025-01-26 11:26:59.284 ServerApp] 404 GET /home.html (@172.105.246.139) 0.96ms referer=None
[W 2025-01-26 11:26:59.436 ServerApp] 404 GET /robots.txt (@172.105.246.139) 1.03ms referer=None
[W 2025-01-26 11:26:59.589 ServerApp] 404 GET /index.pl (@172.105.246.139) 0.94ms referer=None
[W 2025-01-26 11:26:59.742 ServerApp] 404 GET /inicio.php (@172.105.246.139) 0.93ms referer=None
[W 2025-01-26 11:26:59.894 ServerApp] 404 GET /base.pl (@172.105.246.139) 0.95ms referer=None
[W 2025-01-26 11:27:00.048 ServerApp] 404 GET /index.html (@172.105.246.139) 0.94ms referer=None
[W 2025-01-26 11:27:00.200 ServerApp] 404 GET /base.jsp (@172.105.246.139) 0.94ms referer=None
[W 2025-01-26 11:27:00.353 ServerApp] 404 GET /indice.pl (@172.105.246.139) 0.95ms referer=None
[W 2025-01-26 11:27:00.508 ServerApp] 404 GET /start.shtml (@172.105.246.139) 0.95ms referer=None
[W 2025-01-26 11:27:00.660 ServerApp] 404 GET /home.shtml (@172.105.246.139) 0.97ms referer=None
[W 2025-01-26 11:27:00.812 ServerApp] 404 GET /base.jhtml (@172.105.246.139) 0.94ms referer=None
[W 2025-01-26 11:27:00.964 ServerApp] 404 GET /localstart.cgi (@172.105.246.139) 0.94ms referer=None
[W 2025-01-26 11:27:01.120 ServerApp] 404 GET /index.asp (@172.105.246.139) 0.93ms referer=None
[W 2025-01-26 11:27:01.273 ServerApp] 404 GET /base.shtml (@172.105.246.139) 0.94ms referer=None
[W 2025-01-26 11:27:01.426 ServerApp] 404 GET /base.aspx (@172.105.246.139) 0.93ms referer=None
[W 2025-01-26 11:27:01.578 ServerApp] 404 GET /base.cfm (@172.105.246.139) 0.94ms referer=None
[W 2025-01-26 11:27:01.731 ServerApp] 404 GET /default.cgi (@172.105.246.139) 0.95ms referer=None
[W 2025-01-26 11:27:01.883 ServerApp] 404 GET /home.cfm (@172.105.246.139) 0.94ms referer=None
[W 2025-01-26 11:27:02.037 ServerApp] 404 GET /index.cgi (@172.105.246.139) 0.94ms referer=None
[W 2025-01-26 11:27:02.192 ServerApp] 404 GET /indice.shtml (@172.105.246.139) 0.94ms referer=None
[W 2025-01-26 11:27:02.345 ServerApp] 404 GET /indice.jsp (@172.105.246.139) 0.95ms referer=None
[W 2025-01-26 11:27:02.497 ServerApp] 404 GET /start.pl (@172.105.246.139) 0.95ms referer=None
[W 2025-01-26 11:27:02.650 ServerApp] 404 GET /default.asp (@172.105.246.139) 0.94ms referer=None
[W 2025-01-26 11:27:02.802 ServerApp] 404 GET /indice.jhtml (@172.105.246.139) 0.94ms referer=None
[W 2025-01-26 11:27:02.955 ServerApp] 404 GET /indice.jsa (@172.105.246.139) 0.93ms referer=None
[W 2025-01-26 11:27:03.111 ServerApp] 404 GET /home.jhtml (@172.105.246.139) 0.93ms referer=None
[W 2025-01-26 11:27:03.264 ServerApp] 404 GET /menu.aspx (@172.105.246.139) 0.94ms referer=None
[W 2025-01-26 11:27:03.416 ServerApp] 404 GET /indice.cgi (@172.105.246.139) 1.16ms referer=None
[W 2025-01-26 11:27:03.569 ServerApp] 404 GET /indice.cfm (@172.105.246.139) 0.94ms referer=None
[W 2025-01-26 11:27:03.724 ServerApp] 404 GET /inicio.shtml (@172.105.246.139) 0.95ms referer=None
[W 2025-01-26 11:27:03.877 ServerApp] 404 GET /indice.asp (@172.105.246.139) 0.93ms referer=None
[W 2025-01-26 11:27:04.033 ServerApp] 404 GET /index.cfm (@172.105.246.139) 0.93ms referer=None
[W 2025-01-26 11:27:04.185 ServerApp] 404 GET /indice.aspx (@172.105.246.139) 0.94ms referer=None
[W 2025-01-26 11:27:04.338 ServerApp] 404 GET /inicio.pl (@172.105.246.139) 0.95ms referer=None
[W 2025-01-26 11:27:04.490 ServerApp] 404 GET /inicio.jsa (@172.105.246.139) 0.95ms referer=None
[W 2025-01-26 11:27:04.643 ServerApp] 404 GET /main.cgi (@172.105.246.139) 0.94ms referer=None
[W 2025-01-26 11:27:04.795 ServerApp] 404 GET /default.jsa (@172.105.246.139) 0.94ms referer=None
[W 2025-01-26 11:27:04.950 ServerApp] 404 GET /inicio.asp (@172.105.246.139) 0.94ms referer=None
[W 2025-01-26 11:27:05.106 ServerApp] 404 GET /start.cfm (@172.105.246.139) 0.94ms referer=None
[W 2025-01-26 11:27:05.262 ServerApp] 404 GET /localstart.php (@172.105.246.139) 0.94ms referer=None
[W 2025-01-26 11:27:05.416 ServerApp] 404 GET /home.pl (@172.105.246.139) 0.94ms referer=None
[W 2025-01-26 11:27:05.572 ServerApp] 404 GET /localstart.jhtml (@172.105.246.139) 0.94ms referer=None
[W 2025-01-26 11:27:05.685 ServerApp] 404 GET /inicio.cgi (@172.105.246.139) 0.92ms referer=None
[W 2025-01-26 11:27:05.711 ServerApp] 404 GET /menu.shtml (@172.105.246.139) 0.93ms referer=None
[W 2025-01-26 11:27:05.737 ServerApp] 404 GET /menu.cgi (@172.105.246.139) 0.91ms referer=None
[W 2025-01-26 11:27:05.763 ServerApp] 404 GET /inicio.cfm (@172.105.246.139) 0.91ms referer=None
[W 2025-01-26 11:27:05.788 ServerApp] 404 GET /start.php (@172.105.246.139) 0.91ms referer=None
[W 2025-01-26 11:27:05.814 ServerApp] 404 GET /default.shtml (@172.105.246.139) 0.92ms referer=None
[W 2025-01-26 11:27:05.839 ServerApp] 404 GET default.asp (@172.105.246.139) 0.91ms referer=None
[W 2025-01-26 11:27:05.863 ServerApp] 404 GET /main.html (@172.105.246.139) 0.91ms referer=None
[W 2025-01-26 11:27:05.890 ServerApp] 404 GET /localstart.asp (@172.105.246.139) 0.92ms referer=None
[W 2025-01-26 11:27:05.915 ServerApp] 404 GET /index.jsa (@172.105.246.139) 0.91ms referer=None
[W 2025-01-26 11:27:05.940 ServerApp] 404 GET /home.cgi (@172.105.246.139) 0.91ms referer=None
[W 2025-01-26 11:27:05.965 ServerApp] 404 GET /inicio.html (@172.105.246.139) 0.91ms referer=None
[W 2025-01-26 11:27:05.993 ServerApp] 404 GET /index.shtml (@172.105.246.139) 0.91ms referer=None
[W 2025-01-26 11:27:06.019 ServerApp] 404 GET /localstart.html (@172.105.246.139) 0.91ms referer=None
[W 2025-01-26 11:27:06.044 ServerApp] 404 GET /base.inc (@172.105.246.139) 0.91ms referer=None
[W 2025-01-26 11:27:06.070 ServerApp] 404 GET /localstart.jsp (@172.105.246.139) 0.92ms referer=None
[W 2025-01-26 11:27:06.095 ServerApp] 404 GET /start.html (@172.105.246.139) 0.91ms referer=None
[W 2025-01-26 11:27:06.120 ServerApp] 404 GET /home.asp (@172.105.246.139) 0.92ms referer=None
[W 2025-01-26 11:27:06.145 ServerApp] 404 GET /base.jsa (@172.105.246.139) 0.92ms referer=None
[W 2025-01-26 11:27:06.170 ServerApp] 404 GET /start.jsp (@172.105.246.139) 0.91ms referer=None
[W 2025-01-26 11:27:06.196 ServerApp] 404 GET /default.aspx (@172.105.246.139) 0.91ms referer=None
[W 2025-01-26 11:27:06.220 ServerApp] 404 GET /main.jsa (@172.105.246.139) 0.92ms referer=None
[W 2025-01-26 11:27:06.244 ServerApp] 404 GET /menu.pl (@172.105.246.139) 0.93ms referer=None
[W 2025-01-26 11:27:06.269 ServerApp] 404 GET /main.aspx (@172.105.246.139) 0.91ms referer=None
[W 2025-01-26 11:27:06.295 ServerApp] 404 GET /start.jsa (@172.105.246.139) 0.91ms referer=None
[W 2025-01-26 11:27:06.321 ServerApp] 404 GET /inicio.jhtml (@172.105.246.139) 0.93ms referer=None
[W 2025-01-26 11:27:06.350 ServerApp] 404 GET /start.cgi (@172.105.246.139) 0.91ms referer=None
[W 2025-01-26 11:27:06.375 ServerApp] 404 GET /default.jhtml (@172.105.246.139) 0.90ms referer=None
[W 2025-01-26 11:27:06.400 ServerApp] 404 GET /main.shtml (@172.105.246.139) 0.91ms referer=None
[W 2025-01-26 11:27:06.427 ServerApp] 404 GET /base.html (@172.105.246.139) 0.96ms referer=None
[W 2025-01-26 11:27:06.454 ServerApp] 404 GET /main.pl (@172.105.246.139) 0.92ms referer=None
[W 2025-01-26 11:27:06.482 ServerApp] 404 GET /localstart.jsa (@172.105.246.139) 0.91ms referer=None
[W 2025-01-26 11:27:06.509 ServerApp] 404 GET /admin.php (@172.105.246.139) 0.91ms referer=None
[W 2025-01-26 11:27:06.536 ServerApp] 404 GET /base.php (@172.105.246.139) 0.91ms referer=None
[W 2025-01-26 11:27:06.564 ServerApp] 404 GET /inicio.aspx (@172.105.246.139) 0.93ms referer=None
[W 2025-01-26 11:27:06.591 ServerApp] 404 GET /localstart.shtml (@172.105.246.139) 0.93ms referer=None
[W 2025-01-26 11:27:06.619 ServerApp] 404 GET /default.pl (@172.105.246.139) 0.92ms referer=None
[W 2025-01-26 11:27:06.645 ServerApp] 404 GET /menu.php (@172.105.246.139) 0.91ms referer=None
[W 2025-01-26 11:27:06.672 ServerApp] 404 GET /index.jsp (@172.105.246.139) 0.91ms referer=None
[W 2025-01-26 11:27:06.700 ServerApp] 404 GET /default.html (@172.105.246.139) 0.90ms referer=None
[W 2025-01-26 11:27:06.727 ServerApp] 404 GET /menu.html (@172.105.246.139) 0.90ms referer=None
[W 2025-01-26 11:27:06.755 ServerApp] 404 GET /indice.html (@172.105.246.139) 0.91ms referer=None
[W 2025-01-26 11:27:06.783 ServerApp] 404 GET /base.asp (@172.105.246.139) 0.90ms referer=None
[I 2025-01-26 11:27:06.814 ServerApp] 302 GET / (@172.105.246.139) 0.38ms
[I 2025-01-26 11:27:06.834 ServerApp] 302 GET / (@172.105.246.139) 0.35ms
[E 2025-01-26 11:29:55.449 ServerApp] Uncaught exception in write_error
    Traceback (most recent call last):
      File "/opt/conda/lib/python3.10/site-packages/tornado/web.py", line 1753, in _execute
        raise HTTPError(405)
    tornado.web.HTTPError: HTTP 405: Method Not Allowed
    
    During handling of the above exception, another exception occurred:
    
    Traceback (most recent call last):
      File "/opt/conda/lib/python3.10/site-packages/tornado/web.py", line 1298, in send_error
        self.write_error(status_code, **kwargs)
      File "/opt/conda/lib/python3.10/site-packages/jupyter_server/base/handlers.py", line 740, in write_error
        html = self.render_template("%s.html" % status_code, **ns)
      File "/opt/conda/lib/python3.10/site-packages/jupyter_server/base/handlers.py", line 666, in render_template
        ns.update(self.template_namespace)
      File "/opt/conda/lib/python3.10/site-packages/jupyter_server/base/handlers.py", line 676, in template_namespace
        logged_in=self.logged_in,
      File "/opt/conda/lib/python3.10/site-packages/jupyter_server/base/handlers.py", line 199, in logged_in
        user = self.current_user
      File "/opt/conda/lib/python3.10/site-packages/tornado/web.py", line 1424, in current_user
        self._current_user = self.get_current_user()
      File "/opt/conda/lib/python3.10/site-packages/jupyter_server/base/handlers.py", line 178, in get_current_user
        raise RuntimeError(msg)
    RuntimeError: Calling `Template404.get_current_user()` directly is deprecated in jupyter-server 2.0. Use `self.current_user` instead (works in all versions).
[W 2025-01-26 11:29:55.449 ServerApp] 405 CONNECT 193.149.189.126:7227 (@194.48.251.26) 0.70ms referer=None
slurmstepd: error: *** JOB 25235 ON worker2 CANCELLED AT 2025-01-26T16:05:25 DUE TO TIME LIMIT ***
