Prolog...
================================================================================
Running on worker2. This worker has IP 134.60.70.133/24
Running as marina, with groups: students docker
Job ID: 24384
CUDA_VISIBLE_DEVICES: 0
Using CPU Cores 0-11
Using 63000 MiB RAM
================================================================================
docker run -i --rm --pull=always --ipc=host -e XDG_CACHE_HOME=/tmp/cache --name slurm_24384 --cpuset-cpus 0-11 --memory 63000m --gpus '"device=0"' -w /mnt/hdd/marina/workspace/2D-to-3D-Pretraining -v /mnt/hdd/marina:/mnt/hdd/marina -p 0.0.0.0:9999:9999 pytorch/pytorch:latest bash -c '{ apt-get update;  DEBIAN_FRONTEND=noninteractive apt-get install -y sudo; python3 -m pip install -r requirement.txt; groupadd --gid 1004 students; useradd --uid 1052 -s /bin/bash --gid 1004 -m -d /mnt/hdd/marina marina; nvidia-smi -L; sudo --set-home --preserve-env=PATH --user=\#1052 -- ./start.sh; }'
================================================================================
latest: Pulling from pytorch/pytorch
Digest: sha256:11691e035a3651d25a87116b4f6adc113a27a29d8f5a6a583f8569e0ee5ff897
Status: Image is up to date for pytorch/pytorch:latest
Get:1 http://archive.ubuntu.com/ubuntu jammy InRelease [270 kB]
Get:2 http://archive.ubuntu.com/ubuntu jammy-updates InRelease [128 kB]
Get:3 http://archive.ubuntu.com/ubuntu jammy-backports InRelease [127 kB]
Get:4 http://security.ubuntu.com/ubuntu jammy-security InRelease [129 kB]
Get:5 http://archive.ubuntu.com/ubuntu jammy/main amd64 Packages [1792 kB]
Get:6 http://archive.ubuntu.com/ubuntu jammy/restricted amd64 Packages [164 kB]
Get:7 http://archive.ubuntu.com/ubuntu jammy/universe amd64 Packages [17.5 MB]
Get:8 http://archive.ubuntu.com/ubuntu jammy/multiverse amd64 Packages [266 kB]
Get:9 http://archive.ubuntu.com/ubuntu jammy-updates/multiverse amd64 Packages [51.8 kB]
Get:10 http://archive.ubuntu.com/ubuntu jammy-updates/main amd64 Packages [2701 kB]
Get:11 http://archive.ubuntu.com/ubuntu jammy-updates/restricted amd64 Packages [3353 kB]
Get:12 http://archive.ubuntu.com/ubuntu jammy-updates/universe amd64 Packages [1453 kB]
Get:13 http://archive.ubuntu.com/ubuntu jammy-backports/main amd64 Packages [81.4 kB]
Get:14 http://archive.ubuntu.com/ubuntu jammy-backports/universe amd64 Packages [33.7 kB]
Get:15 http://security.ubuntu.com/ubuntu jammy-security/main amd64 Packages [2425 kB]
Get:16 http://security.ubuntu.com/ubuntu jammy-security/multiverse amd64 Packages [44.7 kB]
Get:17 http://security.ubuntu.com/ubuntu jammy-security/restricted amd64 Packages [3275 kB]
Get:18 http://security.ubuntu.com/ubuntu jammy-security/universe amd64 Packages [1164 kB]
Fetched 34.9 MB in 1s (26.4 MB/s)
Reading package lists...
Reading package lists...
Building dependency tree...
Reading state information...
The following NEW packages will be installed:
  sudo
0 upgraded, 1 newly installed, 0 to remove and 33 not upgraded.
Need to get 821 kB of archives.
After this operation, 2568 kB of additional disk space will be used.
Get:1 http://archive.ubuntu.com/ubuntu jammy-updates/main amd64 sudo amd64 1.9.9-1ubuntu2.4 [821 kB]
debconf: delaying package configuration, since apt-utils is not installed
Fetched 821 kB in 0s (5276 kB/s)
Selecting previously unselected package sudo.
(Reading database ... (Reading database ... 5%(Reading database ... 10%(Reading database ... 15%(Reading database ... 20%(Reading database ... 25%(Reading database ... 30%(Reading database ... 35%(Reading database ... 40%(Reading database ... 45%(Reading database ... 50%(Reading database ... 55%(Reading database ... 60%(Reading database ... 65%(Reading database ... 70%(Reading database ... 75%(Reading database ... 80%(Reading database ... 85%(Reading database ... 90%(Reading database ... 95%(Reading database ... 100%(Reading database ... 6643 files and directories currently installed.)
Preparing to unpack .../sudo_1.9.9-1ubuntu2.4_amd64.deb ...
Unpacking sudo (1.9.9-1ubuntu2.4) ...
Setting up sudo (1.9.9-1ubuntu2.4) ...
Processing triggers for libc-bin (2.35-0ubuntu3.6) ...
Collecting jupyterlab (from -r requirement.txt (line 1))
  Downloading jupyterlab-4.3.0-py3-none-any.whl.metadata (16 kB)
Requirement already satisfied: numpy>=1.23.5 in /opt/conda/lib/python3.10/site-packages (from -r requirement.txt (line 2)) (1.26.3)
Collecting matplotlib>=3.5.1 (from -r requirement.txt (line 3))
  Downloading matplotlib-3.9.2-cp310-cp310-manylinux_2_17_x86_64.manylinux2014_x86_64.whl.metadata (11 kB)
Collecting scipy>=1.9.3 (from -r requirement.txt (line 4))
  Downloading scipy-1.14.1-cp310-cp310-manylinux_2_17_x86_64.manylinux2014_x86_64.whl.metadata (60 kB)
     ━━━━━━━━━━━━━━━━━━━━━━━━━━━━━━━━━━━━━━━━ 60.8/60.8 kB 4.1 MB/s eta 0:00:00
Collecting scikit-image>=0.20 (from scikit-image[data]>=0.20->-r requirement.txt (line 5))
  Downloading scikit_image-0.24.0-cp310-cp310-manylinux_2_17_x86_64.manylinux2014_x86_64.whl.metadata (14 kB)
Requirement already satisfied: Pillow>=2.1.0 in /opt/conda/lib/python3.10/site-packages (from -r requirement.txt (line 6)) (10.2.0)
Requirement already satisfied: torch>=2.0.1 in /opt/conda/lib/python3.10/site-packages (from -r requirement.txt (line 7)) (2.2.1)
Requirement already satisfied: torchvision in /opt/conda/lib/python3.10/site-packages (from -r requirement.txt (line 8)) (0.17.1)
Collecting torchmetrics (from -r requirement.txt (line 9))
  Downloading torchmetrics-1.6.0-py3-none-any.whl.metadata (20 kB)
Collecting tensorboard (from -r requirement.txt (line 10))
  Downloading tensorboard-2.18.0-py3-none-any.whl.metadata (1.6 kB)
Collecting torchsummary (from -r requirement.txt (line 11))
  Downloading torchsummary-1.5.1-py3-none-any.whl.metadata (296 bytes)
Collecting einops>=0.3.0 (from -r requirement.txt (line 12))
  Downloading einops-0.8.0-py3-none-any.whl.metadata (12 kB)
Collecting timm (from -r requirement.txt (line 13))
  Downloading timm-1.0.11-py3-none-any.whl.metadata (48 kB)
     ━━━━━━━━━━━━━━━━━━━━━━━━━━━━━━━━━━━━━━━━ 48.4/48.4 kB 6.1 MB/s eta 0:00:00
Collecting scikit-learn>=0.18 (from -r requirement.txt (line 14))
  Downloading scikit_learn-1.5.2-cp310-cp310-manylinux_2_17_x86_64.manylinux2014_x86_64.whl.metadata (13 kB)
Collecting pandas>=1.3.5 (from -r requirement.txt (line 15))
  Downloading pandas-2.2.3-cp310-cp310-manylinux_2_17_x86_64.manylinux2014_x86_64.whl.metadata (89 kB)
     ━━━━━━━━━━━━━━━━━━━━━━━━━━━━━━━━━━━━━━━━ 89.9/89.9 kB 10.6 MB/s eta 0:00:00
Requirement already satisfied: tqdm>=4.62.3 in /opt/conda/lib/python3.10/site-packages (from -r requirement.txt (line 16)) (4.65.0)
Collecting transformers>=4.36.2 (from -r requirement.txt (line 17))
  Downloading transformers-4.46.2-py3-none-any.whl.metadata (44 kB)
     ━━━━━━━━━━━━━━━━━━━━━━━━━━━━━━━━━━━━━━━━ 44.1/44.1 kB 5.0 MB/s eta 0:00:00
Collecting medmnist (from -r requirement.txt (line 18))
  Downloading medmnist-3.0.2-py3-none-any.whl.metadata (14 kB)
Collecting monai (from -r requirement.txt (line 19))
  Downloading monai-1.4.0-py3-none-any.whl.metadata (11 kB)
Collecting fire (from -r requirement.txt (line 20))
  Downloading fire-0.7.0.tar.gz (87 kB)
     ━━━━━━━━━━━━━━━━━━━━━━━━━━━━━━━━━━━━━━━━ 87.2/87.2 kB 12.0 MB/s eta 0:00:00
  Preparing metadata (setup.py): started
  Preparing metadata (setup.py): finished with status 'done'
Collecting acsconv (from -r requirement.txt (line 23))
  Downloading ACSConv-0.1.1.tar.gz (15 kB)
  Preparing metadata (setup.py): started
  Preparing metadata (setup.py): finished with status 'done'
Collecting async-lru>=1.0.0 (from jupyterlab->-r requirement.txt (line 1))
  Downloading async_lru-2.0.4-py3-none-any.whl.metadata (4.5 kB)
Collecting httpx>=0.25.0 (from jupyterlab->-r requirement.txt (line 1))
  Downloading httpx-0.27.2-py3-none-any.whl.metadata (7.1 kB)
Collecting ipykernel>=6.5.0 (from jupyterlab->-r requirement.txt (line 1))
  Downloading ipykernel-6.29.5-py3-none-any.whl.metadata (6.3 kB)
Requirement already satisfied: jinja2>=3.0.3 in /opt/conda/lib/python3.10/site-packages (from jupyterlab->-r requirement.txt (line 1)) (3.1.3)
Collecting jupyter-core (from jupyterlab->-r requirement.txt (line 1))
  Downloading jupyter_core-5.7.2-py3-none-any.whl.metadata (3.4 kB)
Collecting jupyter-lsp>=2.0.0 (from jupyterlab->-r requirement.txt (line 1))
  Downloading jupyter_lsp-2.2.5-py3-none-any.whl.metadata (1.8 kB)
Collecting jupyter-server<3,>=2.4.0 (from jupyterlab->-r requirement.txt (line 1))
  Downloading jupyter_server-2.14.2-py3-none-any.whl.metadata (8.4 kB)
Collecting jupyterlab-server<3,>=2.27.1 (from jupyterlab->-r requirement.txt (line 1))
  Downloading jupyterlab_server-2.27.3-py3-none-any.whl.metadata (5.9 kB)
Collecting notebook-shim>=0.2 (from jupyterlab->-r requirement.txt (line 1))
  Downloading notebook_shim-0.2.4-py3-none-any.whl.metadata (4.0 kB)
Requirement already satisfied: packaging in /opt/conda/lib/python3.10/site-packages (from jupyterlab->-r requirement.txt (line 1)) (23.1)
Requirement already satisfied: setuptools>=40.1.0 in /opt/conda/lib/python3.10/site-packages (from jupyterlab->-r requirement.txt (line 1)) (68.2.2)
Requirement already satisfied: tomli>=1.2.2 in /opt/conda/lib/python3.10/site-packages (from jupyterlab->-r requirement.txt (line 1)) (2.0.1)
Collecting tornado>=6.2.0 (from jupyterlab->-r requirement.txt (line 1))
  Downloading tornado-6.4.1-cp38-abi3-manylinux_2_5_x86_64.manylinux1_x86_64.manylinux_2_17_x86_64.manylinux2014_x86_64.whl.metadata (2.5 kB)
Requirement already satisfied: traitlets in /opt/conda/lib/python3.10/site-packages (from jupyterlab->-r requirement.txt (line 1)) (5.7.1)
Collecting contourpy>=1.0.1 (from matplotlib>=3.5.1->-r requirement.txt (line 3))
  Downloading contourpy-1.3.1-cp310-cp310-manylinux_2_17_x86_64.manylinux2014_x86_64.whl.metadata (5.4 kB)
Collecting cycler>=0.10 (from matplotlib>=3.5.1->-r requirement.txt (line 3))
  Downloading cycler-0.12.1-py3-none-any.whl.metadata (3.8 kB)
Collecting fonttools>=4.22.0 (from matplotlib>=3.5.1->-r requirement.txt (line 3))
  Downloading fonttools-4.55.0-cp310-cp310-manylinux_2_17_x86_64.manylinux2014_x86_64.whl.metadata (164 kB)
     ━━━━━━━━━━━━━━━━━━━━━━━━━━━━━━━━━━━━━━ 164.5/164.5 kB 20.7 MB/s eta 0:00:00
Collecting kiwisolver>=1.3.1 (from matplotlib>=3.5.1->-r requirement.txt (line 3))
  Downloading kiwisolver-1.4.7-cp310-cp310-manylinux_2_12_x86_64.manylinux2010_x86_64.whl.metadata (6.3 kB)
Collecting pyparsing>=2.3.1 (from matplotlib>=3.5.1->-r requirement.txt (line 3))
  Downloading pyparsing-3.2.0-py3-none-any.whl.metadata (5.0 kB)
Collecting python-dateutil>=2.7 (from matplotlib>=3.5.1->-r requirement.txt (line 3))
  Downloading python_dateutil-2.9.0.post0-py2.py3-none-any.whl.metadata (8.4 kB)
Requirement already satisfied: networkx>=2.8 in /opt/conda/lib/python3.10/site-packages (from scikit-image>=0.20->scikit-image[data]>=0.20->-r requirement.txt (line 5)) (3.1)
Collecting imageio>=2.33 (from scikit-image>=0.20->scikit-image[data]>=0.20->-r requirement.txt (line 5))
  Downloading imageio-2.36.0-py3-none-any.whl.metadata (5.2 kB)
Collecting tifffile>=2022.8.12 (from scikit-image>=0.20->scikit-image[data]>=0.20->-r requirement.txt (line 5))
  Downloading tifffile-2024.9.20-py3-none-any.whl.metadata (32 kB)
Collecting lazy-loader>=0.4 (from scikit-image>=0.20->scikit-image[data]>=0.20->-r requirement.txt (line 5))
  Downloading lazy_loader-0.4-py3-none-any.whl.metadata (7.6 kB)
Requirement already satisfied: filelock in /opt/conda/lib/python3.10/site-packages (from torch>=2.0.1->-r requirement.txt (line 7)) (3.13.1)
Requirement already satisfied: typing-extensions>=4.8.0 in /opt/conda/lib/python3.10/site-packages (from torch>=2.0.1->-r requirement.txt (line 7)) (4.9.0)
Requirement already satisfied: sympy in /opt/conda/lib/python3.10/site-packages (from torch>=2.0.1->-r requirement.txt (line 7)) (1.12)
Requirement already satisfied: fsspec in /opt/conda/lib/python3.10/site-packages (from torch>=2.0.1->-r requirement.txt (line 7)) (2024.2.0)
Collecting lightning-utilities>=0.8.0 (from torchmetrics->-r requirement.txt (line 9))
  Downloading lightning_utilities-0.11.8-py3-none-any.whl.metadata (5.2 kB)
Collecting absl-py>=0.4 (from tensorboard->-r requirement.txt (line 10))
  Downloading absl_py-2.1.0-py3-none-any.whl.metadata (2.3 kB)
Collecting grpcio>=1.48.2 (from tensorboard->-r requirement.txt (line 10))
  Downloading grpcio-1.67.1-cp310-cp310-manylinux_2_17_x86_64.manylinux2014_x86_64.whl.metadata (3.9 kB)
Collecting markdown>=2.6.8 (from tensorboard->-r requirement.txt (line 10))
  Downloading Markdown-3.7-py3-none-any.whl.metadata (7.0 kB)
Collecting protobuf!=4.24.0,>=3.19.6 (from tensorboard->-r requirement.txt (line 10))
  Downloading protobuf-5.28.3-cp38-abi3-manylinux2014_x86_64.whl.metadata (592 bytes)
Requirement already satisfied: six>1.9 in /opt/conda/lib/python3.10/site-packages (from tensorboard->-r requirement.txt (line 10)) (1.16.0)
Collecting tensorboard-data-server<0.8.0,>=0.7.0 (from tensorboard->-r requirement.txt (line 10))
  Downloading tensorboard_data_server-0.7.2-py3-none-manylinux_2_31_x86_64.whl.metadata (1.1 kB)
Collecting werkzeug>=1.0.1 (from tensorboard->-r requirement.txt (line 10))
  Downloading werkzeug-3.1.3-py3-none-any.whl.metadata (3.7 kB)
Requirement already satisfied: pyyaml in /opt/conda/lib/python3.10/site-packages (from timm->-r requirement.txt (line 13)) (6.0.1)
Collecting huggingface_hub (from timm->-r requirement.txt (line 13))
  Downloading huggingface_hub-0.26.2-py3-none-any.whl.metadata (13 kB)
Collecting safetensors (from timm->-r requirement.txt (line 13))
  Downloading safetensors-0.4.5-cp310-cp310-manylinux_2_17_x86_64.manylinux2014_x86_64.whl.metadata (3.8 kB)
Collecting joblib>=1.2.0 (from scikit-learn>=0.18->-r requirement.txt (line 14))
  Downloading joblib-1.4.2-py3-none-any.whl.metadata (5.4 kB)
Collecting threadpoolctl>=3.1.0 (from scikit-learn>=0.18->-r requirement.txt (line 14))
  Downloading threadpoolctl-3.5.0-py3-none-any.whl.metadata (13 kB)
Requirement already satisfied: pytz>=2020.1 in /opt/conda/lib/python3.10/site-packages (from pandas>=1.3.5->-r requirement.txt (line 15)) (2023.3.post1)
Collecting tzdata>=2022.7 (from pandas>=1.3.5->-r requirement.txt (line 15))
  Downloading tzdata-2024.2-py2.py3-none-any.whl.metadata (1.4 kB)
Collecting regex!=2019.12.17 (from transformers>=4.36.2->-r requirement.txt (line 17))
  Downloading regex-2024.11.6-cp310-cp310-manylinux_2_17_x86_64.manylinux2014_x86_64.whl.metadata (40 kB)
     ━━━━━━━━━━━━━━━━━━━━━━━━━━━━━━━━━━━━━━━━ 40.5/40.5 kB 4.0 MB/s eta 0:00:00
Requirement already satisfied: requests in /opt/conda/lib/python3.10/site-packages (from transformers>=4.36.2->-r requirement.txt (line 17)) (2.31.0)
Collecting tokenizers<0.21,>=0.20 (from transformers>=4.36.2->-r requirement.txt (line 17))
  Downloading tokenizers-0.20.3-cp310-cp310-manylinux_2_17_x86_64.manylinux2014_x86_64.whl.metadata (6.7 kB)
Collecting termcolor (from fire->-r requirement.txt (line 20))
  Downloading termcolor-2.5.0-py3-none-any.whl.metadata (6.1 kB)
Collecting tensorboardx (from acsconv->-r requirement.txt (line 23))
  Downloading tensorboardX-2.6.2.2-py2.py3-none-any.whl.metadata (5.8 kB)
Collecting pooch>=1.6.0 (from scikit-image[data]>=0.20->-r requirement.txt (line 5))
  Downloading pooch-1.8.2-py3-none-any.whl.metadata (10 kB)
Collecting anyio (from httpx>=0.25.0->jupyterlab->-r requirement.txt (line 1))
  Downloading anyio-4.6.2.post1-py3-none-any.whl.metadata (4.7 kB)
Requirement already satisfied: certifi in /opt/conda/lib/python3.10/site-packages (from httpx>=0.25.0->jupyterlab->-r requirement.txt (line 1)) (2024.2.2)
Collecting httpcore==1.* (from httpx>=0.25.0->jupyterlab->-r requirement.txt (line 1))
  Downloading httpcore-1.0.6-py3-none-any.whl.metadata (21 kB)
Requirement already satisfied: idna in /opt/conda/lib/python3.10/site-packages (from httpx>=0.25.0->jupyterlab->-r requirement.txt (line 1)) (3.4)
Collecting sniffio (from httpx>=0.25.0->jupyterlab->-r requirement.txt (line 1))
  Downloading sniffio-1.3.1-py3-none-any.whl.metadata (3.9 kB)
Collecting h11<0.15,>=0.13 (from httpcore==1.*->httpx>=0.25.0->jupyterlab->-r requirement.txt (line 1))
  Downloading h11-0.14.0-py3-none-any.whl.metadata (8.2 kB)
Collecting comm>=0.1.1 (from ipykernel>=6.5.0->jupyterlab->-r requirement.txt (line 1))
  Downloading comm-0.2.2-py3-none-any.whl.metadata (3.7 kB)
Collecting debugpy>=1.6.5 (from ipykernel>=6.5.0->jupyterlab->-r requirement.txt (line 1))
  Downloading debugpy-1.8.8-cp310-cp310-manylinux_2_5_x86_64.manylinux1_x86_64.manylinux_2_17_x86_64.manylinux2014_x86_64.whl.metadata (1.1 kB)
Requirement already satisfied: ipython>=7.23.1 in /opt/conda/lib/python3.10/site-packages (from ipykernel>=6.5.0->jupyterlab->-r requirement.txt (line 1)) (8.20.0)
Collecting jupyter-client>=6.1.12 (from ipykernel>=6.5.0->jupyterlab->-r requirement.txt (line 1))
  Downloading jupyter_client-8.6.3-py3-none-any.whl.metadata (8.3 kB)
Requirement already satisfied: matplotlib-inline>=0.1 in /opt/conda/lib/python3.10/site-packages (from ipykernel>=6.5.0->jupyterlab->-r requirement.txt (line 1)) (0.1.6)
Collecting nest-asyncio (from ipykernel>=6.5.0->jupyterlab->-r requirement.txt (line 1))
  Downloading nest_asyncio-1.6.0-py3-none-any.whl.metadata (2.8 kB)
Requirement already satisfied: psutil in /opt/conda/lib/python3.10/site-packages (from ipykernel>=6.5.0->jupyterlab->-r requirement.txt (line 1)) (5.9.0)
Collecting pyzmq>=24 (from ipykernel>=6.5.0->jupyterlab->-r requirement.txt (line 1))
  Downloading pyzmq-26.2.0-cp310-cp310-manylinux_2_28_x86_64.whl.metadata (6.2 kB)
Requirement already satisfied: MarkupSafe>=2.0 in /opt/conda/lib/python3.10/site-packages (from jinja2>=3.0.3->jupyterlab->-r requirement.txt (line 1)) (2.1.3)
Requirement already satisfied: platformdirs>=2.5 in /opt/conda/lib/python3.10/site-packages (from jupyter-core->jupyterlab->-r requirement.txt (line 1)) (3.10.0)
Collecting argon2-cffi>=21.1 (from jupyter-server<3,>=2.4.0->jupyterlab->-r requirement.txt (line 1))
  Downloading argon2_cffi-23.1.0-py3-none-any.whl.metadata (5.2 kB)
Collecting jupyter-events>=0.9.0 (from jupyter-server<3,>=2.4.0->jupyterlab->-r requirement.txt (line 1))
  Downloading jupyter_events-0.10.0-py3-none-any.whl.metadata (5.9 kB)
Collecting jupyter-server-terminals>=0.4.4 (from jupyter-server<3,>=2.4.0->jupyterlab->-r requirement.txt (line 1))
  Downloading jupyter_server_terminals-0.5.3-py3-none-any.whl.metadata (5.6 kB)
Collecting nbconvert>=6.4.4 (from jupyter-server<3,>=2.4.0->jupyterlab->-r requirement.txt (line 1))
  Downloading nbconvert-7.16.4-py3-none-any.whl.metadata (8.5 kB)
Collecting nbformat>=5.3.0 (from jupyter-server<3,>=2.4.0->jupyterlab->-r requirement.txt (line 1))
  Downloading nbformat-5.10.4-py3-none-any.whl.metadata (3.6 kB)
Collecting overrides>=5.0 (from jupyter-server<3,>=2.4.0->jupyterlab->-r requirement.txt (line 1))
  Downloading overrides-7.7.0-py3-none-any.whl.metadata (5.8 kB)
Collecting prometheus-client>=0.9 (from jupyter-server<3,>=2.4.0->jupyterlab->-r requirement.txt (line 1))
  Downloading prometheus_client-0.21.0-py3-none-any.whl.metadata (1.8 kB)
Collecting send2trash>=1.8.2 (from jupyter-server<3,>=2.4.0->jupyterlab->-r requirement.txt (line 1))
  Downloading Send2Trash-1.8.3-py3-none-any.whl.metadata (4.0 kB)
Collecting terminado>=0.8.3 (from jupyter-server<3,>=2.4.0->jupyterlab->-r requirement.txt (line 1))
  Downloading terminado-0.18.1-py3-none-any.whl.metadata (5.8 kB)
Collecting websocket-client>=1.7 (from jupyter-server<3,>=2.4.0->jupyterlab->-r requirement.txt (line 1))
  Downloading websocket_client-1.8.0-py3-none-any.whl.metadata (8.0 kB)
Collecting babel>=2.10 (from jupyterlab-server<3,>=2.27.1->jupyterlab->-r requirement.txt (line 1))
  Downloading babel-2.16.0-py3-none-any.whl.metadata (1.5 kB)
Collecting json5>=0.9.0 (from jupyterlab-server<3,>=2.27.1->jupyterlab->-r requirement.txt (line 1))
  Downloading json5-0.9.28-py3-none-any.whl.metadata (32 kB)
Requirement already satisfied: jsonschema>=4.18.0 in /opt/conda/lib/python3.10/site-packages (from jupyterlab-server<3,>=2.27.1->jupyterlab->-r requirement.txt (line 1)) (4.19.2)
Requirement already satisfied: charset-normalizer<4,>=2 in /opt/conda/lib/python3.10/site-packages (from requests->transformers>=4.36.2->-r requirement.txt (line 17)) (2.0.4)
Requirement already satisfied: urllib3<3,>=1.21.1 in /opt/conda/lib/python3.10/site-packages (from requests->transformers>=4.36.2->-r requirement.txt (line 17)) (2.1.0)
Requirement already satisfied: mpmath>=0.19 in /opt/conda/lib/python3.10/site-packages (from sympy->torch>=2.0.1->-r requirement.txt (line 7)) (1.3.0)
Requirement already satisfied: exceptiongroup>=1.0.2 in /opt/conda/lib/python3.10/site-packages (from anyio->httpx>=0.25.0->jupyterlab->-r requirement.txt (line 1)) (1.2.0)
Collecting argon2-cffi-bindings (from argon2-cffi>=21.1->jupyter-server<3,>=2.4.0->jupyterlab->-r requirement.txt (line 1))
  Downloading argon2_cffi_bindings-21.2.0-cp36-abi3-manylinux_2_17_x86_64.manylinux2014_x86_64.whl.metadata (6.7 kB)
Requirement already satisfied: decorator in /opt/conda/lib/python3.10/site-packages (from ipython>=7.23.1->ipykernel>=6.5.0->jupyterlab->-r requirement.txt (line 1)) (5.1.1)
Requirement already satisfied: jedi>=0.16 in /opt/conda/lib/python3.10/site-packages (from ipython>=7.23.1->ipykernel>=6.5.0->jupyterlab->-r requirement.txt (line 1)) (0.18.1)
Requirement already satisfied: prompt-toolkit<3.1.0,>=3.0.41 in /opt/conda/lib/python3.10/site-packages (from ipython>=7.23.1->ipykernel>=6.5.0->jupyterlab->-r requirement.txt (line 1)) (3.0.43)
Requirement already satisfied: pygments>=2.4.0 in /opt/conda/lib/python3.10/site-packages (from ipython>=7.23.1->ipykernel>=6.5.0->jupyterlab->-r requirement.txt (line 1)) (2.15.1)
Requirement already satisfied: stack-data in /opt/conda/lib/python3.10/site-packages (from ipython>=7.23.1->ipykernel>=6.5.0->jupyterlab->-r requirement.txt (line 1)) (0.2.0)
Requirement already satisfied: pexpect>4.3 in /opt/conda/lib/python3.10/site-packages (from ipython>=7.23.1->ipykernel>=6.5.0->jupyterlab->-r requirement.txt (line 1)) (4.8.0)
Requirement already satisfied: attrs>=22.2.0 in /opt/conda/lib/python3.10/site-packages (from jsonschema>=4.18.0->jupyterlab-server<3,>=2.27.1->jupyterlab->-r requirement.txt (line 1)) (23.1.0)
Requirement already satisfied: jsonschema-specifications>=2023.03.6 in /opt/conda/lib/python3.10/site-packages (from jsonschema>=4.18.0->jupyterlab-server<3,>=2.27.1->jupyterlab->-r requirement.txt (line 1)) (2023.7.1)
Requirement already satisfied: referencing>=0.28.4 in /opt/conda/lib/python3.10/site-packages (from jsonschema>=4.18.0->jupyterlab-server<3,>=2.27.1->jupyterlab->-r requirement.txt (line 1)) (0.30.2)
Requirement already satisfied: rpds-py>=0.7.1 in /opt/conda/lib/python3.10/site-packages (from jsonschema>=4.18.0->jupyterlab-server<3,>=2.27.1->jupyterlab->-r requirement.txt (line 1)) (0.10.6)
Collecting python-json-logger>=2.0.4 (from jupyter-events>=0.9.0->jupyter-server<3,>=2.4.0->jupyterlab->-r requirement.txt (line 1))
  Downloading python_json_logger-2.0.7-py3-none-any.whl.metadata (6.5 kB)
Collecting rfc3339-validator (from jupyter-events>=0.9.0->jupyter-server<3,>=2.4.0->jupyterlab->-r requirement.txt (line 1))
  Downloading rfc3339_validator-0.1.4-py2.py3-none-any.whl.metadata (1.5 kB)
Collecting rfc3986-validator>=0.1.1 (from jupyter-events>=0.9.0->jupyter-server<3,>=2.4.0->jupyterlab->-r requirement.txt (line 1))
  Downloading rfc3986_validator-0.1.1-py2.py3-none-any.whl.metadata (1.7 kB)
Requirement already satisfied: beautifulsoup4 in /opt/conda/lib/python3.10/site-packages (from nbconvert>=6.4.4->jupyter-server<3,>=2.4.0->jupyterlab->-r requirement.txt (line 1)) (4.12.2)
Collecting bleach!=5.0.0 (from nbconvert>=6.4.4->jupyter-server<3,>=2.4.0->jupyterlab->-r requirement.txt (line 1))
  Downloading bleach-6.2.0-py3-none-any.whl.metadata (30 kB)
Collecting defusedxml (from nbconvert>=6.4.4->jupyter-server<3,>=2.4.0->jupyterlab->-r requirement.txt (line 1))
  Downloading defusedxml-0.7.1-py2.py3-none-any.whl.metadata (32 kB)
Collecting jupyterlab-pygments (from nbconvert>=6.4.4->jupyter-server<3,>=2.4.0->jupyterlab->-r requirement.txt (line 1))
  Downloading jupyterlab_pygments-0.3.0-py3-none-any.whl.metadata (4.4 kB)
Collecting mistune<4,>=2.0.3 (from nbconvert>=6.4.4->jupyter-server<3,>=2.4.0->jupyterlab->-r requirement.txt (line 1))
  Downloading mistune-3.0.2-py3-none-any.whl.metadata (1.7 kB)
Collecting nbclient>=0.5.0 (from nbconvert>=6.4.4->jupyter-server<3,>=2.4.0->jupyterlab->-r requirement.txt (line 1))
  Downloading nbclient-0.10.0-py3-none-any.whl.metadata (7.8 kB)
Collecting pandocfilters>=1.4.1 (from nbconvert>=6.4.4->jupyter-server<3,>=2.4.0->jupyterlab->-r requirement.txt (line 1))
  Downloading pandocfilters-1.5.1-py2.py3-none-any.whl.metadata (9.0 kB)
Collecting tinycss2 (from nbconvert>=6.4.4->jupyter-server<3,>=2.4.0->jupyterlab->-r requirement.txt (line 1))
  Downloading tinycss2-1.4.0-py3-none-any.whl.metadata (3.0 kB)
Collecting fastjsonschema>=2.15 (from nbformat>=5.3.0->jupyter-server<3,>=2.4.0->jupyterlab->-r requirement.txt (line 1))
  Downloading fastjsonschema-2.20.0-py3-none-any.whl.metadata (2.1 kB)
Requirement already satisfied: ptyprocess in /opt/conda/lib/python3.10/site-packages (from terminado>=0.8.3->jupyter-server<3,>=2.4.0->jupyterlab->-r requirement.txt (line 1)) (0.7.0)
Collecting webencodings (from bleach!=5.0.0->nbconvert>=6.4.4->jupyter-server<3,>=2.4.0->jupyterlab->-r requirement.txt (line 1))
  Downloading webencodings-0.5.1-py2.py3-none-any.whl.metadata (2.1 kB)
Requirement already satisfied: parso<0.9.0,>=0.8.0 in /opt/conda/lib/python3.10/site-packages (from jedi>=0.16->ipython>=7.23.1->ipykernel>=6.5.0->jupyterlab->-r requirement.txt (line 1)) (0.8.3)
Collecting fqdn (from jsonschema[format-nongpl]>=4.18.0->jupyter-events>=0.9.0->jupyter-server<3,>=2.4.0->jupyterlab->-r requirement.txt (line 1))
  Downloading fqdn-1.5.1-py3-none-any.whl.metadata (1.4 kB)
Collecting isoduration (from jsonschema[format-nongpl]>=4.18.0->jupyter-events>=0.9.0->jupyter-server<3,>=2.4.0->jupyterlab->-r requirement.txt (line 1))
  Downloading isoduration-20.11.0-py3-none-any.whl.metadata (5.7 kB)
Requirement already satisfied: jsonpointer>1.13 in /opt/conda/lib/python3.10/site-packages (from jsonschema[format-nongpl]>=4.18.0->jupyter-events>=0.9.0->jupyter-server<3,>=2.4.0->jupyterlab->-r requirement.txt (line 1)) (2.1)
Collecting uri-template (from jsonschema[format-nongpl]>=4.18.0->jupyter-events>=0.9.0->jupyter-server<3,>=2.4.0->jupyterlab->-r requirement.txt (line 1))
  Downloading uri_template-1.3.0-py3-none-any.whl.metadata (8.8 kB)
Collecting webcolors>=1.11 (from jsonschema[format-nongpl]>=4.18.0->jupyter-events>=0.9.0->jupyter-server<3,>=2.4.0->jupyterlab->-r requirement.txt (line 1))
  Downloading webcolors-24.11.1-py3-none-any.whl.metadata (2.2 kB)
Requirement already satisfied: wcwidth in /opt/conda/lib/python3.10/site-packages (from prompt-toolkit<3.1.0,>=3.0.41->ipython>=7.23.1->ipykernel>=6.5.0->jupyterlab->-r requirement.txt (line 1)) (0.2.5)
Requirement already satisfied: cffi>=1.0.1 in /opt/conda/lib/python3.10/site-packages (from argon2-cffi-bindings->argon2-cffi>=21.1->jupyter-server<3,>=2.4.0->jupyterlab->-r requirement.txt (line 1)) (1.16.0)
Requirement already satisfied: soupsieve>1.2 in /opt/conda/lib/python3.10/site-packages (from beautifulsoup4->nbconvert>=6.4.4->jupyter-server<3,>=2.4.0->jupyterlab->-r requirement.txt (line 1)) (2.5)
Requirement already satisfied: executing in /opt/conda/lib/python3.10/site-packages (from stack-data->ipython>=7.23.1->ipykernel>=6.5.0->jupyterlab->-r requirement.txt (line 1)) (0.8.3)
Requirement already satisfied: asttokens in /opt/conda/lib/python3.10/site-packages (from stack-data->ipython>=7.23.1->ipykernel>=6.5.0->jupyterlab->-r requirement.txt (line 1)) (2.0.5)
Requirement already satisfied: pure-eval in /opt/conda/lib/python3.10/site-packages (from stack-data->ipython>=7.23.1->ipykernel>=6.5.0->jupyterlab->-r requirement.txt (line 1)) (0.2.2)
Requirement already satisfied: pycparser in /opt/conda/lib/python3.10/site-packages (from cffi>=1.0.1->argon2-cffi-bindings->argon2-cffi>=21.1->jupyter-server<3,>=2.4.0->jupyterlab->-r requirement.txt (line 1)) (2.21)
Collecting arrow>=0.15.0 (from isoduration->jsonschema[format-nongpl]>=4.18.0->jupyter-events>=0.9.0->jupyter-server<3,>=2.4.0->jupyterlab->-r requirement.txt (line 1))
  Downloading arrow-1.3.0-py3-none-any.whl.metadata (7.5 kB)
Collecting types-python-dateutil>=2.8.10 (from arrow>=0.15.0->isoduration->jsonschema[format-nongpl]>=4.18.0->jupyter-events>=0.9.0->jupyter-server<3,>=2.4.0->jupyterlab->-r requirement.txt (line 1))
  Downloading types_python_dateutil-2.9.0.20241003-py3-none-any.whl.metadata (1.9 kB)
Downloading jupyterlab-4.3.0-py3-none-any.whl (11.7 MB)
   ━━━━━━━━━━━━━━━━━━━━━━━━━━━━━━━━━━━━━━━━ 11.7/11.7 MB 98.1 MB/s eta 0:00:00
Downloading matplotlib-3.9.2-cp310-cp310-manylinux_2_17_x86_64.manylinux2014_x86_64.whl (8.3 MB)
   ━━━━━━━━━━━━━━━━━━━━━━━━━━━━━━━━━━━━━━━━ 8.3/8.3 MB 98.3 MB/s eta 0:00:00
Downloading scipy-1.14.1-cp310-cp310-manylinux_2_17_x86_64.manylinux2014_x86_64.whl (41.2 MB)
   ━━━━━━━━━━━━━━━━━━━━━━━━━━━━━━━━━━━━━━━━ 41.2/41.2 MB 78.2 MB/s eta 0:00:00
Downloading scikit_image-0.24.0-cp310-cp310-manylinux_2_17_x86_64.manylinux2014_x86_64.whl (14.9 MB)
   ━━━━━━━━━━━━━━━━━━━━━━━━━━━━━━━━━━━━━━━━ 14.9/14.9 MB 96.3 MB/s eta 0:00:00
Downloading torchmetrics-1.6.0-py3-none-any.whl (926 kB)
   ━━━━━━━━━━━━━━━━━━━━━━━━━━━━━━━━━━━━━━━━ 926.4/926.4 kB 65.8 MB/s eta 0:00:00
Downloading tensorboard-2.18.0-py3-none-any.whl (5.5 MB)
   ━━━━━━━━━━━━━━━━━━━━━━━━━━━━━━━━━━━━━━━━ 5.5/5.5 MB 94.4 MB/s eta 0:00:00
Downloading torchsummary-1.5.1-py3-none-any.whl (2.8 kB)
Downloading einops-0.8.0-py3-none-any.whl (43 kB)
   ━━━━━━━━━━━━━━━━━━━━━━━━━━━━━━━━━━━━━━━━ 43.2/43.2 kB 4.8 MB/s eta 0:00:00
Downloading timm-1.0.11-py3-none-any.whl (2.3 MB)
   ━━━━━━━━━━━━━━━━━━━━━━━━━━━━━━━━━━━━━━━━ 2.3/2.3 MB 83.8 MB/s eta 0:00:00
Downloading scikit_learn-1.5.2-cp310-cp310-manylinux_2_17_x86_64.manylinux2014_x86_64.whl (13.3 MB)
   ━━━━━━━━━━━━━━━━━━━━━━━━━━━━━━━━━━━━━━━━ 13.3/13.3 MB 96.9 MB/s eta 0:00:00
Downloading pandas-2.2.3-cp310-cp310-manylinux_2_17_x86_64.manylinux2014_x86_64.whl (13.1 MB)
   ━━━━━━━━━━━━━━━━━━━━━━━━━━━━━━━━━━━━━━━━ 13.1/13.1 MB 95.6 MB/s eta 0:00:00
Downloading transformers-4.46.2-py3-none-any.whl (10.0 MB)
   ━━━━━━━━━━━━━━━━━━━━━━━━━━━━━━━━━━━━━━━━ 10.0/10.0 MB 99.9 MB/s eta 0:00:00
Downloading medmnist-3.0.2-py3-none-any.whl (25 kB)
Downloading monai-1.4.0-py3-none-any.whl (1.5 MB)
   ━━━━━━━━━━━━━━━━━━━━━━━━━━━━━━━━━━━━━━━━ 1.5/1.5 MB 70.3 MB/s eta 0:00:00
Downloading absl_py-2.1.0-py3-none-any.whl (133 kB)
   ━━━━━━━━━━━━━━━━━━━━━━━━━━━━━━━━━━━━━━━━ 133.7/133.7 kB 18.7 MB/s eta 0:00:00
Downloading async_lru-2.0.4-py3-none-any.whl (6.1 kB)
Downloading contourpy-1.3.1-cp310-cp310-manylinux_2_17_x86_64.manylinux2014_x86_64.whl (324 kB)
   ━━━━━━━━━━━━━━━━━━━━━━━━━━━━━━━━━━━━━━━━ 325.0/325.0 kB 37.6 MB/s eta 0:00:00
Downloading cycler-0.12.1-py3-none-any.whl (8.3 kB)
Downloading fonttools-4.55.0-cp310-cp310-manylinux_2_17_x86_64.manylinux2014_x86_64.whl (4.6 MB)
   ━━━━━━━━━━━━━━━━━━━━━━━━━━━━━━━━━━━━━━━━ 4.6/4.6 MB 94.3 MB/s eta 0:00:00
Downloading grpcio-1.67.1-cp310-cp310-manylinux_2_17_x86_64.manylinux2014_x86_64.whl (5.9 MB)
   ━━━━━━━━━━━━━━━━━━━━━━━━━━━━━━━━━━━━━━━━ 5.9/5.9 MB 94.1 MB/s eta 0:00:00
Downloading httpx-0.27.2-py3-none-any.whl (76 kB)
   ━━━━━━━━━━━━━━━━━━━━━━━━━━━━━━━━━━━━━━━━ 76.4/76.4 kB 9.9 MB/s eta 0:00:00
Downloading httpcore-1.0.6-py3-none-any.whl (78 kB)
   ━━━━━━━━━━━━━━━━━━━━━━━━━━━━━━━━━━━━━━━━ 78.0/78.0 kB 10.7 MB/s eta 0:00:00
Downloading huggingface_hub-0.26.2-py3-none-any.whl (447 kB)
   ━━━━━━━━━━━━━━━━━━━━━━━━━━━━━━━━━━━━━━━━ 447.5/447.5 kB 42.7 MB/s eta 0:00:00
Downloading imageio-2.36.0-py3-none-any.whl (315 kB)
   ━━━━━━━━━━━━━━━━━━━━━━━━━━━━━━━━━━━━━━━━ 315.4/315.4 kB 35.4 MB/s eta 0:00:00
Downloading ipykernel-6.29.5-py3-none-any.whl (117 kB)
   ━━━━━━━━━━━━━━━━━━━━━━━━━━━━━━━━━━━━━━━━ 117.2/117.2 kB 16.4 MB/s eta 0:00:00
Downloading joblib-1.4.2-py3-none-any.whl (301 kB)
   ━━━━━━━━━━━━━━━━━━━━━━━━━━━━━━━━━━━━━━━━ 301.8/301.8 kB 36.0 MB/s eta 0:00:00
Downloading jupyter_core-5.7.2-py3-none-any.whl (28 kB)
Downloading jupyter_lsp-2.2.5-py3-none-any.whl (69 kB)
   ━━━━━━━━━━━━━━━━━━━━━━━━━━━━━━━━━━━━━━━━ 69.1/69.1 kB 10.5 MB/s eta 0:00:00
Downloading jupyter_server-2.14.2-py3-none-any.whl (383 kB)
   ━━━━━━━━━━━━━━━━━━━━━━━━━━━━━━━━━━━━━━━━ 383.6/383.6 kB 40.1 MB/s eta 0:00:00
Downloading jupyterlab_server-2.27.3-py3-none-any.whl (59 kB)
   ━━━━━━━━━━━━━━━━━━━━━━━━━━━━━━━━━━━━━━━━ 59.7/59.7 kB 7.9 MB/s eta 0:00:00
Downloading kiwisolver-1.4.7-cp310-cp310-manylinux_2_12_x86_64.manylinux2010_x86_64.whl (1.6 MB)
   ━━━━━━━━━━━━━━━━━━━━━━━━━━━━━━━━━━━━━━━━ 1.6/1.6 MB 77.4 MB/s eta 0:00:00
Downloading lazy_loader-0.4-py3-none-any.whl (12 kB)
Downloading lightning_utilities-0.11.8-py3-none-any.whl (26 kB)
Downloading Markdown-3.7-py3-none-any.whl (106 kB)
   ━━━━━━━━━━━━━━━━━━━━━━━━━━━━━━━━━━━━━━━━ 106.3/106.3 kB 14.9 MB/s eta 0:00:00
Downloading notebook_shim-0.2.4-py3-none-any.whl (13 kB)
Downloading pooch-1.8.2-py3-none-any.whl (64 kB)
   ━━━━━━━━━━━━━━━━━━━━━━━━━━━━━━━━━━━━━━━━ 64.6/64.6 kB 8.8 MB/s eta 0:00:00
Downloading protobuf-5.28.3-cp38-abi3-manylinux2014_x86_64.whl (316 kB)
   ━━━━━━━━━━━━━━━━━━━━━━━━━━━━━━━━━━━━━━━━ 316.6/316.6 kB 34.8 MB/s eta 0:00:00
Downloading pyparsing-3.2.0-py3-none-any.whl (106 kB)
   ━━━━━━━━━━━━━━━━━━━━━━━━━━━━━━━━━━━━━━━━ 106.9/106.9 kB 15.0 MB/s eta 0:00:00
Downloading python_dateutil-2.9.0.post0-py2.py3-none-any.whl (229 kB)
   ━━━━━━━━━━━━━━━━━━━━━━━━━━━━━━━━━━━━━━━━ 229.9/229.9 kB 30.2 MB/s eta 0:00:00
Downloading regex-2024.11.6-cp310-cp310-manylinux_2_17_x86_64.manylinux2014_x86_64.whl (781 kB)
   ━━━━━━━━━━━━━━━━━━━━━━━━━━━━━━━━━━━━━━━━ 781.7/781.7 kB 61.4 MB/s eta 0:00:00
Downloading safetensors-0.4.5-cp310-cp310-manylinux_2_17_x86_64.manylinux2014_x86_64.whl (435 kB)
   ━━━━━━━━━━━━━━━━━━━━━━━━━━━━━━━━━━━━━━━━ 435.0/435.0 kB 45.3 MB/s eta 0:00:00
Downloading tensorboard_data_server-0.7.2-py3-none-manylinux_2_31_x86_64.whl (6.6 MB)
   ━━━━━━━━━━━━━━━━━━━━━━━━━━━━━━━━━━━━━━━━ 6.6/6.6 MB 82.2 MB/s eta 0:00:00
Downloading threadpoolctl-3.5.0-py3-none-any.whl (18 kB)
Downloading tifffile-2024.9.20-py3-none-any.whl (228 kB)
   ━━━━━━━━━━━━━━━━━━━━━━━━━━━━━━━━━━━━━━━━ 228.2/228.2 kB 29.6 MB/s eta 0:00:00
Downloading tokenizers-0.20.3-cp310-cp310-manylinux_2_17_x86_64.manylinux2014_x86_64.whl (3.0 MB)
   ━━━━━━━━━━━━━━━━━━━━━━━━━━━━━━━━━━━━━━━━ 3.0/3.0 MB 69.1 MB/s eta 0:00:00
Downloading tornado-6.4.1-cp38-abi3-manylinux_2_5_x86_64.manylinux1_x86_64.manylinux_2_17_x86_64.manylinux2014_x86_64.whl (436 kB)
   ━━━━━━━━━━━━━━━━━━━━━━━━━━━━━━━━━━━━━━━━ 436.8/436.8 kB 40.1 MB/s eta 0:00:00
Downloading tzdata-2024.2-py2.py3-none-any.whl (346 kB)
   ━━━━━━━━━━━━━━━━━━━━━━━━━━━━━━━━━━━━━━━━ 346.6/346.6 kB 39.7 MB/s eta 0:00:00
Downloading werkzeug-3.1.3-py3-none-any.whl (224 kB)
   ━━━━━━━━━━━━━━━━━━━━━━━━━━━━━━━━━━━━━━━━ 224.5/224.5 kB 28.4 MB/s eta 0:00:00
Downloading tensorboardX-2.6.2.2-py2.py3-none-any.whl (101 kB)
   ━━━━━━━━━━━━━━━━━━━━━━━━━━━━━━━━━━━━━━━━ 101.7/101.7 kB 14.7 MB/s eta 0:00:00
Downloading termcolor-2.5.0-py3-none-any.whl (7.8 kB)
Downloading anyio-4.6.2.post1-py3-none-any.whl (90 kB)
   ━━━━━━━━━━━━━━━━━━━━━━━━━━━━━━━━━━━━━━━━ 90.4/90.4 kB 12.8 MB/s eta 0:00:00
Downloading argon2_cffi-23.1.0-py3-none-any.whl (15 kB)
Downloading babel-2.16.0-py3-none-any.whl (9.6 MB)
   ━━━━━━━━━━━━━━━━━━━━━━━━━━━━━━━━━━━━━━━━ 9.6/9.6 MB 97.3 MB/s eta 0:00:00
Downloading comm-0.2.2-py3-none-any.whl (7.2 kB)
Downloading debugpy-1.8.8-cp310-cp310-manylinux_2_5_x86_64.manylinux1_x86_64.manylinux_2_17_x86_64.manylinux2014_x86_64.whl (3.6 MB)
   ━━━━━━━━━━━━━━━━━━━━━━━━━━━━━━━━━━━━━━━━ 3.6/3.6 MB 85.3 MB/s eta 0:00:00
Downloading json5-0.9.28-py3-none-any.whl (30 kB)
Downloading jupyter_client-8.6.3-py3-none-any.whl (106 kB)
   ━━━━━━━━━━━━━━━━━━━━━━━━━━━━━━━━━━━━━━━━ 106.1/106.1 kB 14.8 MB/s eta 0:00:00
Downloading jupyter_events-0.10.0-py3-none-any.whl (18 kB)
Downloading jupyter_server_terminals-0.5.3-py3-none-any.whl (13 kB)
Downloading nbconvert-7.16.4-py3-none-any.whl (257 kB)
   ━━━━━━━━━━━━━━━━━━━━━━━━━━━━━━━━━━━━━━━━ 257.4/257.4 kB 31.2 MB/s eta 0:00:00
Downloading nbformat-5.10.4-py3-none-any.whl (78 kB)
   ━━━━━━━━━━━━━━━━━━━━━━━━━━━━━━━━━━━━━━━━ 78.5/78.5 kB 11.1 MB/s eta 0:00:00
Downloading overrides-7.7.0-py3-none-any.whl (17 kB)
Downloading prometheus_client-0.21.0-py3-none-any.whl (54 kB)
   ━━━━━━━━━━━━━━━━━━━━━━━━━━━━━━━━━━━━━━━━ 54.7/54.7 kB 7.3 MB/s eta 0:00:00
Downloading pyzmq-26.2.0-cp310-cp310-manylinux_2_28_x86_64.whl (868 kB)
   ━━━━━━━━━━━━━━━━━━━━━━━━━━━━━━━━━━━━━━━━ 868.8/868.8 kB 62.1 MB/s eta 0:00:00
Downloading Send2Trash-1.8.3-py3-none-any.whl (18 kB)
Downloading sniffio-1.3.1-py3-none-any.whl (10 kB)
Downloading terminado-0.18.1-py3-none-any.whl (14 kB)
Downloading websocket_client-1.8.0-py3-none-any.whl (58 kB)
   ━━━━━━━━━━━━━━━━━━━━━━━━━━━━━━━━━━━━━━━━ 58.8/58.8 kB 7.9 MB/s eta 0:00:00
Downloading nest_asyncio-1.6.0-py3-none-any.whl (5.2 kB)
Downloading bleach-6.2.0-py3-none-any.whl (163 kB)
   ━━━━━━━━━━━━━━━━━━━━━━━━━━━━━━━━━━━━━━━━ 163.4/163.4 kB 22.4 MB/s eta 0:00:00
Downloading fastjsonschema-2.20.0-py3-none-any.whl (23 kB)
Downloading h11-0.14.0-py3-none-any.whl (58 kB)
   ━━━━━━━━━━━━━━━━━━━━━━━━━━━━━━━━━━━━━━━━ 58.3/58.3 kB 7.8 MB/s eta 0:00:00
Downloading mistune-3.0.2-py3-none-any.whl (47 kB)
   ━━━━━━━━━━━━━━━━━━━━━━━━━━━━━━━━━━━━━━━━ 48.0/48.0 kB 6.0 MB/s eta 0:00:00
Downloading nbclient-0.10.0-py3-none-any.whl (25 kB)
Downloading pandocfilters-1.5.1-py2.py3-none-any.whl (8.7 kB)
Downloading python_json_logger-2.0.7-py3-none-any.whl (8.1 kB)
Downloading rfc3986_validator-0.1.1-py2.py3-none-any.whl (4.2 kB)
Downloading argon2_cffi_bindings-21.2.0-cp36-abi3-manylinux_2_17_x86_64.manylinux2014_x86_64.whl (86 kB)
   ━━━━━━━━━━━━━━━━━━━━━━━━━━━━━━━━━━━━━━━━ 86.2/86.2 kB 12.1 MB/s eta 0:00:00
Downloading defusedxml-0.7.1-py2.py3-none-any.whl (25 kB)
Downloading jupyterlab_pygments-0.3.0-py3-none-any.whl (15 kB)
Downloading rfc3339_validator-0.1.4-py2.py3-none-any.whl (3.5 kB)
Downloading tinycss2-1.4.0-py3-none-any.whl (26 kB)
Downloading webcolors-24.11.1-py3-none-any.whl (14 kB)
Downloading webencodings-0.5.1-py2.py3-none-any.whl (11 kB)
Downloading fqdn-1.5.1-py3-none-any.whl (9.1 kB)
Downloading isoduration-20.11.0-py3-none-any.whl (11 kB)
Downloading uri_template-1.3.0-py3-none-any.whl (11 kB)
Downloading arrow-1.3.0-py3-none-any.whl (66 kB)
   ━━━━━━━━━━━━━━━━━━━━━━━━━━━━━━━━━━━━━━━━ 66.4/66.4 kB 9.2 MB/s eta 0:00:00
Downloading types_python_dateutil-2.9.0.20241003-py3-none-any.whl (9.7 kB)
Building wheels for collected packages: fire, acsconv
  Building wheel for fire (setup.py): started
  Building wheel for fire (setup.py): finished with status 'done'
  Created wheel for fire: filename=fire-0.7.0-py3-none-any.whl size=114247 sha256=1d691cd8f1635a35aa2bbbcffa8e0ab285426ce5fbf73f4c57000619ba9bc0e7
  Stored in directory: /tmp/cache/pip/wheels/19/39/2f/2d3cadc408a8804103f1c34ddd4b9f6a93497b11fa96fe738e
  Building wheel for acsconv (setup.py): started
  Building wheel for acsconv (setup.py): finished with status 'done'
  Created wheel for acsconv: filename=ACSConv-0.1.1-py3-none-any.whl size=24182 sha256=ee95ac6c016e59827fcd532687c43688cacb20a247a54e94e27c715f441cc433
  Stored in directory: /tmp/cache/pip/wheels/0e/b1/ef/43fe6db442ef60fc6a8c7f98f330672eeca58463ebef542e62
Successfully built fire acsconv
Installing collected packages: webencodings, torchsummary, fastjsonschema, werkzeug, websocket-client, webcolors, uri-template, tzdata, types-python-dateutil, tornado, tinycss2, tifffile, threadpoolctl, termcolor, tensorboard-data-server, sniffio, send2trash, scipy, safetensors, rfc3986-validator, rfc3339-validator, regex, pyzmq, python-json-logger, python-dateutil, pyparsing, protobuf, prometheus-client, pandocfilters, overrides, nest-asyncio, mistune, markdown, lightning-utilities, lazy-loader, kiwisolver, jupyterlab-pygments, jupyter-core, json5, joblib, imageio, h11, grpcio, fqdn, fonttools, einops, defusedxml, debugpy, cycler, contourpy, comm, bleach, babel, async-lru, absl-py, terminado, tensorboardx, tensorboard, scikit-learn, scikit-image, pooch, pandas, matplotlib, jupyter-client, huggingface_hub, httpcore, fire, arrow, argon2-cffi-bindings, anyio, torchmetrics, tokenizers, monai, jupyter-server-terminals, isoduration, httpx, argon2-cffi, transformers, timm, nbformat, medmnist, ipykernel, acsconv, nbclient, jupyter-events, nbconvert, jupyter-server, notebook-shim, jupyterlab-server, jupyter-lsp, jupyterlab
Successfully installed absl-py-2.1.0 acsconv-0.1.1 anyio-4.6.2.post1 argon2-cffi-23.1.0 argon2-cffi-bindings-21.2.0 arrow-1.3.0 async-lru-2.0.4 babel-2.16.0 bleach-6.2.0 comm-0.2.2 contourpy-1.3.1 cycler-0.12.1 debugpy-1.8.8 defusedxml-0.7.1 einops-0.8.0 fastjsonschema-2.20.0 fire-0.7.0 fonttools-4.55.0 fqdn-1.5.1 grpcio-1.67.1 h11-0.14.0 httpcore-1.0.6 httpx-0.27.2 huggingface_hub-0.26.2 imageio-2.36.0 ipykernel-6.29.5 isoduration-20.11.0 joblib-1.4.2 json5-0.9.28 jupyter-client-8.6.3 jupyter-core-5.7.2 jupyter-events-0.10.0 jupyter-lsp-2.2.5 jupyter-server-2.14.2 jupyter-server-terminals-0.5.3 jupyterlab-4.3.0 jupyterlab-pygments-0.3.0 jupyterlab-server-2.27.3 kiwisolver-1.4.7 lazy-loader-0.4 lightning-utilities-0.11.8 markdown-3.7 matplotlib-3.9.2 medmnist-3.0.2 mistune-3.0.2 monai-1.4.0 nbclient-0.10.0 nbconvert-7.16.4 nbformat-5.10.4 nest-asyncio-1.6.0 notebook-shim-0.2.4 overrides-7.7.0 pandas-2.2.3 pandocfilters-1.5.1 pooch-1.8.2 prometheus-client-0.21.0 protobuf-5.28.3 pyparsing-3.2.0 python-dateutil-2.9.0.post0 python-json-logger-2.0.7 pyzmq-26.2.0 regex-2024.11.6 rfc3339-validator-0.1.4 rfc3986-validator-0.1.1 safetensors-0.4.5 scikit-image-0.24.0 scikit-learn-1.5.2 scipy-1.14.1 send2trash-1.8.3 sniffio-1.3.1 tensorboard-2.18.0 tensorboard-data-server-0.7.2 tensorboardx-2.6.2.2 termcolor-2.5.0 terminado-0.18.1 threadpoolctl-3.5.0 tifffile-2024.9.20 timm-1.0.11 tinycss2-1.4.0 tokenizers-0.20.3 torchmetrics-1.6.0 torchsummary-1.5.1 tornado-6.4.1 transformers-4.46.2 types-python-dateutil-2.9.0.20241003 tzdata-2024.2 uri-template-1.3.0 webcolors-24.11.1 webencodings-0.5.1 websocket-client-1.8.0 werkzeug-3.1.3
WARNING: Running pip as the 'root' user can result in broken permissions and conflicting behaviour with the system package manager. It is recommended to use a virtual environment instead: https://pip.pypa.io/warnings/venv
useradd: warning: the home directory /mnt/hdd/marina already exists.
useradd: Not copying any file from skel directory into it.
GPU 0: NVIDIA GeForce RTX 3090 (UUID: GPU-e44b8865-a90e-bee2-f000-8e576cbfee9a)
[I 2024-11-15 12:10:01.867 ServerApp] jupyter_lsp | extension was successfully linked.
[I 2024-11-15 12:10:01.869 ServerApp] jupyter_server_terminals | extension was successfully linked.
[I 2024-11-15 12:10:01.872 ServerApp] jupyterlab | extension was successfully linked.
/opt/conda/lib/python3.10/site-packages/IPython/paths.py:69: UserWarning: IPython parent '/mnt/hdd/marina' is not a writable location, using a temp directory.
  warn("IPython parent '{0}' is not a writable location,"
[I 2024-11-15 12:10:02.061 ServerApp] notebook_shim | extension was successfully linked.
[I 2024-11-15 12:10:02.068 ServerApp] notebook_shim | extension was successfully loaded.
[I 2024-11-15 12:10:02.070 ServerApp] jupyter_lsp | extension was successfully loaded.
[I 2024-11-15 12:10:02.070 ServerApp] jupyter_server_terminals | extension was successfully loaded.
[I 2024-11-15 12:10:02.071 LabApp] JupyterLab extension loaded from /opt/conda/lib/python3.10/site-packages/jupyterlab
[I 2024-11-15 12:10:02.071 LabApp] JupyterLab application directory is /opt/conda/share/jupyter/lab
[I 2024-11-15 12:10:02.071 LabApp] Extension Manager is 'pypi'.
[I 2024-11-15 12:10:02.087 ServerApp] jupyterlab | extension was successfully loaded.
[I 2024-11-15 12:10:02.088 ServerApp] Serving notebooks from local directory: /mnt/hdd/marina/workspace/2D-to-3D-Pretraining
[I 2024-11-15 12:10:02.088 ServerApp] Jupyter Server 2.14.2 is running at:
[I 2024-11-15 12:10:02.088 ServerApp] http://36040bdf32c8:9999/lab?token=910b514746adc21a8bc527665f0ab8354c129d83ba536c05
[I 2024-11-15 12:10:02.088 ServerApp]     http://127.0.0.1:9999/lab?token=910b514746adc21a8bc527665f0ab8354c129d83ba536c05
[I 2024-11-15 12:10:02.088 ServerApp] Use Control-C to stop this server and shut down all kernels (twice to skip confirmation).
[W 2024-11-15 12:10:02.091 ServerApp] No web browser found: Error('could not locate runnable browser').
[C 2024-11-15 12:10:02.091 ServerApp] 
    
    To access the server, open this file in a browser:
        file:///mnt/hdd/marina/.local/share/jupyter/runtime/jpserver-325-open.html
    Or copy and paste one of these URLs:
        http://36040bdf32c8:9999/lab?token=910b514746adc21a8bc527665f0ab8354c129d83ba536c05
        http://127.0.0.1:9999/lab?token=910b514746adc21a8bc527665f0ab8354c129d83ba536c05
[I 2024-11-15 12:10:02.102 ServerApp] Skipped non-installed server(s): bash-language-server, dockerfile-language-server-nodejs, javascript-typescript-langserver, jedi-language-server, julia-language-server, pyright, python-language-server, python-lsp-server, r-languageserver, sql-language-server, texlab, typescript-language-server, unified-language-server, vscode-css-languageserver-bin, vscode-html-languageserver-bin, vscode-json-languageserver-bin, yaml-language-server
/opt/conda/lib/python3.10/site-packages/IPython/paths.py:69: UserWarning: IPython parent '/mnt/hdd/marina' is not a writable location, using a temp directory.
  warn("IPython parent '{0}' is not a writable location,"
[W 2024-11-15 12:10:04.996 LabApp] Could not determine jupyterlab build status without nodejs
[I 2024-11-15 12:10:07.294 ServerApp] Kernel started: d046411b-64a5-4a30-83c7-59544e90b6c5
/opt/conda/lib/python3.10/site-packages/IPython/paths.py:69: UserWarning: IPython parent '/mnt/hdd/marina' is not a writable location, using a temp directory.
  warn("IPython parent '{0}' is not a writable location,"
[I 2024-11-15 12:10:07.631 ServerApp] Connecting to kernel d046411b-64a5-4a30-83c7-59544e90b6c5.
[I 2024-11-15 12:10:07.825 ServerApp] Connecting to kernel d046411b-64a5-4a30-83c7-59544e90b6c5.
[I 2024-11-15 12:10:07.977 ServerApp] Kernel started: 1a5799a8-a9ee-4cb6-a35f-23892df090ad
[I 2024-11-15 12:10:08.021 ServerApp] Connecting to kernel d046411b-64a5-4a30-83c7-59544e90b6c5.
/opt/conda/lib/python3.10/site-packages/IPython/paths.py:69: UserWarning: IPython parent '/mnt/hdd/marina' is not a writable location, using a temp directory.
  warn("IPython parent '{0}' is not a writable location,"
[I 2024-11-15 12:10:08.276 ServerApp] Connecting to kernel 1a5799a8-a9ee-4cb6-a35f-23892df090ad.
[I 2024-11-15 12:10:09.289 ServerApp] Kernel started: e0c01fca-c4ba-4281-897e-281bc0aa3122
/opt/conda/lib/python3.10/site-packages/IPython/paths.py:69: UserWarning: IPython parent '/mnt/hdd/marina' is not a writable location, using a temp directory.
  warn("IPython parent '{0}' is not a writable location,"
[I 2024-11-15 12:10:09.538 ServerApp] Connecting to kernel e0c01fca-c4ba-4281-897e-281bc0aa3122.
[I 2024-11-15 12:10:09.940 ServerApp] Kernel started: cd64347f-140c-4795-804a-d26377d940a3
/opt/conda/lib/python3.10/site-packages/IPython/paths.py:69: UserWarning: IPython parent '/mnt/hdd/marina' is not a writable location, using a temp directory.
  warn("IPython parent '{0}' is not a writable location,"
[I 2024-11-15 12:10:10.468 ServerApp] Connecting to kernel cd64347f-140c-4795-804a-d26377d940a3.
[I 2024-11-15 12:12:20.185 ServerApp] Saving file at /MedMNIST_MONAI.ipynb
[I 2024-11-15 13:02:43.004 ServerApp] Starting buffering for e0c01fca-c4ba-4281-897e-281bc0aa3122:73b5f182-767a-4ce1-9aa5-52aa0f7f9069
[I 2024-11-15 13:02:43.005 ServerApp] Starting buffering for 1a5799a8-a9ee-4cb6-a35f-23892df090ad:2e215962-2c9d-44a5-bec9-d83add54a09d
[I 2024-11-15 13:02:43.008 ServerApp] Starting buffering for d046411b-64a5-4a30-83c7-59544e90b6c5:ee6a4279-328f-48d5-b372-97fb7527ae90
[I 2024-11-15 13:02:43.011 ServerApp] Starting buffering for cd64347f-140c-4795-804a-d26377d940a3:e02ba62b-83b8-45db-b5c4-8677ad1462e8
[I 2024-11-15 13:14:53.377 ServerApp] 302 GET / (@51.8.223.202) 0.32ms
[I 2024-11-15 15:08:45.819 ServerApp] 302 GET / (@45.84.89.2) 0.32ms
[I 2024-11-15 20:01:42.513 ServerApp] 302 GET / (@207.90.244.11) 0.25ms
[I 2024-11-15 20:01:42.827 LabApp] 302 GET /lab (@207.90.244.11) 0.41ms
[E 2024-11-15 20:37:50.083 ServerApp] Uncaught exception in write_error
    Traceback (most recent call last):
      File "/opt/conda/lib/python3.10/site-packages/tornado/web.py", line 1753, in _execute
        raise HTTPError(405)
    tornado.web.HTTPError: HTTP 405: Method Not Allowed
    
    During handling of the above exception, another exception occurred:
    
    Traceback (most recent call last):
      File "/opt/conda/lib/python3.10/site-packages/tornado/web.py", line 1298, in send_error
        self.write_error(status_code, **kwargs)
      File "/opt/conda/lib/python3.10/site-packages/jupyter_server/base/handlers.py", line 739, in write_error
        html = self.render_template("%s.html" % status_code, **ns)
      File "/opt/conda/lib/python3.10/site-packages/jupyter_server/base/handlers.py", line 665, in render_template
        ns.update(self.template_namespace)
      File "/opt/conda/lib/python3.10/site-packages/jupyter_server/base/handlers.py", line 675, in template_namespace
        logged_in=self.logged_in,
      File "/opt/conda/lib/python3.10/site-packages/jupyter_server/base/handlers.py", line 198, in logged_in
        user = self.current_user
      File "/opt/conda/lib/python3.10/site-packages/tornado/web.py", line 1424, in current_user
        self._current_user = self.get_current_user()
      File "/opt/conda/lib/python3.10/site-packages/jupyter_server/base/handlers.py", line 177, in get_current_user
        raise RuntimeError(msg)
    RuntimeError: Calling `Template404.get_current_user()` directly is deprecated in jupyter-server 2.0. Use `self.current_user` instead (works in all versions).
[W 2024-11-15 20:37:50.083 ServerApp] 405 CONNECT web.realsysadm.in:443 (@154.213.184.23) 1.05ms referer=None
[I 2024-11-15 21:31:33.305 ServerApp] Connecting to kernel d046411b-64a5-4a30-83c7-59544e90b6c5.
[I 2024-11-15 21:31:33.305 ServerApp] Restoring connection for d046411b-64a5-4a30-83c7-59544e90b6c5:ee6a4279-328f-48d5-b372-97fb7527ae90
[I 2024-11-15 21:31:34.560 ServerApp] Connecting to kernel 1a5799a8-a9ee-4cb6-a35f-23892df090ad.
[I 2024-11-15 21:31:34.561 ServerApp] Restoring connection for 1a5799a8-a9ee-4cb6-a35f-23892df090ad:2e215962-2c9d-44a5-bec9-d83add54a09d
[I 2024-11-15 21:31:34.799 ServerApp] Connecting to kernel e0c01fca-c4ba-4281-897e-281bc0aa3122.
[I 2024-11-15 21:31:34.799 ServerApp] Restoring connection for e0c01fca-c4ba-4281-897e-281bc0aa3122:73b5f182-767a-4ce1-9aa5-52aa0f7f9069
[I 2024-11-15 21:31:35.027 ServerApp] Connecting to kernel cd64347f-140c-4795-804a-d26377d940a3.
[I 2024-11-15 21:31:35.028 ServerApp] Restoring connection for cd64347f-140c-4795-804a-d26377d940a3:e02ba62b-83b8-45db-b5c4-8677ad1462e8
[I 2024-11-15 23:09:07.960 ServerApp] Starting buffering for e0c01fca-c4ba-4281-897e-281bc0aa3122:73b5f182-767a-4ce1-9aa5-52aa0f7f9069
[I 2024-11-15 23:09:23.567 ServerApp] Connecting to kernel e0c01fca-c4ba-4281-897e-281bc0aa3122.
[I 2024-11-15 23:09:23.567 ServerApp] Restoring connection for e0c01fca-c4ba-4281-897e-281bc0aa3122:73b5f182-767a-4ce1-9aa5-52aa0f7f9069
[I 2024-11-15 23:15:26.712 ServerApp] Copying MedMNIST_MONAI-3channels.ipynb to 
[I 2024-11-15 23:15:31.745 ServerApp] Starting buffering for cd64347f-140c-4795-804a-d26377d940a3:e02ba62b-83b8-45db-b5c4-8677ad1462e8
[I 2024-11-15 23:15:34.905 ServerApp] Starting buffering for d046411b-64a5-4a30-83c7-59544e90b6c5:ee6a4279-328f-48d5-b372-97fb7527ae90
[I 2024-11-15 23:15:59.177 ServerApp] Kernel started: a42296d9-d7e8-4a27-bb6a-dedcba3c8ba6
/opt/conda/lib/python3.10/site-packages/IPython/paths.py:69: UserWarning: IPython parent '/mnt/hdd/marina' is not a writable location, using a temp directory.
  warn("IPython parent '{0}' is not a writable location,"
[I 2024-11-15 23:15:59.520 ServerApp] Connecting to kernel a42296d9-d7e8-4a27-bb6a-dedcba3c8ba6.
[I 2024-11-15 23:18:12.862 ServerApp] Saving file at /MedMNIST_MONAI-3channels-Copy1.ipynb
[I 2024-11-15 23:20:52.526 ServerApp] Kernel interrupted: a42296d9-d7e8-4a27-bb6a-dedcba3c8ba6
[I 2024-11-15 23:20:58.476 ServerApp] Saving file at /MedMNIST_MONAI-3channels-Copy1.ipynb
[I 2024-11-15 23:31:57.400 ServerApp] Saving file at /MedMNIST_MONAI-3channels-Copy1.ipynb
[I 2024-11-15 23:34:58.961 ServerApp] Saving file at /MedMNIST_MONAI-3channels-Copy1.ipynb
[I 2024-11-15 23:37:36.789 ServerApp] Saving file at /MedMNIST_MONAI-3channels-Copy1.ipynb
[I 2024-11-15 23:40:36.998 ServerApp] Saving file at /MedMNIST_MONAI-3channels-Copy1.ipynb
[I 2024-11-15 23:44:42.641 ServerApp] Saving file at /MedMNIST_MONAI-3channels-Copy1.ipynb
[I 2024-11-15 23:47:10.517 ServerApp] Saving file at /MedMNIST_MONAI-3channels-Copy1.ipynb
[I 2024-11-15 23:47:33.311 ServerApp] Kernel interrupted: a42296d9-d7e8-4a27-bb6a-dedcba3c8ba6
[I 2024-11-15 23:48:31.909 ServerApp] Kernel interrupted: a42296d9-d7e8-4a27-bb6a-dedcba3c8ba6
[I 2024-11-15 23:49:15.215 ServerApp] Starting buffering for e0c01fca-c4ba-4281-897e-281bc0aa3122:73b5f182-767a-4ce1-9aa5-52aa0f7f9069
[I 2024-11-15 23:49:15.215 ServerApp] Starting buffering for a42296d9-d7e8-4a27-bb6a-dedcba3c8ba6:881fda96-1034-49fe-8e17-93ede1f68c88
[I 2024-11-15 23:49:15.295 ServerApp] Starting buffering for 1a5799a8-a9ee-4cb6-a35f-23892df090ad:2e215962-2c9d-44a5-bec9-d83add54a09d
[I 2024-11-16 04:46:17.168 ServerApp] 302 GET / (@64.62.197.117) 0.27ms
[I 2024-11-16 04:46:23.861 ServerApp] 302 GET / (@64.62.197.111) 0.38ms
[I 2024-11-16 04:46:24.008 LabApp] 302 GET /lab? (@64.62.197.111) 0.46ms
[E 2024-11-16 09:36:49.757 ServerApp] Uncaught exception in write_error
    Traceback (most recent call last):
      File "/opt/conda/lib/python3.10/site-packages/tornado/web.py", line 1753, in _execute
        raise HTTPError(405)
    tornado.web.HTTPError: HTTP 405: Method Not Allowed
    
    During handling of the above exception, another exception occurred:
    
    Traceback (most recent call last):
      File "/opt/conda/lib/python3.10/site-packages/tornado/web.py", line 1298, in send_error
        self.write_error(status_code, **kwargs)
      File "/opt/conda/lib/python3.10/site-packages/jupyter_server/base/handlers.py", line 739, in write_error
        html = self.render_template("%s.html" % status_code, **ns)
      File "/opt/conda/lib/python3.10/site-packages/jupyter_server/base/handlers.py", line 665, in render_template
        ns.update(self.template_namespace)
      File "/opt/conda/lib/python3.10/site-packages/jupyter_server/base/handlers.py", line 675, in template_namespace
        logged_in=self.logged_in,
      File "/opt/conda/lib/python3.10/site-packages/jupyter_server/base/handlers.py", line 198, in logged_in
        user = self.current_user
      File "/opt/conda/lib/python3.10/site-packages/tornado/web.py", line 1424, in current_user
        self._current_user = self.get_current_user()
      File "/opt/conda/lib/python3.10/site-packages/jupyter_server/base/handlers.py", line 177, in get_current_user
        raise RuntimeError(msg)
    RuntimeError: Calling `Template404.get_current_user()` directly is deprecated in jupyter-server 2.0. Use `self.current_user` instead (works in all versions).
[W 2024-11-16 09:36:49.757 ServerApp] 405 CONNECT api.ip.pn:443 (@80.75.212.9) 0.67ms referer=None
[I 2024-11-16 12:46:10.824 ServerApp] 302 GET / (@34.38.239.34) 0.31ms
[E 2024-11-16 12:55:22.697 ServerApp] Uncaught exception in write_error
    Traceback (most recent call last):
      File "/opt/conda/lib/python3.10/site-packages/tornado/web.py", line 1753, in _execute
        raise HTTPError(405)
    tornado.web.HTTPError: HTTP 405: Method Not Allowed
    
    During handling of the above exception, another exception occurred:
    
    Traceback (most recent call last):
      File "/opt/conda/lib/python3.10/site-packages/tornado/web.py", line 1298, in send_error
        self.write_error(status_code, **kwargs)
      File "/opt/conda/lib/python3.10/site-packages/jupyter_server/base/handlers.py", line 739, in write_error
        html = self.render_template("%s.html" % status_code, **ns)
      File "/opt/conda/lib/python3.10/site-packages/jupyter_server/base/handlers.py", line 665, in render_template
        ns.update(self.template_namespace)
      File "/opt/conda/lib/python3.10/site-packages/jupyter_server/base/handlers.py", line 675, in template_namespace
        logged_in=self.logged_in,
      File "/opt/conda/lib/python3.10/site-packages/jupyter_server/base/handlers.py", line 198, in logged_in
        user = self.current_user
      File "/opt/conda/lib/python3.10/site-packages/tornado/web.py", line 1424, in current_user
        self._current_user = self.get_current_user()
      File "/opt/conda/lib/python3.10/site-packages/jupyter_server/base/handlers.py", line 177, in get_current_user
        raise RuntimeError(msg)
    RuntimeError: Calling `Template404.get_current_user()` directly is deprecated in jupyter-server 2.0. Use `self.current_user` instead (works in all versions).
[W 2024-11-16 12:55:22.698 ServerApp] 405 CONNECT api.ip.pn:443 (@185.91.127.43) 0.91ms referer=None
[E 2024-11-16 13:16:46.072 ServerApp] Uncaught exception in write_error
    Traceback (most recent call last):
      File "/opt/conda/lib/python3.10/site-packages/tornado/web.py", line 1753, in _execute
        raise HTTPError(405)
    tornado.web.HTTPError: HTTP 405: Method Not Allowed
    
    During handling of the above exception, another exception occurred:
    
    Traceback (most recent call last):
      File "/opt/conda/lib/python3.10/site-packages/tornado/web.py", line 1298, in send_error
        self.write_error(status_code, **kwargs)
      File "/opt/conda/lib/python3.10/site-packages/jupyter_server/base/handlers.py", line 739, in write_error
        html = self.render_template("%s.html" % status_code, **ns)
      File "/opt/conda/lib/python3.10/site-packages/jupyter_server/base/handlers.py", line 665, in render_template
        ns.update(self.template_namespace)
      File "/opt/conda/lib/python3.10/site-packages/jupyter_server/base/handlers.py", line 675, in template_namespace
        logged_in=self.logged_in,
      File "/opt/conda/lib/python3.10/site-packages/jupyter_server/base/handlers.py", line 198, in logged_in
        user = self.current_user
      File "/opt/conda/lib/python3.10/site-packages/tornado/web.py", line 1424, in current_user
        self._current_user = self.get_current_user()
      File "/opt/conda/lib/python3.10/site-packages/jupyter_server/base/handlers.py", line 177, in get_current_user
        raise RuntimeError(msg)
    RuntimeError: Calling `Template404.get_current_user()` directly is deprecated in jupyter-server 2.0. Use `self.current_user` instead (works in all versions).
[W 2024-11-16 13:16:46.072 ServerApp] 405 CONNECT api.ip.pn:443 (@80.75.212.9) 0.72ms referer=None
[W 2024-11-16 14:08:38.219 LabApp] Could not determine jupyterlab build status without nodejs
[I 2024-11-16 14:08:38.484 ServerApp] Connecting to kernel d046411b-64a5-4a30-83c7-59544e90b6c5.
[I 2024-11-16 14:08:39.136 ServerApp] Connecting to kernel 1a5799a8-a9ee-4cb6-a35f-23892df090ad.
[I 2024-11-16 14:08:39.232 ServerApp] Starting buffering for d046411b-64a5-4a30-83c7-59544e90b6c5:eb54d123-0c5d-4475-bf54-082e81e19c10
[I 2024-11-16 14:08:39.492 ServerApp] Starting buffering for 1a5799a8-a9ee-4cb6-a35f-23892df090ad:abf9fd6d-0577-4292-8df4-6c04c029fb6a
[I 2024-11-16 14:08:40.355 ServerApp] Connecting to kernel e0c01fca-c4ba-4281-897e-281bc0aa3122.
[I 2024-11-16 14:08:40.536 ServerApp] Connecting to kernel cd64347f-140c-4795-804a-d26377d940a3.
[I 2024-11-16 14:08:40.635 ServerApp] Starting buffering for e0c01fca-c4ba-4281-897e-281bc0aa3122:8d4f7811-1669-4bea-aa01-127dfdaeb59e
[I 2024-11-16 14:08:40.660 ServerApp] Connecting to kernel a42296d9-d7e8-4a27-bb6a-dedcba3c8ba6.
[I 2024-11-16 14:08:40.722 ServerApp] Starting buffering for cd64347f-140c-4795-804a-d26377d940a3:ea8a7cd3-fcb2-4c7e-b5e0-5b1c89ec80ff
[I 2024-11-16 14:08:40.882 ServerApp] Starting buffering for a42296d9-d7e8-4a27-bb6a-dedcba3c8ba6:730ebc2c-8f33-424c-8171-7f8ee8ee4a9b
[I 2024-11-16 14:08:46.805 ServerApp] Connecting to kernel 1a5799a8-a9ee-4cb6-a35f-23892df090ad.
[I 2024-11-16 14:10:11.985 ServerApp] Connecting to kernel a42296d9-d7e8-4a27-bb6a-dedcba3c8ba6.
[I 2024-11-16 14:10:40.016 ServerApp] Connecting to kernel e0c01fca-c4ba-4281-897e-281bc0aa3122.
[I 2024-11-16 14:27:41.725 ServerApp] 302 GET / (@167.94.145.99) 0.31ms
[I 2024-11-16 14:27:50.875 ServerApp] 302 GET / (@167.94.145.99) 0.30ms
[I 2024-11-16 14:27:50.972 ServerApp] Malformed HTTP message from 167.94.145.99: Malformed HTTP version in HTTP Request-Line: 'HTTP/2.0'
[I 2024-11-16 14:27:54.031 LabApp] 302 GET /lab (@167.94.145.99) 0.41ms
[I 2024-11-16 14:27:54.119 ServerApp] Malformed HTTP message from 167.94.145.99: Malformed HTTP version in HTTP Request-Line: 'HTTP/2.0'
[I 2024-11-16 14:27:54.516 ServerApp] 302 GET / (@167.94.145.99) 0.22ms
[I 2024-11-16 14:27:57.876 ServerApp] Malformed HTTP message from 167.94.145.99: Malformed HTTP version in HTTP Request-Line: 'HTTP/2.0'
[I 2024-11-16 14:27:57.900 ServerApp] 302 GET / (@167.94.145.99) 0.20ms
[I 2024-11-16 14:47:40.816 ServerApp] Starting buffering for a42296d9-d7e8-4a27-bb6a-dedcba3c8ba6:a83adfaf-4198-46d4-9eee-fbd7d0280bb0
[I 2024-11-16 14:47:40.817 ServerApp] Starting buffering for 1a5799a8-a9ee-4cb6-a35f-23892df090ad:0a1f75a0-ef5d-4ec5-9c55-927bd80872ec
[I 2024-11-16 14:47:40.817 ServerApp] Starting buffering for e0c01fca-c4ba-4281-897e-281bc0aa3122:75ccd3b0-df72-4dc6-9002-a1d8bc66b5d5
[W 2024-11-16 14:47:42.889 LabApp] Could not determine jupyterlab build status without nodejs
[I 2024-11-16 14:47:43.024 ServerApp] Connecting to kernel d046411b-64a5-4a30-83c7-59544e90b6c5.
[I 2024-11-16 14:47:43.195 ServerApp] Connecting to kernel 1a5799a8-a9ee-4cb6-a35f-23892df090ad.
[I 2024-11-16 14:47:43.353 ServerApp] Starting buffering for d046411b-64a5-4a30-83c7-59544e90b6c5:9edf0d10-bfcc-4d9b-8ccf-054a4f5eefc1
[I 2024-11-16 14:47:43.393 ServerApp] Connecting to kernel e0c01fca-c4ba-4281-897e-281bc0aa3122.
[I 2024-11-16 14:47:43.511 ServerApp] Starting buffering for 1a5799a8-a9ee-4cb6-a35f-23892df090ad:16b7f55b-0752-4bdc-b2ef-7c1cd8d0a4e7
[I 2024-11-16 14:47:43.619 ServerApp] Connecting to kernel cd64347f-140c-4795-804a-d26377d940a3.
[I 2024-11-16 14:47:44.044 ServerApp] Starting buffering for e0c01fca-c4ba-4281-897e-281bc0aa3122:47bba789-c1b5-4dc0-b296-8946e2047165
[I 2024-11-16 14:47:44.081 ServerApp] Starting buffering for cd64347f-140c-4795-804a-d26377d940a3:247c9f30-8efc-43f8-a3da-08623193714e
[I 2024-11-16 14:47:45.829 ServerApp] Connecting to kernel a42296d9-d7e8-4a27-bb6a-dedcba3c8ba6.
[I 2024-11-16 14:47:46.186 ServerApp] Starting buffering for a42296d9-d7e8-4a27-bb6a-dedcba3c8ba6:e5d3eba6-8972-49c7-9822-ec52416582e7
[I 2024-11-16 14:47:49.049 ServerApp] Connecting to kernel 1a5799a8-a9ee-4cb6-a35f-23892df090ad.
[I 2024-11-16 14:48:33.276 ServerApp] Connecting to kernel e0c01fca-c4ba-4281-897e-281bc0aa3122.
[I 2024-11-16 14:48:35.231 ServerApp] Connecting to kernel a42296d9-d7e8-4a27-bb6a-dedcba3c8ba6.
[I 2024-11-16 15:04:50.806 ServerApp] 302 GET / (@45.84.89.2) 0.37ms
[E 2024-11-16 16:38:00.656 ServerApp] Uncaught exception in write_error
    Traceback (most recent call last):
      File "/opt/conda/lib/python3.10/site-packages/tornado/web.py", line 1753, in _execute
        raise HTTPError(405)
    tornado.web.HTTPError: HTTP 405: Method Not Allowed
    
    During handling of the above exception, another exception occurred:
    
    Traceback (most recent call last):
      File "/opt/conda/lib/python3.10/site-packages/tornado/web.py", line 1298, in send_error
        self.write_error(status_code, **kwargs)
      File "/opt/conda/lib/python3.10/site-packages/jupyter_server/base/handlers.py", line 739, in write_error
        html = self.render_template("%s.html" % status_code, **ns)
      File "/opt/conda/lib/python3.10/site-packages/jupyter_server/base/handlers.py", line 665, in render_template
        ns.update(self.template_namespace)
      File "/opt/conda/lib/python3.10/site-packages/jupyter_server/base/handlers.py", line 675, in template_namespace
        logged_in=self.logged_in,
      File "/opt/conda/lib/python3.10/site-packages/jupyter_server/base/handlers.py", line 198, in logged_in
        user = self.current_user
      File "/opt/conda/lib/python3.10/site-packages/tornado/web.py", line 1424, in current_user
        self._current_user = self.get_current_user()
      File "/opt/conda/lib/python3.10/site-packages/jupyter_server/base/handlers.py", line 177, in get_current_user
        raise RuntimeError(msg)
    RuntimeError: Calling `Template404.get_current_user()` directly is deprecated in jupyter-server 2.0. Use `self.current_user` instead (works in all versions).
[W 2024-11-16 16:38:00.657 ServerApp] 405 CONNECT api.ip.pn:443 (@185.91.127.43) 1.00ms referer=None
[E 2024-11-16 17:05:09.998 ServerApp] Uncaught exception in write_error
    Traceback (most recent call last):
      File "/opt/conda/lib/python3.10/site-packages/tornado/web.py", line 1753, in _execute
        raise HTTPError(405)
    tornado.web.HTTPError: HTTP 405: Method Not Allowed
    
    During handling of the above exception, another exception occurred:
    
    Traceback (most recent call last):
      File "/opt/conda/lib/python3.10/site-packages/tornado/web.py", line 1298, in send_error
        self.write_error(status_code, **kwargs)
      File "/opt/conda/lib/python3.10/site-packages/jupyter_server/base/handlers.py", line 739, in write_error
        html = self.render_template("%s.html" % status_code, **ns)
      File "/opt/conda/lib/python3.10/site-packages/jupyter_server/base/handlers.py", line 665, in render_template
        ns.update(self.template_namespace)
      File "/opt/conda/lib/python3.10/site-packages/jupyter_server/base/handlers.py", line 675, in template_namespace
        logged_in=self.logged_in,
      File "/opt/conda/lib/python3.10/site-packages/jupyter_server/base/handlers.py", line 198, in logged_in
        user = self.current_user
      File "/opt/conda/lib/python3.10/site-packages/tornado/web.py", line 1424, in current_user
        self._current_user = self.get_current_user()
      File "/opt/conda/lib/python3.10/site-packages/jupyter_server/base/handlers.py", line 177, in get_current_user
        raise RuntimeError(msg)
    RuntimeError: Calling `Template404.get_current_user()` directly is deprecated in jupyter-server 2.0. Use `self.current_user` instead (works in all versions).
[W 2024-11-16 17:05:09.999 ServerApp] 405 CONNECT api.ip.pn:443 (@80.75.212.9) 0.64ms referer=None
[I 2024-11-16 18:06:56.821 ServerApp] 302 GET / (@167.94.138.165) 0.30ms
[I 2024-11-16 18:07:08.665 ServerApp] 302 GET / (@167.94.138.165) 0.36ms
[I 2024-11-16 18:07:09.429 ServerApp] Malformed HTTP message from 167.94.138.165: Malformed HTTP version in HTTP Request-Line: 'HTTP/2.0'
[I 2024-11-16 18:07:13.259 LabApp] 302 GET /lab (@167.94.138.165) 0.38ms
[I 2024-11-16 18:07:13.599 ServerApp] Malformed HTTP message from 167.94.138.165: Malformed HTTP version in HTTP Request-Line: 'HTTP/2.0'
[I 2024-11-16 18:07:14.069 ServerApp] 302 GET / (@167.94.138.165) 0.30ms
[I 2024-11-16 18:07:20.774 ServerApp] Malformed HTTP message from 167.94.138.165: Malformed HTTP version in HTTP Request-Line: 'HTTP/2.0'
[I 2024-11-16 18:07:21.011 ServerApp] 302 GET / (@167.94.138.165) 0.20ms
[E 2024-11-16 18:58:37.851 ServerApp] Uncaught exception in write_error
    Traceback (most recent call last):
      File "/opt/conda/lib/python3.10/site-packages/tornado/web.py", line 1753, in _execute
        raise HTTPError(405)
    tornado.web.HTTPError: HTTP 405: Method Not Allowed
    
    During handling of the above exception, another exception occurred:
    
    Traceback (most recent call last):
      File "/opt/conda/lib/python3.10/site-packages/tornado/web.py", line 1298, in send_error
        self.write_error(status_code, **kwargs)
      File "/opt/conda/lib/python3.10/site-packages/jupyter_server/base/handlers.py", line 739, in write_error
        html = self.render_template("%s.html" % status_code, **ns)
      File "/opt/conda/lib/python3.10/site-packages/jupyter_server/base/handlers.py", line 665, in render_template
        ns.update(self.template_namespace)
      File "/opt/conda/lib/python3.10/site-packages/jupyter_server/base/handlers.py", line 675, in template_namespace
        logged_in=self.logged_in,
      File "/opt/conda/lib/python3.10/site-packages/jupyter_server/base/handlers.py", line 198, in logged_in
        user = self.current_user
      File "/opt/conda/lib/python3.10/site-packages/tornado/web.py", line 1424, in current_user
        self._current_user = self.get_current_user()
      File "/opt/conda/lib/python3.10/site-packages/jupyter_server/base/handlers.py", line 177, in get_current_user
        raise RuntimeError(msg)
    RuntimeError: Calling `Template404.get_current_user()` directly is deprecated in jupyter-server 2.0. Use `self.current_user` instead (works in all versions).
[W 2024-11-16 18:58:37.851 ServerApp] 405 CONNECT 185.65.245.140:7227 (@194.48.251.21) 0.69ms referer=None
[I 2024-11-16 20:43:12.285 ServerApp] Starting buffering for 1a5799a8-a9ee-4cb6-a35f-23892df090ad:7307644d-e386-4b86-9f7b-fd33b61854a7
[I 2024-11-16 20:43:12.285 ServerApp] Starting buffering for e0c01fca-c4ba-4281-897e-281bc0aa3122:9d8e5d96-5c03-46db-95a4-8730e80bab34
[I 2024-11-16 20:43:12.286 ServerApp] Starting buffering for a42296d9-d7e8-4a27-bb6a-dedcba3c8ba6:fe84754c-cd1c-4db9-8b39-cffaf4c09914
[W 2024-11-16 20:43:15.241 LabApp] Could not determine jupyterlab build status without nodejs
[I 2024-11-16 20:43:15.403 ServerApp] Connecting to kernel d046411b-64a5-4a30-83c7-59544e90b6c5.
[I 2024-11-16 20:43:15.778 ServerApp] Connecting to kernel 1a5799a8-a9ee-4cb6-a35f-23892df090ad.
[I 2024-11-16 20:43:15.901 ServerApp] Starting buffering for d046411b-64a5-4a30-83c7-59544e90b6c5:b50a9c9d-2920-47f8-8841-27aee4a546ce
[I 2024-11-16 20:43:16.017 ServerApp] Connecting to kernel e0c01fca-c4ba-4281-897e-281bc0aa3122.
[I 2024-11-16 20:43:16.099 ServerApp] Starting buffering for 1a5799a8-a9ee-4cb6-a35f-23892df090ad:749fd55a-ea82-4119-9f00-33fbe0483319
[I 2024-11-16 20:43:16.213 ServerApp] Connecting to kernel cd64347f-140c-4795-804a-d26377d940a3.
[I 2024-11-16 20:43:16.359 ServerApp] Starting buffering for e0c01fca-c4ba-4281-897e-281bc0aa3122:127e2930-c74f-4ca5-8d28-c09f8a658aec
[I 2024-11-16 20:43:16.730 ServerApp] Connecting to kernel a42296d9-d7e8-4a27-bb6a-dedcba3c8ba6.
[I 2024-11-16 20:43:17.179 ServerApp] Starting buffering for a42296d9-d7e8-4a27-bb6a-dedcba3c8ba6:2b72db68-3887-42f6-9a9e-676e08df78a1
[I 2024-11-16 20:43:17.288 ServerApp] Starting buffering for cd64347f-140c-4795-804a-d26377d940a3:9152d9bd-c36f-4b55-9759-528fdd761c12
[I 2024-11-16 20:43:23.632 ServerApp] Connecting to kernel 1a5799a8-a9ee-4cb6-a35f-23892df090ad.
[I 2024-11-16 20:43:41.147 ServerApp] Connecting to kernel a42296d9-d7e8-4a27-bb6a-dedcba3c8ba6.
[I 2024-11-16 20:43:41.979 ServerApp] Connecting to kernel e0c01fca-c4ba-4281-897e-281bc0aa3122.
[I 2024-11-16 20:47:53.318 ServerApp] Saving file at /MedMNIST_MONAI.ipynb
[I 2024-11-16 20:52:09.880 ServerApp] Saving file at /MedMNIST_MONAI.ipynb
[I 2024-11-16 20:55:08.540 ServerApp] Saving file at /MedMNIST_MONAI.ipynb
[I 2024-11-16 20:57:54.679 ServerApp] Saving file at /MedMNIST_MONAI.ipynb
[I 2024-11-16 21:00:36.562 ServerApp] Saving file at /MedMNIST_MONAI.ipynb
[I 2024-11-16 21:03:03.493 ServerApp] Saving file at /MedMNIST_MONAI.ipynb
[I 2024-11-16 21:06:18.994 ServerApp] Saving file at /MedMNIST_MONAI.ipynb
[I 2024-11-16 21:09:44.423 ServerApp] Saving file at /MedMNIST_MONAI.ipynb
[I 2024-11-16 21:13:20.736 ServerApp] Saving file at /MedMNIST_MONAI.ipynb
[I 2024-11-16 21:20:52.612 ServerApp] Saving file at /MedMNIST_MONAI.ipynb
[I 2024-11-16 21:23:15.332 ServerApp] Saving file at /MedMNIST_MONAI.ipynb
[I 2024-11-16 21:25:51.238 ServerApp] Saving file at /MedMNIST_MONAI.ipynb
[I 2024-11-16 21:28:15.139 ServerApp] Saving file at /MedMNIST_MONAI.ipynb
[I 2024-11-16 21:31:21.311 ServerApp] Saving file at /MedMNIST_MONAI.ipynb
[I 2024-11-16 21:33:44.578 ServerApp] Saving file at /MedMNIST_MONAI.ipynb
[I 2024-11-16 21:36:12.995 ServerApp] Saving file at /MedMNIST_MONAI.ipynb
[I 2024-11-16 21:36:48.970 ServerApp] Kernel interrupted: a42296d9-d7e8-4a27-bb6a-dedcba3c8ba6
[I 2024-11-16 21:37:44.280 ServerApp] Saving file at /MedMNIST_MONAI-3channels-Copy1.ipynb
[I 2024-11-16 21:39:53.850 ServerApp] Saving file at /MedMNIST_MONAI-3channels-Copy1.ipynb
[I 2024-11-16 21:42:03.716 ServerApp] Saving file at /MedMNIST_MONAI-3channels-Copy1.ipynb
[I 2024-11-16 21:42:15.746 ServerApp] Connecting to kernel cd64347f-140c-4795-804a-d26377d940a3.
[I 2024-11-16 21:42:17.682 ServerApp] Starting buffering for a42296d9-d7e8-4a27-bb6a-dedcba3c8ba6:06f2c51d-9806-4d5f-a3e1-c921ed4a4425
[I 2024-11-16 21:44:27.799 ServerApp] Saving file at /MedMNIST_MONAI-3channels.ipynb
[I 2024-11-16 21:46:52.239 ServerApp] Saving file at /MedMNIST_MONAI-3channels.ipynb
[I 2024-11-16 21:49:12.880 ServerApp] Saving file at /MedMNIST_MONAI-3channels.ipynb
[I 2024-11-16 21:51:28.841 ServerApp] Saving file at /MedMNIST_MONAI-3channels.ipynb
[I 2024-11-16 21:53:40.360 ServerApp] Saving file at /MedMNIST_MONAI-3channels.ipynb
[I 2024-11-16 21:55:53.355 ServerApp] Saving file at /MedMNIST_MONAI-3channels.ipynb
[I 2024-11-16 21:58:14.804 ServerApp] Saving file at /MedMNIST_MONAI-3channels.ipynb
[I 2024-11-16 22:00:27.060 ServerApp] Saving file at /MedMNIST_MONAI-3channels.ipynb
[I 2024-11-16 22:02:39.852 ServerApp] Saving file at /MedMNIST_MONAI-3channels.ipynb
[I 2024-11-16 22:04:50.338 ServerApp] Saving file at /MedMNIST_MONAI-3channels.ipynb
[I 2024-11-16 22:07:01.538 ServerApp] Saving file at /MedMNIST_MONAI-3channels.ipynb
[I 2024-11-16 22:09:12.252 ServerApp] Saving file at /MedMNIST_MONAI-3channels.ipynb
[I 2024-11-16 22:11:32.509 ServerApp] Saving file at /MedMNIST_MONAI-3channels.ipynb
[I 2024-11-16 22:15:08.094 ServerApp] Saving file at /MedMNIST_MONAI-3channels.ipynb
[I 2024-11-16 22:17:27.516 ServerApp] Saving file at /MedMNIST_MONAI-3channels.ipynb
[I 2024-11-16 22:19:49.494 ServerApp] Saving file at /MedMNIST_MONAI-3channels.ipynb
[I 2024-11-16 22:22:01.352 ServerApp] Saving file at /MedMNIST_MONAI-3channels.ipynb
[I 2024-11-16 22:24:13.535 ServerApp] Saving file at /MedMNIST_MONAI-3channels.ipynb
[I 2024-11-16 22:26:26.856 ServerApp] Saving file at /MedMNIST_MONAI-3channels.ipynb
[I 2024-11-16 22:28:41.434 ServerApp] Saving file at /MedMNIST_MONAI-3channels.ipynb
[I 2024-11-16 22:30:53.131 ServerApp] Saving file at /MedMNIST_MONAI-3channels.ipynb
[I 2024-11-16 22:33:04.107 ServerApp] Saving file at /MedMNIST_MONAI-3channels.ipynb
[I 2024-11-16 22:35:17.743 ServerApp] Saving file at /MedMNIST_MONAI-3channels.ipynb
[I 2024-11-16 22:37:47.454 ServerApp] Saving file at /MedMNIST_MONAI-3channels.ipynb
[I 2024-11-16 22:40:06.306 ServerApp] Saving file at /MedMNIST_MONAI-3channels.ipynb
[I 2024-11-16 22:42:19.186 ServerApp] Saving file at /MedMNIST_MONAI-3channels.ipynb
[I 2024-11-16 22:44:37.796 ServerApp] Saving file at /MedMNIST_MONAI-3channels.ipynb
[I 2024-11-16 22:49:37.447 ServerApp] Saving file at /MedMNIST_MONAI-3channels.ipynb
[I 2024-11-16 22:50:41.724 ServerApp] Starting buffering for 1a5799a8-a9ee-4cb6-a35f-23892df090ad:2d913874-bd0b-4c47-956c-f9e8e1686279
[I 2024-11-16 22:50:41.728 ServerApp] Starting buffering for e0c01fca-c4ba-4281-897e-281bc0aa3122:c5a4ddd8-01a7-4b15-8833-ed8105351608
[I 2024-11-16 22:50:41.731 ServerApp] Starting buffering for cd64347f-140c-4795-804a-d26377d940a3:2734df68-85cf-4d8b-90b0-89335211331b
[W 2024-11-16 22:50:43.481 LabApp] Could not determine jupyterlab build status without nodejs
[I 2024-11-16 22:50:43.591 ServerApp] Connecting to kernel d046411b-64a5-4a30-83c7-59544e90b6c5.
[I 2024-11-16 22:50:43.684 ServerApp] Connecting to kernel 1a5799a8-a9ee-4cb6-a35f-23892df090ad.
[I 2024-11-16 22:50:43.774 ServerApp] Connecting to kernel e0c01fca-c4ba-4281-897e-281bc0aa3122.
[I 2024-11-16 22:50:43.845 ServerApp] Starting buffering for d046411b-64a5-4a30-83c7-59544e90b6c5:5b83003a-7e61-4f04-bc50-37df63fd6ab0
[I 2024-11-16 22:50:43.866 ServerApp] Connecting to kernel cd64347f-140c-4795-804a-d26377d940a3.
[I 2024-11-16 22:50:43.966 ServerApp] Connecting to kernel a42296d9-d7e8-4a27-bb6a-dedcba3c8ba6.
[I 2024-11-16 22:50:44.008 ServerApp] Starting buffering for 1a5799a8-a9ee-4cb6-a35f-23892df090ad:8ba96f20-fbbc-46b6-a3c3-49415ec8f959
[I 2024-11-16 22:50:44.086 ServerApp] Starting buffering for e0c01fca-c4ba-4281-897e-281bc0aa3122:bf7bf4a7-7501-4620-a6d9-c9411ff0236a
[I 2024-11-16 22:50:44.169 ServerApp] Starting buffering for a42296d9-d7e8-4a27-bb6a-dedcba3c8ba6:e00362e4-d427-49b1-9a0c-d72f4a973bb3
[I 2024-11-16 22:50:47.157 ServerApp] Connecting to kernel 1a5799a8-a9ee-4cb6-a35f-23892df090ad.
[I 2024-11-16 22:50:50.647 ServerApp] Connecting to kernel e0c01fca-c4ba-4281-897e-281bc0aa3122.
[I 2024-11-16 22:50:51.498 ServerApp] Connecting to kernel cd64347f-140c-4795-804a-d26377d940a3.
[I 2024-11-16 22:51:16.586 ServerApp] Starting buffering for e0c01fca-c4ba-4281-897e-281bc0aa3122:a713914b-c97f-4b27-952f-1ea52f8501ab
[I 2024-11-16 22:51:16.587 ServerApp] Starting buffering for 1a5799a8-a9ee-4cb6-a35f-23892df090ad:42189d4c-59a2-4eb0-b26d-79b0272e7614
[I 2024-11-16 22:51:16.587 ServerApp] Starting buffering for cd64347f-140c-4795-804a-d26377d940a3:de979746-aef2-48f9-b0d6-9a6f1df7d45b
[W 2024-11-16 22:51:17.454 LabApp] Could not determine jupyterlab build status without nodejs
[I 2024-11-16 22:51:17.629 ServerApp] Connecting to kernel d046411b-64a5-4a30-83c7-59544e90b6c5.
[I 2024-11-16 22:51:17.858 ServerApp] Connecting to kernel 1a5799a8-a9ee-4cb6-a35f-23892df090ad.
[I 2024-11-16 22:51:18.021 ServerApp] Starting buffering for d046411b-64a5-4a30-83c7-59544e90b6c5:c96d31d6-a387-4bb4-85d4-37ad20ed107b
[I 2024-11-16 22:51:18.035 ServerApp] Connecting to kernel e0c01fca-c4ba-4281-897e-281bc0aa3122.
[I 2024-11-16 22:51:18.129 ServerApp] Starting buffering for 1a5799a8-a9ee-4cb6-a35f-23892df090ad:565a9649-79ca-4f64-a796-9337a7a34a54
[I 2024-11-16 22:51:18.166 ServerApp] Connecting to kernel cd64347f-140c-4795-804a-d26377d940a3.
[I 2024-11-16 22:51:18.216 ServerApp] Starting buffering for e0c01fca-c4ba-4281-897e-281bc0aa3122:ec3bb985-ac14-4215-9ec0-ea01c87a2ad0
[I 2024-11-16 22:51:18.258 ServerApp] Connecting to kernel a42296d9-d7e8-4a27-bb6a-dedcba3c8ba6.
[I 2024-11-16 22:51:18.837 ServerApp] Starting buffering for a42296d9-d7e8-4a27-bb6a-dedcba3c8ba6:10b8b239-c1e2-496f-858d-94d2ba2c68b6
[I 2024-11-16 22:51:20.945 ServerApp] Connecting to kernel 1a5799a8-a9ee-4cb6-a35f-23892df090ad.
[I 2024-11-16 22:51:32.638 ServerApp] Connecting to kernel cd64347f-140c-4795-804a-d26377d940a3.
[I 2024-11-16 22:51:33.054 ServerApp] Connecting to kernel e0c01fca-c4ba-4281-897e-281bc0aa3122.
[I 2024-11-16 22:52:16.426 ServerApp] Starting buffering for 1a5799a8-a9ee-4cb6-a35f-23892df090ad:f6644d36-a5b9-4fe5-809c-1a9bbe4059cf
[I 2024-11-16 22:52:16.427 ServerApp] Starting buffering for cd64347f-140c-4795-804a-d26377d940a3:8370d15c-4407-4935-86c2-6e7b720070df
[I 2024-11-16 22:52:16.427 ServerApp] Starting buffering for e0c01fca-c4ba-4281-897e-281bc0aa3122:32d82e49-fe69-4483-8078-dd4e38e2630a
[W 2024-11-16 22:52:17.344 LabApp] Could not determine jupyterlab build status without nodejs
[I 2024-11-16 22:52:17.467 ServerApp] Connecting to kernel d046411b-64a5-4a30-83c7-59544e90b6c5.
[I 2024-11-16 22:52:17.640 ServerApp] Connecting to kernel 1a5799a8-a9ee-4cb6-a35f-23892df090ad.
[I 2024-11-16 22:52:17.887 ServerApp] Connecting to kernel e0c01fca-c4ba-4281-897e-281bc0aa3122.
[I 2024-11-16 22:52:17.894 ServerApp] Starting buffering for d046411b-64a5-4a30-83c7-59544e90b6c5:feb8e7e3-9e62-4ab0-83f0-52f3b6183b06
[I 2024-11-16 22:52:18.056 ServerApp] Starting buffering for 1a5799a8-a9ee-4cb6-a35f-23892df090ad:6bc457e6-9a3d-41b0-87ff-dcac30a5f4d5
[I 2024-11-16 22:52:18.130 ServerApp] Connecting to kernel cd64347f-140c-4795-804a-d26377d940a3.
[I 2024-11-16 22:52:18.295 ServerApp] Starting buffering for e0c01fca-c4ba-4281-897e-281bc0aa3122:505fc67b-d748-4470-8648-bf77a2fafe53
[I 2024-11-16 22:52:18.375 ServerApp] Connecting to kernel a42296d9-d7e8-4a27-bb6a-dedcba3c8ba6.
[I 2024-11-16 22:52:19.200 ServerApp] Starting buffering for a42296d9-d7e8-4a27-bb6a-dedcba3c8ba6:34499cef-5859-4a5e-8a32-6903c23b3733
[I 2024-11-16 22:52:21.459 ServerApp] Connecting to kernel 1a5799a8-a9ee-4cb6-a35f-23892df090ad.
[I 2024-11-16 22:52:29.077 ServerApp] Connecting to kernel e0c01fca-c4ba-4281-897e-281bc0aa3122.
[I 2024-11-16 22:52:29.763 ServerApp] Connecting to kernel cd64347f-140c-4795-804a-d26377d940a3.
[I 2024-11-16 22:54:59.321 ServerApp] Saving file at /MedMNIST_MONAI-3channels.ipynb
[I 2024-11-16 22:58:39.391 ServerApp] Starting buffering for 1a5799a8-a9ee-4cb6-a35f-23892df090ad:b290907e-c9b6-4532-a463-bfc6aee5e587
[I 2024-11-16 22:58:39.392 ServerApp] Starting buffering for e0c01fca-c4ba-4281-897e-281bc0aa3122:d69acf94-a2f4-4aa6-8986-34f4964e0ced
[I 2024-11-16 22:58:39.393 ServerApp] Starting buffering for cd64347f-140c-4795-804a-d26377d940a3:b229a275-3854-423a-9727-3807d8818677
[W 2024-11-16 22:58:40.959 LabApp] Could not determine jupyterlab build status without nodejs
[I 2024-11-16 22:58:41.065 ServerApp] Connecting to kernel d046411b-64a5-4a30-83c7-59544e90b6c5.
[I 2024-11-16 22:58:41.180 ServerApp] Connecting to kernel 1a5799a8-a9ee-4cb6-a35f-23892df090ad.
[I 2024-11-16 22:58:41.277 ServerApp] Connecting to kernel e0c01fca-c4ba-4281-897e-281bc0aa3122.
[I 2024-11-16 22:58:41.373 ServerApp] Starting buffering for d046411b-64a5-4a30-83c7-59544e90b6c5:9f6dd3a8-2ecb-4b82-8454-84ef878c7401
[I 2024-11-16 22:58:41.397 ServerApp] Connecting to kernel cd64347f-140c-4795-804a-d26377d940a3.
[I 2024-11-16 22:58:41.495 ServerApp] Connecting to kernel a42296d9-d7e8-4a27-bb6a-dedcba3c8ba6.
[I 2024-11-16 22:58:41.580 ServerApp] Starting buffering for e0c01fca-c4ba-4281-897e-281bc0aa3122:58ab3b1b-19ee-41d9-9373-901936d162ea
[I 2024-11-16 22:58:41.581 ServerApp] Starting buffering for 1a5799a8-a9ee-4cb6-a35f-23892df090ad:ab4a5f65-d1ed-460c-b9d6-0357d495bd06
[I 2024-11-16 22:58:41.751 ServerApp] Starting buffering for a42296d9-d7e8-4a27-bb6a-dedcba3c8ba6:cd28037c-4fe8-401a-8937-8929db0d2aeb
[I 2024-11-16 22:58:43.930 ServerApp] Connecting to kernel 1a5799a8-a9ee-4cb6-a35f-23892df090ad.
[I 2024-11-16 22:58:45.509 ServerApp] Connecting to kernel e0c01fca-c4ba-4281-897e-281bc0aa3122.
[I 2024-11-16 22:58:47.036 ServerApp] Connecting to kernel cd64347f-140c-4795-804a-d26377d940a3.
[I 2024-11-16 22:59:32.940 ServerApp] Saving file at /MedMNIST_MONAI-3channels.ipynb
[I 2024-11-16 22:59:36.216 ServerApp] Connecting to kernel cd64347f-140c-4795-804a-d26377d940a3.
[W 2024-11-16 23:00:12.296 ServerApp] 400 GET /api/contents/runs/Nov16_22-35-52_36040bdf32c8/events.out.tfevents.1731796552.36040bdf32c8.390.4?type=file&content=1&hash=1&format=text&1731798012054 (93.54.78.147): /mnt/hdd/marina/workspace/2D-to-3D-Pretraining/runs/Nov16_22-35-52_36040bdf32c8/events.out.tfevents.1731796552.36040bdf32c8.390.4 is not UTF-8 encoded
[W 2024-11-16 23:00:12.296 ServerApp] wrote error: '/mnt/hdd/marina/workspace/2D-to-3D-Pretraining/runs/Nov16_22-35-52_36040bdf32c8/events.out.tfevents.1731796552.36040bdf32c8.390.4 is not UTF-8 encoded'
    Traceback (most recent call last):
      File "/opt/conda/lib/python3.10/site-packages/jupyter_server/services/contents/fileio.py", line 536, in _read_file
        (bcontent.decode("utf8"), "text", bcontent)
    UnicodeDecodeError: 'utf-8' codec can't decode byte 0xfe in position 8: invalid start byte
    
    The above exception was the direct cause of the following exception:
    
    Traceback (most recent call last):
      File "/opt/conda/lib/python3.10/site-packages/tornado/web.py", line 1790, in _execute
        result = await result
      File "/opt/conda/lib/python3.10/site-packages/jupyter_server/auth/decorator.py", line 73, in inner
        return await out
      File "/opt/conda/lib/python3.10/site-packages/jupyter_server/services/contents/handlers.py", line 154, in get
        model = await ensure_async(
      File "/opt/conda/lib/python3.10/site-packages/jupyter_core/utils/__init__.py", line 198, in ensure_async
        result = await obj
      File "/opt/conda/lib/python3.10/site-packages/jupyter_server/services/contents/filemanager.py", line 926, in get
        model = await self._file_model(
      File "/opt/conda/lib/python3.10/site-packages/jupyter_server/services/contents/filemanager.py", line 835, in _file_model
        content, format, bytes_content = await self._read_file(os_path, format, raw=True)  # type: ignore[misc]
      File "/opt/conda/lib/python3.10/site-packages/jupyter_server/services/contents/fileio.py", line 545, in _read_file
        raise HTTPError(
    tornado.web.HTTPError: HTTP 400: bad format (/mnt/hdd/marina/workspace/2D-to-3D-Pretraining/runs/Nov16_22-35-52_36040bdf32c8/events.out.tfevents.1731796552.36040bdf32c8.390.4 is not UTF-8 encoded)
[W 2024-11-16 23:00:12.304 ServerApp] 400 GET /api/contents/runs/Nov16_22-35-52_36040bdf32c8/events.out.tfevents.1731796552.36040bdf32c8.390.4?type=file&content=1&hash=1&format=text&1731798012054 (bc20a3b82b4c49e48bab55678bf71227@93.54.78.147) 14.61ms referer=http://134.60.70.133:9999/lab/tree/runs/Nov16_22-35-52_36040bdf32c8/events.out.tfevents.1731796552.36040bdf32c8.390.4
slurmstepd: error: *** JOB 24384 ON worker2 CANCELLED AT 2024-11-17T00:01:33 ***
