Prolog...
================================================================================
Running on worker2. This worker has IP 134.60.70.133/24
Running as marina, with groups: students docker
Job ID: 24136
CUDA_VISIBLE_DEVICES: 0
Using CPU Cores 0-11
Using 63000 MiB RAM
================================================================================
docker run -i --rm --pull=always --ipc=host -e XDG_CACHE_HOME=/tmp/cache --name slurm_24136 --cpuset-cpus 0-11 --memory 63000m --gpus '"device=0"' -w /mnt/hdd/marina/workspace/2D-to-3D-Pretraining -v /mnt/hdd/marina:/mnt/hdd/marina -p 0.0.0.0:9999:9999 pytorch/pytorch:latest bash -c '{ apt-get update;  DEBIAN_FRONTEND=noninteractive apt-get install -y sudo; python3 -m pip install -r requirement.txt; groupadd --gid 1004 students; useradd --uid 1052 -s /bin/bash --gid 1004 -m -d /mnt/hdd/marina marina; nvidia-smi -L; sudo --set-home --preserve-env=PATH --user=\#1052 -- ./start.sh; }'
================================================================================
latest: Pulling from pytorch/pytorch
Digest: sha256:11691e035a3651d25a87116b4f6adc113a27a29d8f5a6a583f8569e0ee5ff897
Status: Image is up to date for pytorch/pytorch:latest
Get:1 http://security.ubuntu.com/ubuntu jammy-security InRelease [129 kB]
Get:2 http://archive.ubuntu.com/ubuntu jammy InRelease [270 kB]
Get:3 http://security.ubuntu.com/ubuntu jammy-security/restricted amd64 Packages [3227 kB]
Get:4 http://archive.ubuntu.com/ubuntu jammy-updates InRelease [128 kB]
Get:5 http://archive.ubuntu.com/ubuntu jammy-backports InRelease [127 kB]
Get:6 http://archive.ubuntu.com/ubuntu jammy/restricted amd64 Packages [164 kB]
Get:7 http://archive.ubuntu.com/ubuntu jammy/universe amd64 Packages [17.5 MB]
Get:8 http://security.ubuntu.com/ubuntu jammy-security/multiverse amd64 Packages [44.7 kB]
Get:9 http://security.ubuntu.com/ubuntu jammy-security/universe amd64 Packages [1162 kB]
Get:10 http://security.ubuntu.com/ubuntu jammy-security/main amd64 Packages [2389 kB]
Get:11 http://archive.ubuntu.com/ubuntu jammy/main amd64 Packages [1792 kB]
Get:12 http://archive.ubuntu.com/ubuntu jammy/multiverse amd64 Packages [266 kB]
Get:13 http://archive.ubuntu.com/ubuntu jammy-updates/multiverse amd64 Packages [51.8 kB]
Get:14 http://archive.ubuntu.com/ubuntu jammy-updates/restricted amd64 Packages [3305 kB]
Get:15 http://archive.ubuntu.com/ubuntu jammy-updates/main amd64 Packages [2665 kB]
Get:16 http://archive.ubuntu.com/ubuntu jammy-updates/universe amd64 Packages [1450 kB]
Get:17 http://archive.ubuntu.com/ubuntu jammy-backports/universe amd64 Packages [33.7 kB]
Get:18 http://archive.ubuntu.com/ubuntu jammy-backports/main amd64 Packages [81.4 kB]
Fetched 34.8 MB in 2s (15.2 MB/s)
Reading package lists...
Reading package lists...
Building dependency tree...
Reading state information...
The following NEW packages will be installed:
  sudo
0 upgraded, 1 newly installed, 0 to remove and 33 not upgraded.
Need to get 821 kB of archives.
After this operation, 2568 kB of additional disk space will be used.
Get:1 http://archive.ubuntu.com/ubuntu jammy-updates/main amd64 sudo amd64 1.9.9-1ubuntu2.4 [821 kB]
debconf: delaying package configuration, since apt-utils is not installed
Fetched 821 kB in 0s (4984 kB/s)
Selecting previously unselected package sudo.
(Reading database ... (Reading database ... 5%(Reading database ... 10%(Reading database ... 15%(Reading database ... 20%(Reading database ... 25%(Reading database ... 30%(Reading database ... 35%(Reading database ... 40%(Reading database ... 45%(Reading database ... 50%(Reading database ... 55%(Reading database ... 60%(Reading database ... 65%(Reading database ... 70%(Reading database ... 75%(Reading database ... 80%(Reading database ... 85%(Reading database ... 90%(Reading database ... 95%(Reading database ... 100%(Reading database ... 6643 files and directories currently installed.)
Preparing to unpack .../sudo_1.9.9-1ubuntu2.4_amd64.deb ...
Unpacking sudo (1.9.9-1ubuntu2.4) ...
Setting up sudo (1.9.9-1ubuntu2.4) ...
Processing triggers for libc-bin (2.35-0ubuntu3.6) ...
Collecting jupyterlab (from -r requirement.txt (line 1))
  Downloading jupyterlab-4.3.0-py3-none-any.whl.metadata (16 kB)
Requirement already satisfied: numpy>=1.23.5 in /opt/conda/lib/python3.10/site-packages (from -r requirement.txt (line 2)) (1.26.3)
Collecting matplotlib>=3.5.1 (from -r requirement.txt (line 3))
  Downloading matplotlib-3.9.2-cp310-cp310-manylinux_2_17_x86_64.manylinux2014_x86_64.whl.metadata (11 kB)
Collecting scipy>=1.9.3 (from -r requirement.txt (line 4))
  Downloading scipy-1.14.1-cp310-cp310-manylinux_2_17_x86_64.manylinux2014_x86_64.whl.metadata (60 kB)
     ━━━━━━━━━━━━━━━━━━━━━━━━━━━━━━━━━━━━━━━━ 60.8/60.8 kB 4.1 MB/s eta 0:00:00
Collecting scikit-image>=0.20 (from scikit-image[data]>=0.20->-r requirement.txt (line 5))
  Downloading scikit_image-0.24.0-cp310-cp310-manylinux_2_17_x86_64.manylinux2014_x86_64.whl.metadata (14 kB)
Requirement already satisfied: Pillow>=2.1.0 in /opt/conda/lib/python3.10/site-packages (from -r requirement.txt (line 6)) (10.2.0)
Requirement already satisfied: torch>=2.0.1 in /opt/conda/lib/python3.10/site-packages (from -r requirement.txt (line 7)) (2.2.1)
Requirement already satisfied: torchvision in /opt/conda/lib/python3.10/site-packages (from -r requirement.txt (line 8)) (0.17.1)
Collecting tensorboard (from -r requirement.txt (line 9))
  Downloading tensorboard-2.18.0-py3-none-any.whl.metadata (1.6 kB)
Collecting torchsummary (from -r requirement.txt (line 10))
  Downloading torchsummary-1.5.1-py3-none-any.whl.metadata (296 bytes)
Collecting einops>=0.3.0 (from -r requirement.txt (line 11))
  Downloading einops-0.8.0-py3-none-any.whl.metadata (12 kB)
Collecting timm (from -r requirement.txt (line 12))
  Downloading timm-1.0.11-py3-none-any.whl.metadata (48 kB)
     ━━━━━━━━━━━━━━━━━━━━━━━━━━━━━━━━━━━━━━━━ 48.4/48.4 kB 6.0 MB/s eta 0:00:00
Collecting scikit-learn>=0.18 (from -r requirement.txt (line 13))
  Downloading scikit_learn-1.5.2-cp310-cp310-manylinux_2_17_x86_64.manylinux2014_x86_64.whl.metadata (13 kB)
Collecting pandas>=1.3.5 (from -r requirement.txt (line 14))
  Downloading pandas-2.2.3-cp310-cp310-manylinux_2_17_x86_64.manylinux2014_x86_64.whl.metadata (89 kB)
     ━━━━━━━━━━━━━━━━━━━━━━━━━━━━━━━━━━━━━━━━ 89.9/89.9 kB 10.6 MB/s eta 0:00:00
Requirement already satisfied: tqdm>=4.62.3 in /opt/conda/lib/python3.10/site-packages (from -r requirement.txt (line 15)) (4.65.0)
Collecting transformers>=4.36.2 (from -r requirement.txt (line 16))
  Downloading transformers-4.46.1-py3-none-any.whl.metadata (44 kB)
     ━━━━━━━━━━━━━━━━━━━━━━━━━━━━━━━━━━━━━━━━ 44.1/44.1 kB 5.4 MB/s eta 0:00:00
Collecting medmnist (from -r requirement.txt (line 17))
  Downloading medmnist-3.0.2-py3-none-any.whl.metadata (14 kB)
Collecting monai (from -r requirement.txt (line 18))
  Downloading monai-1.4.0-py3-none-any.whl.metadata (11 kB)
Collecting async-lru>=1.0.0 (from jupyterlab->-r requirement.txt (line 1))
  Downloading async_lru-2.0.4-py3-none-any.whl.metadata (4.5 kB)
Collecting httpx>=0.25.0 (from jupyterlab->-r requirement.txt (line 1))
  Downloading httpx-0.27.2-py3-none-any.whl.metadata (7.1 kB)
Collecting ipykernel>=6.5.0 (from jupyterlab->-r requirement.txt (line 1))
  Downloading ipykernel-6.29.5-py3-none-any.whl.metadata (6.3 kB)
Requirement already satisfied: jinja2>=3.0.3 in /opt/conda/lib/python3.10/site-packages (from jupyterlab->-r requirement.txt (line 1)) (3.1.3)
Collecting jupyter-core (from jupyterlab->-r requirement.txt (line 1))
  Downloading jupyter_core-5.7.2-py3-none-any.whl.metadata (3.4 kB)
Collecting jupyter-lsp>=2.0.0 (from jupyterlab->-r requirement.txt (line 1))
  Downloading jupyter_lsp-2.2.5-py3-none-any.whl.metadata (1.8 kB)
Collecting jupyter-server<3,>=2.4.0 (from jupyterlab->-r requirement.txt (line 1))
  Downloading jupyter_server-2.14.2-py3-none-any.whl.metadata (8.4 kB)
Collecting jupyterlab-server<3,>=2.27.1 (from jupyterlab->-r requirement.txt (line 1))
  Downloading jupyterlab_server-2.27.3-py3-none-any.whl.metadata (5.9 kB)
Collecting notebook-shim>=0.2 (from jupyterlab->-r requirement.txt (line 1))
  Downloading notebook_shim-0.2.4-py3-none-any.whl.metadata (4.0 kB)
Requirement already satisfied: packaging in /opt/conda/lib/python3.10/site-packages (from jupyterlab->-r requirement.txt (line 1)) (23.1)
Requirement already satisfied: setuptools>=40.1.0 in /opt/conda/lib/python3.10/site-packages (from jupyterlab->-r requirement.txt (line 1)) (68.2.2)
Requirement already satisfied: tomli>=1.2.2 in /opt/conda/lib/python3.10/site-packages (from jupyterlab->-r requirement.txt (line 1)) (2.0.1)
Collecting tornado>=6.2.0 (from jupyterlab->-r requirement.txt (line 1))
  Downloading tornado-6.4.1-cp38-abi3-manylinux_2_5_x86_64.manylinux1_x86_64.manylinux_2_17_x86_64.manylinux2014_x86_64.whl.metadata (2.5 kB)
Requirement already satisfied: traitlets in /opt/conda/lib/python3.10/site-packages (from jupyterlab->-r requirement.txt (line 1)) (5.7.1)
Collecting contourpy>=1.0.1 (from matplotlib>=3.5.1->-r requirement.txt (line 3))
  Downloading contourpy-1.3.0-cp310-cp310-manylinux_2_17_x86_64.manylinux2014_x86_64.whl.metadata (5.4 kB)
Collecting cycler>=0.10 (from matplotlib>=3.5.1->-r requirement.txt (line 3))
  Downloading cycler-0.12.1-py3-none-any.whl.metadata (3.8 kB)
Collecting fonttools>=4.22.0 (from matplotlib>=3.5.1->-r requirement.txt (line 3))
  Downloading fonttools-4.54.1-cp310-cp310-manylinux_2_17_x86_64.manylinux2014_x86_64.whl.metadata (163 kB)
     ━━━━━━━━━━━━━━━━━━━━━━━━━━━━━━━━━━━━━━ 163.7/163.7 kB 20.5 MB/s eta 0:00:00
Collecting kiwisolver>=1.3.1 (from matplotlib>=3.5.1->-r requirement.txt (line 3))
  Downloading kiwisolver-1.4.7-cp310-cp310-manylinux_2_12_x86_64.manylinux2010_x86_64.whl.metadata (6.3 kB)
Collecting pyparsing>=2.3.1 (from matplotlib>=3.5.1->-r requirement.txt (line 3))
  Downloading pyparsing-3.2.0-py3-none-any.whl.metadata (5.0 kB)
Collecting python-dateutil>=2.7 (from matplotlib>=3.5.1->-r requirement.txt (line 3))
  Downloading python_dateutil-2.9.0.post0-py2.py3-none-any.whl.metadata (8.4 kB)
Requirement already satisfied: networkx>=2.8 in /opt/conda/lib/python3.10/site-packages (from scikit-image>=0.20->scikit-image[data]>=0.20->-r requirement.txt (line 5)) (3.1)
Collecting imageio>=2.33 (from scikit-image>=0.20->scikit-image[data]>=0.20->-r requirement.txt (line 5))
  Downloading imageio-2.36.0-py3-none-any.whl.metadata (5.2 kB)
Collecting tifffile>=2022.8.12 (from scikit-image>=0.20->scikit-image[data]>=0.20->-r requirement.txt (line 5))
  Downloading tifffile-2024.9.20-py3-none-any.whl.metadata (32 kB)
Collecting lazy-loader>=0.4 (from scikit-image>=0.20->scikit-image[data]>=0.20->-r requirement.txt (line 5))
  Downloading lazy_loader-0.4-py3-none-any.whl.metadata (7.6 kB)
Requirement already satisfied: filelock in /opt/conda/lib/python3.10/site-packages (from torch>=2.0.1->-r requirement.txt (line 7)) (3.13.1)
Requirement already satisfied: typing-extensions>=4.8.0 in /opt/conda/lib/python3.10/site-packages (from torch>=2.0.1->-r requirement.txt (line 7)) (4.9.0)
Requirement already satisfied: sympy in /opt/conda/lib/python3.10/site-packages (from torch>=2.0.1->-r requirement.txt (line 7)) (1.12)
Requirement already satisfied: fsspec in /opt/conda/lib/python3.10/site-packages (from torch>=2.0.1->-r requirement.txt (line 7)) (2024.2.0)
Collecting absl-py>=0.4 (from tensorboard->-r requirement.txt (line 9))
  Downloading absl_py-2.1.0-py3-none-any.whl.metadata (2.3 kB)
Collecting grpcio>=1.48.2 (from tensorboard->-r requirement.txt (line 9))
  Downloading grpcio-1.67.1-cp310-cp310-manylinux_2_17_x86_64.manylinux2014_x86_64.whl.metadata (3.9 kB)
Collecting markdown>=2.6.8 (from tensorboard->-r requirement.txt (line 9))
  Downloading Markdown-3.7-py3-none-any.whl.metadata (7.0 kB)
Collecting protobuf!=4.24.0,>=3.19.6 (from tensorboard->-r requirement.txt (line 9))
  Downloading protobuf-5.28.3-cp38-abi3-manylinux2014_x86_64.whl.metadata (592 bytes)
Requirement already satisfied: six>1.9 in /opt/conda/lib/python3.10/site-packages (from tensorboard->-r requirement.txt (line 9)) (1.16.0)
Collecting tensorboard-data-server<0.8.0,>=0.7.0 (from tensorboard->-r requirement.txt (line 9))
  Downloading tensorboard_data_server-0.7.2-py3-none-manylinux_2_31_x86_64.whl.metadata (1.1 kB)
Collecting werkzeug>=1.0.1 (from tensorboard->-r requirement.txt (line 9))
  Downloading werkzeug-3.1.1-py3-none-any.whl.metadata (3.7 kB)
Requirement already satisfied: pyyaml in /opt/conda/lib/python3.10/site-packages (from timm->-r requirement.txt (line 12)) (6.0.1)
Collecting huggingface_hub (from timm->-r requirement.txt (line 12))
  Downloading huggingface_hub-0.26.2-py3-none-any.whl.metadata (13 kB)
Collecting safetensors (from timm->-r requirement.txt (line 12))
  Downloading safetensors-0.4.5-cp310-cp310-manylinux_2_17_x86_64.manylinux2014_x86_64.whl.metadata (3.8 kB)
Collecting joblib>=1.2.0 (from scikit-learn>=0.18->-r requirement.txt (line 13))
  Downloading joblib-1.4.2-py3-none-any.whl.metadata (5.4 kB)
Collecting threadpoolctl>=3.1.0 (from scikit-learn>=0.18->-r requirement.txt (line 13))
  Downloading threadpoolctl-3.5.0-py3-none-any.whl.metadata (13 kB)
Requirement already satisfied: pytz>=2020.1 in /opt/conda/lib/python3.10/site-packages (from pandas>=1.3.5->-r requirement.txt (line 14)) (2023.3.post1)
Collecting tzdata>=2022.7 (from pandas>=1.3.5->-r requirement.txt (line 14))
  Downloading tzdata-2024.2-py2.py3-none-any.whl.metadata (1.4 kB)
Collecting regex!=2019.12.17 (from transformers>=4.36.2->-r requirement.txt (line 16))
  Downloading regex-2024.9.11-cp310-cp310-manylinux_2_17_x86_64.manylinux2014_x86_64.whl.metadata (40 kB)
     ━━━━━━━━━━━━━━━━━━━━━━━━━━━━━━━━━━━━━━━━ 40.5/40.5 kB 4.3 MB/s eta 0:00:00
Requirement already satisfied: requests in /opt/conda/lib/python3.10/site-packages (from transformers>=4.36.2->-r requirement.txt (line 16)) (2.31.0)
Collecting tokenizers<0.21,>=0.20 (from transformers>=4.36.2->-r requirement.txt (line 16))
  Downloading tokenizers-0.20.1-cp310-cp310-manylinux_2_17_x86_64.manylinux2014_x86_64.whl.metadata (6.7 kB)
Collecting fire (from medmnist->-r requirement.txt (line 17))
  Downloading fire-0.7.0.tar.gz (87 kB)
     ━━━━━━━━━━━━━━━━━━━━━━━━━━━━━━━━━━━━━━━━ 87.2/87.2 kB 11.9 MB/s eta 0:00:00
  Preparing metadata (setup.py): started
  Preparing metadata (setup.py): finished with status 'done'
Collecting pooch>=1.6.0 (from scikit-image[data]>=0.20->-r requirement.txt (line 5))
  Downloading pooch-1.8.2-py3-none-any.whl.metadata (10 kB)
Collecting anyio (from httpx>=0.25.0->jupyterlab->-r requirement.txt (line 1))
  Downloading anyio-4.6.2.post1-py3-none-any.whl.metadata (4.7 kB)
Requirement already satisfied: certifi in /opt/conda/lib/python3.10/site-packages (from httpx>=0.25.0->jupyterlab->-r requirement.txt (line 1)) (2024.2.2)
Collecting httpcore==1.* (from httpx>=0.25.0->jupyterlab->-r requirement.txt (line 1))
  Downloading httpcore-1.0.6-py3-none-any.whl.metadata (21 kB)
Requirement already satisfied: idna in /opt/conda/lib/python3.10/site-packages (from httpx>=0.25.0->jupyterlab->-r requirement.txt (line 1)) (3.4)
Collecting sniffio (from httpx>=0.25.0->jupyterlab->-r requirement.txt (line 1))
  Downloading sniffio-1.3.1-py3-none-any.whl.metadata (3.9 kB)
Collecting h11<0.15,>=0.13 (from httpcore==1.*->httpx>=0.25.0->jupyterlab->-r requirement.txt (line 1))
  Downloading h11-0.14.0-py3-none-any.whl.metadata (8.2 kB)
Collecting comm>=0.1.1 (from ipykernel>=6.5.0->jupyterlab->-r requirement.txt (line 1))
  Downloading comm-0.2.2-py3-none-any.whl.metadata (3.7 kB)
Collecting debugpy>=1.6.5 (from ipykernel>=6.5.0->jupyterlab->-r requirement.txt (line 1))
  Downloading debugpy-1.8.7-cp310-cp310-manylinux_2_5_x86_64.manylinux1_x86_64.manylinux_2_17_x86_64.manylinux2014_x86_64.whl.metadata (1.1 kB)
Requirement already satisfied: ipython>=7.23.1 in /opt/conda/lib/python3.10/site-packages (from ipykernel>=6.5.0->jupyterlab->-r requirement.txt (line 1)) (8.20.0)
Collecting jupyter-client>=6.1.12 (from ipykernel>=6.5.0->jupyterlab->-r requirement.txt (line 1))
  Downloading jupyter_client-8.6.3-py3-none-any.whl.metadata (8.3 kB)
Requirement already satisfied: matplotlib-inline>=0.1 in /opt/conda/lib/python3.10/site-packages (from ipykernel>=6.5.0->jupyterlab->-r requirement.txt (line 1)) (0.1.6)
Collecting nest-asyncio (from ipykernel>=6.5.0->jupyterlab->-r requirement.txt (line 1))
  Downloading nest_asyncio-1.6.0-py3-none-any.whl.metadata (2.8 kB)
Requirement already satisfied: psutil in /opt/conda/lib/python3.10/site-packages (from ipykernel>=6.5.0->jupyterlab->-r requirement.txt (line 1)) (5.9.0)
Collecting pyzmq>=24 (from ipykernel>=6.5.0->jupyterlab->-r requirement.txt (line 1))
  Downloading pyzmq-26.2.0-cp310-cp310-manylinux_2_28_x86_64.whl.metadata (6.2 kB)
Requirement already satisfied: MarkupSafe>=2.0 in /opt/conda/lib/python3.10/site-packages (from jinja2>=3.0.3->jupyterlab->-r requirement.txt (line 1)) (2.1.3)
Requirement already satisfied: platformdirs>=2.5 in /opt/conda/lib/python3.10/site-packages (from jupyter-core->jupyterlab->-r requirement.txt (line 1)) (3.10.0)
Collecting argon2-cffi>=21.1 (from jupyter-server<3,>=2.4.0->jupyterlab->-r requirement.txt (line 1))
  Downloading argon2_cffi-23.1.0-py3-none-any.whl.metadata (5.2 kB)
Collecting jupyter-events>=0.9.0 (from jupyter-server<3,>=2.4.0->jupyterlab->-r requirement.txt (line 1))
  Downloading jupyter_events-0.10.0-py3-none-any.whl.metadata (5.9 kB)
Collecting jupyter-server-terminals>=0.4.4 (from jupyter-server<3,>=2.4.0->jupyterlab->-r requirement.txt (line 1))
  Downloading jupyter_server_terminals-0.5.3-py3-none-any.whl.metadata (5.6 kB)
Collecting nbconvert>=6.4.4 (from jupyter-server<3,>=2.4.0->jupyterlab->-r requirement.txt (line 1))
  Downloading nbconvert-7.16.4-py3-none-any.whl.metadata (8.5 kB)
Collecting nbformat>=5.3.0 (from jupyter-server<3,>=2.4.0->jupyterlab->-r requirement.txt (line 1))
  Downloading nbformat-5.10.4-py3-none-any.whl.metadata (3.6 kB)
Collecting overrides>=5.0 (from jupyter-server<3,>=2.4.0->jupyterlab->-r requirement.txt (line 1))
  Downloading overrides-7.7.0-py3-none-any.whl.metadata (5.8 kB)
Collecting prometheus-client>=0.9 (from jupyter-server<3,>=2.4.0->jupyterlab->-r requirement.txt (line 1))
  Downloading prometheus_client-0.21.0-py3-none-any.whl.metadata (1.8 kB)
Collecting send2trash>=1.8.2 (from jupyter-server<3,>=2.4.0->jupyterlab->-r requirement.txt (line 1))
  Downloading Send2Trash-1.8.3-py3-none-any.whl.metadata (4.0 kB)
Collecting terminado>=0.8.3 (from jupyter-server<3,>=2.4.0->jupyterlab->-r requirement.txt (line 1))
  Downloading terminado-0.18.1-py3-none-any.whl.metadata (5.8 kB)
Collecting websocket-client>=1.7 (from jupyter-server<3,>=2.4.0->jupyterlab->-r requirement.txt (line 1))
  Downloading websocket_client-1.8.0-py3-none-any.whl.metadata (8.0 kB)
Collecting babel>=2.10 (from jupyterlab-server<3,>=2.27.1->jupyterlab->-r requirement.txt (line 1))
  Downloading babel-2.16.0-py3-none-any.whl.metadata (1.5 kB)
Collecting json5>=0.9.0 (from jupyterlab-server<3,>=2.27.1->jupyterlab->-r requirement.txt (line 1))
  Downloading json5-0.9.25-py3-none-any.whl.metadata (30 kB)
Requirement already satisfied: jsonschema>=4.18.0 in /opt/conda/lib/python3.10/site-packages (from jupyterlab-server<3,>=2.27.1->jupyterlab->-r requirement.txt (line 1)) (4.19.2)
Requirement already satisfied: charset-normalizer<4,>=2 in /opt/conda/lib/python3.10/site-packages (from requests->transformers>=4.36.2->-r requirement.txt (line 16)) (2.0.4)
Requirement already satisfied: urllib3<3,>=1.21.1 in /opt/conda/lib/python3.10/site-packages (from requests->transformers>=4.36.2->-r requirement.txt (line 16)) (2.1.0)
Collecting termcolor (from fire->medmnist->-r requirement.txt (line 17))
  Downloading termcolor-2.5.0-py3-none-any.whl.metadata (6.1 kB)
Requirement already satisfied: mpmath>=0.19 in /opt/conda/lib/python3.10/site-packages (from sympy->torch>=2.0.1->-r requirement.txt (line 7)) (1.3.0)
Requirement already satisfied: exceptiongroup>=1.0.2 in /opt/conda/lib/python3.10/site-packages (from anyio->httpx>=0.25.0->jupyterlab->-r requirement.txt (line 1)) (1.2.0)
Collecting argon2-cffi-bindings (from argon2-cffi>=21.1->jupyter-server<3,>=2.4.0->jupyterlab->-r requirement.txt (line 1))
  Downloading argon2_cffi_bindings-21.2.0-cp36-abi3-manylinux_2_17_x86_64.manylinux2014_x86_64.whl.metadata (6.7 kB)
Requirement already satisfied: decorator in /opt/conda/lib/python3.10/site-packages (from ipython>=7.23.1->ipykernel>=6.5.0->jupyterlab->-r requirement.txt (line 1)) (5.1.1)
Requirement already satisfied: jedi>=0.16 in /opt/conda/lib/python3.10/site-packages (from ipython>=7.23.1->ipykernel>=6.5.0->jupyterlab->-r requirement.txt (line 1)) (0.18.1)
Requirement already satisfied: prompt-toolkit<3.1.0,>=3.0.41 in /opt/conda/lib/python3.10/site-packages (from ipython>=7.23.1->ipykernel>=6.5.0->jupyterlab->-r requirement.txt (line 1)) (3.0.43)
Requirement already satisfied: pygments>=2.4.0 in /opt/conda/lib/python3.10/site-packages (from ipython>=7.23.1->ipykernel>=6.5.0->jupyterlab->-r requirement.txt (line 1)) (2.15.1)
Requirement already satisfied: stack-data in /opt/conda/lib/python3.10/site-packages (from ipython>=7.23.1->ipykernel>=6.5.0->jupyterlab->-r requirement.txt (line 1)) (0.2.0)
Requirement already satisfied: pexpect>4.3 in /opt/conda/lib/python3.10/site-packages (from ipython>=7.23.1->ipykernel>=6.5.0->jupyterlab->-r requirement.txt (line 1)) (4.8.0)
Requirement already satisfied: attrs>=22.2.0 in /opt/conda/lib/python3.10/site-packages (from jsonschema>=4.18.0->jupyterlab-server<3,>=2.27.1->jupyterlab->-r requirement.txt (line 1)) (23.1.0)
Requirement already satisfied: jsonschema-specifications>=2023.03.6 in /opt/conda/lib/python3.10/site-packages (from jsonschema>=4.18.0->jupyterlab-server<3,>=2.27.1->jupyterlab->-r requirement.txt (line 1)) (2023.7.1)
Requirement already satisfied: referencing>=0.28.4 in /opt/conda/lib/python3.10/site-packages (from jsonschema>=4.18.0->jupyterlab-server<3,>=2.27.1->jupyterlab->-r requirement.txt (line 1)) (0.30.2)
Requirement already satisfied: rpds-py>=0.7.1 in /opt/conda/lib/python3.10/site-packages (from jsonschema>=4.18.0->jupyterlab-server<3,>=2.27.1->jupyterlab->-r requirement.txt (line 1)) (0.10.6)
Collecting python-json-logger>=2.0.4 (from jupyter-events>=0.9.0->jupyter-server<3,>=2.4.0->jupyterlab->-r requirement.txt (line 1))
  Downloading python_json_logger-2.0.7-py3-none-any.whl.metadata (6.5 kB)
Collecting rfc3339-validator (from jupyter-events>=0.9.0->jupyter-server<3,>=2.4.0->jupyterlab->-r requirement.txt (line 1))
  Downloading rfc3339_validator-0.1.4-py2.py3-none-any.whl.metadata (1.5 kB)
Collecting rfc3986-validator>=0.1.1 (from jupyter-events>=0.9.0->jupyter-server<3,>=2.4.0->jupyterlab->-r requirement.txt (line 1))
  Downloading rfc3986_validator-0.1.1-py2.py3-none-any.whl.metadata (1.7 kB)
Requirement already satisfied: beautifulsoup4 in /opt/conda/lib/python3.10/site-packages (from nbconvert>=6.4.4->jupyter-server<3,>=2.4.0->jupyterlab->-r requirement.txt (line 1)) (4.12.2)
Collecting bleach!=5.0.0 (from nbconvert>=6.4.4->jupyter-server<3,>=2.4.0->jupyterlab->-r requirement.txt (line 1))
  Downloading bleach-6.2.0-py3-none-any.whl.metadata (30 kB)
Collecting defusedxml (from nbconvert>=6.4.4->jupyter-server<3,>=2.4.0->jupyterlab->-r requirement.txt (line 1))
  Downloading defusedxml-0.7.1-py2.py3-none-any.whl.metadata (32 kB)
Collecting jupyterlab-pygments (from nbconvert>=6.4.4->jupyter-server<3,>=2.4.0->jupyterlab->-r requirement.txt (line 1))
  Downloading jupyterlab_pygments-0.3.0-py3-none-any.whl.metadata (4.4 kB)
Collecting mistune<4,>=2.0.3 (from nbconvert>=6.4.4->jupyter-server<3,>=2.4.0->jupyterlab->-r requirement.txt (line 1))
  Downloading mistune-3.0.2-py3-none-any.whl.metadata (1.7 kB)
Collecting nbclient>=0.5.0 (from nbconvert>=6.4.4->jupyter-server<3,>=2.4.0->jupyterlab->-r requirement.txt (line 1))
  Downloading nbclient-0.10.0-py3-none-any.whl.metadata (7.8 kB)
Collecting pandocfilters>=1.4.1 (from nbconvert>=6.4.4->jupyter-server<3,>=2.4.0->jupyterlab->-r requirement.txt (line 1))
  Downloading pandocfilters-1.5.1-py2.py3-none-any.whl.metadata (9.0 kB)
Collecting tinycss2 (from nbconvert>=6.4.4->jupyter-server<3,>=2.4.0->jupyterlab->-r requirement.txt (line 1))
  Downloading tinycss2-1.4.0-py3-none-any.whl.metadata (3.0 kB)
Collecting fastjsonschema>=2.15 (from nbformat>=5.3.0->jupyter-server<3,>=2.4.0->jupyterlab->-r requirement.txt (line 1))
  Downloading fastjsonschema-2.20.0-py3-none-any.whl.metadata (2.1 kB)
Requirement already satisfied: ptyprocess in /opt/conda/lib/python3.10/site-packages (from terminado>=0.8.3->jupyter-server<3,>=2.4.0->jupyterlab->-r requirement.txt (line 1)) (0.7.0)
Collecting webencodings (from bleach!=5.0.0->nbconvert>=6.4.4->jupyter-server<3,>=2.4.0->jupyterlab->-r requirement.txt (line 1))
  Downloading webencodings-0.5.1-py2.py3-none-any.whl.metadata (2.1 kB)
Requirement already satisfied: parso<0.9.0,>=0.8.0 in /opt/conda/lib/python3.10/site-packages (from jedi>=0.16->ipython>=7.23.1->ipykernel>=6.5.0->jupyterlab->-r requirement.txt (line 1)) (0.8.3)
Collecting fqdn (from jsonschema[format-nongpl]>=4.18.0->jupyter-events>=0.9.0->jupyter-server<3,>=2.4.0->jupyterlab->-r requirement.txt (line 1))
  Downloading fqdn-1.5.1-py3-none-any.whl.metadata (1.4 kB)
Collecting isoduration (from jsonschema[format-nongpl]>=4.18.0->jupyter-events>=0.9.0->jupyter-server<3,>=2.4.0->jupyterlab->-r requirement.txt (line 1))
  Downloading isoduration-20.11.0-py3-none-any.whl.metadata (5.7 kB)
Requirement already satisfied: jsonpointer>1.13 in /opt/conda/lib/python3.10/site-packages (from jsonschema[format-nongpl]>=4.18.0->jupyter-events>=0.9.0->jupyter-server<3,>=2.4.0->jupyterlab->-r requirement.txt (line 1)) (2.1)
Collecting uri-template (from jsonschema[format-nongpl]>=4.18.0->jupyter-events>=0.9.0->jupyter-server<3,>=2.4.0->jupyterlab->-r requirement.txt (line 1))
  Downloading uri_template-1.3.0-py3-none-any.whl.metadata (8.8 kB)
Collecting webcolors>=1.11 (from jsonschema[format-nongpl]>=4.18.0->jupyter-events>=0.9.0->jupyter-server<3,>=2.4.0->jupyterlab->-r requirement.txt (line 1))
  Downloading webcolors-24.8.0-py3-none-any.whl.metadata (2.6 kB)
Requirement already satisfied: wcwidth in /opt/conda/lib/python3.10/site-packages (from prompt-toolkit<3.1.0,>=3.0.41->ipython>=7.23.1->ipykernel>=6.5.0->jupyterlab->-r requirement.txt (line 1)) (0.2.5)
Requirement already satisfied: cffi>=1.0.1 in /opt/conda/lib/python3.10/site-packages (from argon2-cffi-bindings->argon2-cffi>=21.1->jupyter-server<3,>=2.4.0->jupyterlab->-r requirement.txt (line 1)) (1.16.0)
Requirement already satisfied: soupsieve>1.2 in /opt/conda/lib/python3.10/site-packages (from beautifulsoup4->nbconvert>=6.4.4->jupyter-server<3,>=2.4.0->jupyterlab->-r requirement.txt (line 1)) (2.5)
Requirement already satisfied: executing in /opt/conda/lib/python3.10/site-packages (from stack-data->ipython>=7.23.1->ipykernel>=6.5.0->jupyterlab->-r requirement.txt (line 1)) (0.8.3)
Requirement already satisfied: asttokens in /opt/conda/lib/python3.10/site-packages (from stack-data->ipython>=7.23.1->ipykernel>=6.5.0->jupyterlab->-r requirement.txt (line 1)) (2.0.5)
Requirement already satisfied: pure-eval in /opt/conda/lib/python3.10/site-packages (from stack-data->ipython>=7.23.1->ipykernel>=6.5.0->jupyterlab->-r requirement.txt (line 1)) (0.2.2)
Requirement already satisfied: pycparser in /opt/conda/lib/python3.10/site-packages (from cffi>=1.0.1->argon2-cffi-bindings->argon2-cffi>=21.1->jupyter-server<3,>=2.4.0->jupyterlab->-r requirement.txt (line 1)) (2.21)
Collecting arrow>=0.15.0 (from isoduration->jsonschema[format-nongpl]>=4.18.0->jupyter-events>=0.9.0->jupyter-server<3,>=2.4.0->jupyterlab->-r requirement.txt (line 1))
  Downloading arrow-1.3.0-py3-none-any.whl.metadata (7.5 kB)
Collecting types-python-dateutil>=2.8.10 (from arrow>=0.15.0->isoduration->jsonschema[format-nongpl]>=4.18.0->jupyter-events>=0.9.0->jupyter-server<3,>=2.4.0->jupyterlab->-r requirement.txt (line 1))
  Downloading types_python_dateutil-2.9.0.20241003-py3-none-any.whl.metadata (1.9 kB)
Downloading jupyterlab-4.3.0-py3-none-any.whl (11.7 MB)
   ━━━━━━━━━━━━━━━━━━━━━━━━━━━━━━━━━━━━━━━━ 11.7/11.7 MB 95.0 MB/s eta 0:00:00
Downloading matplotlib-3.9.2-cp310-cp310-manylinux_2_17_x86_64.manylinux2014_x86_64.whl (8.3 MB)
   ━━━━━━━━━━━━━━━━━━━━━━━━━━━━━━━━━━━━━━━━ 8.3/8.3 MB 97.5 MB/s eta 0:00:00
Downloading scipy-1.14.1-cp310-cp310-manylinux_2_17_x86_64.manylinux2014_x86_64.whl (41.2 MB)
   ━━━━━━━━━━━━━━━━━━━━━━━━━━━━━━━━━━━━━━━━ 41.2/41.2 MB 77.8 MB/s eta 0:00:00
Downloading scikit_image-0.24.0-cp310-cp310-manylinux_2_17_x86_64.manylinux2014_x86_64.whl (14.9 MB)
   ━━━━━━━━━━━━━━━━━━━━━━━━━━━━━━━━━━━━━━━━ 14.9/14.9 MB 93.9 MB/s eta 0:00:00
Downloading tensorboard-2.18.0-py3-none-any.whl (5.5 MB)
   ━━━━━━━━━━━━━━━━━━━━━━━━━━━━━━━━━━━━━━━━ 5.5/5.5 MB 97.9 MB/s eta 0:00:00
Downloading torchsummary-1.5.1-py3-none-any.whl (2.8 kB)
Downloading einops-0.8.0-py3-none-any.whl (43 kB)
   ━━━━━━━━━━━━━━━━━━━━━━━━━━━━━━━━━━━━━━━━ 43.2/43.2 kB 5.5 MB/s eta 0:00:00
Downloading timm-1.0.11-py3-none-any.whl (2.3 MB)
   ━━━━━━━━━━━━━━━━━━━━━━━━━━━━━━━━━━━━━━━━ 2.3/2.3 MB 86.1 MB/s eta 0:00:00
Downloading scikit_learn-1.5.2-cp310-cp310-manylinux_2_17_x86_64.manylinux2014_x86_64.whl (13.3 MB)
   ━━━━━━━━━━━━━━━━━━━━━━━━━━━━━━━━━━━━━━━━ 13.3/13.3 MB 95.1 MB/s eta 0:00:00
Downloading pandas-2.2.3-cp310-cp310-manylinux_2_17_x86_64.manylinux2014_x86_64.whl (13.1 MB)
   ━━━━━━━━━━━━━━━━━━━━━━━━━━━━━━━━━━━━━━━━ 13.1/13.1 MB 95.2 MB/s eta 0:00:00
Downloading transformers-4.46.1-py3-none-any.whl (10.0 MB)
   ━━━━━━━━━━━━━━━━━━━━━━━━━━━━━━━━━━━━━━━━ 10.0/10.0 MB 97.9 MB/s eta 0:00:00
Downloading medmnist-3.0.2-py3-none-any.whl (25 kB)
Downloading monai-1.4.0-py3-none-any.whl (1.5 MB)
   ━━━━━━━━━━━━━━━━━━━━━━━━━━━━━━━━━━━━━━━━ 1.5/1.5 MB 72.0 MB/s eta 0:00:00
Downloading absl_py-2.1.0-py3-none-any.whl (133 kB)
   ━━━━━━━━━━━━━━━━━━━━━━━━━━━━━━━━━━━━━━━━ 133.7/133.7 kB 18.3 MB/s eta 0:00:00
Downloading async_lru-2.0.4-py3-none-any.whl (6.1 kB)
Downloading contourpy-1.3.0-cp310-cp310-manylinux_2_17_x86_64.manylinux2014_x86_64.whl (322 kB)
   ━━━━━━━━━━━━━━━━━━━━━━━━━━━━━━━━━━━━━━━━ 322.0/322.0 kB 34.8 MB/s eta 0:00:00
Downloading cycler-0.12.1-py3-none-any.whl (8.3 kB)
Downloading fonttools-4.54.1-cp310-cp310-manylinux_2_17_x86_64.manylinux2014_x86_64.whl (4.6 MB)
   ━━━━━━━━━━━━━━━━━━━━━━━━━━━━━━━━━━━━━━━━ 4.6/4.6 MB 93.3 MB/s eta 0:00:00
Downloading grpcio-1.67.1-cp310-cp310-manylinux_2_17_x86_64.manylinux2014_x86_64.whl (5.9 MB)
   ━━━━━━━━━━━━━━━━━━━━━━━━━━━━━━━━━━━━━━━━ 5.9/5.9 MB 90.6 MB/s eta 0:00:00
Downloading httpx-0.27.2-py3-none-any.whl (76 kB)
   ━━━━━━━━━━━━━━━━━━━━━━━━━━━━━━━━━━━━━━━━ 76.4/76.4 kB 10.2 MB/s eta 0:00:00
Downloading httpcore-1.0.6-py3-none-any.whl (78 kB)
   ━━━━━━━━━━━━━━━━━━━━━━━━━━━━━━━━━━━━━━━━ 78.0/78.0 kB 10.5 MB/s eta 0:00:00
Downloading huggingface_hub-0.26.2-py3-none-any.whl (447 kB)
   ━━━━━━━━━━━━━━━━━━━━━━━━━━━━━━━━━━━━━━━━ 447.5/447.5 kB 41.2 MB/s eta 0:00:00
Downloading imageio-2.36.0-py3-none-any.whl (315 kB)
   ━━━━━━━━━━━━━━━━━━━━━━━━━━━━━━━━━━━━━━━━ 315.4/315.4 kB 37.2 MB/s eta 0:00:00
Downloading ipykernel-6.29.5-py3-none-any.whl (117 kB)
   ━━━━━━━━━━━━━━━━━━━━━━━━━━━━━━━━━━━━━━━━ 117.2/117.2 kB 16.4 MB/s eta 0:00:00
Downloading joblib-1.4.2-py3-none-any.whl (301 kB)
   ━━━━━━━━━━━━━━━━━━━━━━━━━━━━━━━━━━━━━━━━ 301.8/301.8 kB 34.9 MB/s eta 0:00:00
Downloading jupyter_core-5.7.2-py3-none-any.whl (28 kB)
Downloading jupyter_lsp-2.2.5-py3-none-any.whl (69 kB)
   ━━━━━━━━━━━━━━━━━━━━━━━━━━━━━━━━━━━━━━━━ 69.1/69.1 kB 9.5 MB/s eta 0:00:00
Downloading jupyter_server-2.14.2-py3-none-any.whl (383 kB)
   ━━━━━━━━━━━━━━━━━━━━━━━━━━━━━━━━━━━━━━━━ 383.6/383.6 kB 44.9 MB/s eta 0:00:00
Downloading jupyterlab_server-2.27.3-py3-none-any.whl (59 kB)
   ━━━━━━━━━━━━━━━━━━━━━━━━━━━━━━━━━━━━━━━━ 59.7/59.7 kB 7.5 MB/s eta 0:00:00
Downloading kiwisolver-1.4.7-cp310-cp310-manylinux_2_12_x86_64.manylinux2010_x86_64.whl (1.6 MB)
   ━━━━━━━━━━━━━━━━━━━━━━━━━━━━━━━━━━━━━━━━ 1.6/1.6 MB 67.3 MB/s eta 0:00:00
Downloading lazy_loader-0.4-py3-none-any.whl (12 kB)
Downloading Markdown-3.7-py3-none-any.whl (106 kB)
   ━━━━━━━━━━━━━━━━━━━━━━━━━━━━━━━━━━━━━━━━ 106.3/106.3 kB 14.5 MB/s eta 0:00:00
Downloading notebook_shim-0.2.4-py3-none-any.whl (13 kB)
Downloading pooch-1.8.2-py3-none-any.whl (64 kB)
   ━━━━━━━━━━━━━━━━━━━━━━━━━━━━━━━━━━━━━━━━ 64.6/64.6 kB 8.7 MB/s eta 0:00:00
Downloading protobuf-5.28.3-cp38-abi3-manylinux2014_x86_64.whl (316 kB)
   ━━━━━━━━━━━━━━━━━━━━━━━━━━━━━━━━━━━━━━━━ 316.6/316.6 kB 37.5 MB/s eta 0:00:00
Downloading pyparsing-3.2.0-py3-none-any.whl (106 kB)
   ━━━━━━━━━━━━━━━━━━━━━━━━━━━━━━━━━━━━━━━━ 106.9/106.9 kB 14.6 MB/s eta 0:00:00
Downloading python_dateutil-2.9.0.post0-py2.py3-none-any.whl (229 kB)
   ━━━━━━━━━━━━━━━━━━━━━━━━━━━━━━━━━━━━━━━━ 229.9/229.9 kB 30.4 MB/s eta 0:00:00
Downloading regex-2024.9.11-cp310-cp310-manylinux_2_17_x86_64.manylinux2014_x86_64.whl (782 kB)
   ━━━━━━━━━━━━━━━━━━━━━━━━━━━━━━━━━━━━━━━━ 782.7/782.7 kB 60.5 MB/s eta 0:00:00
Downloading safetensors-0.4.5-cp310-cp310-manylinux_2_17_x86_64.manylinux2014_x86_64.whl (435 kB)
   ━━━━━━━━━━━━━━━━━━━━━━━━━━━━━━━━━━━━━━━━ 435.0/435.0 kB 45.0 MB/s eta 0:00:00
Downloading tensorboard_data_server-0.7.2-py3-none-manylinux_2_31_x86_64.whl (6.6 MB)
   ━━━━━━━━━━━━━━━━━━━━━━━━━━━━━━━━━━━━━━━━ 6.6/6.6 MB 95.6 MB/s eta 0:00:00
Downloading threadpoolctl-3.5.0-py3-none-any.whl (18 kB)
Downloading tifffile-2024.9.20-py3-none-any.whl (228 kB)
   ━━━━━━━━━━━━━━━━━━━━━━━━━━━━━━━━━━━━━━━━ 228.2/228.2 kB 20.4 MB/s eta 0:00:00
Downloading tokenizers-0.20.1-cp310-cp310-manylinux_2_17_x86_64.manylinux2014_x86_64.whl (3.0 MB)
   ━━━━━━━━━━━━━━━━━━━━━━━━━━━━━━━━━━━━━━━━ 3.0/3.0 MB 89.7 MB/s eta 0:00:00
Downloading tornado-6.4.1-cp38-abi3-manylinux_2_5_x86_64.manylinux1_x86_64.manylinux_2_17_x86_64.manylinux2014_x86_64.whl (436 kB)
   ━━━━━━━━━━━━━━━━━━━━━━━━━━━━━━━━━━━━━━━━ 436.8/436.8 kB 39.5 MB/s eta 0:00:00
Downloading tzdata-2024.2-py2.py3-none-any.whl (346 kB)
   ━━━━━━━━━━━━━━━━━━━━━━━━━━━━━━━━━━━━━━━━ 346.6/346.6 kB 37.7 MB/s eta 0:00:00
Downloading werkzeug-3.1.1-py3-none-any.whl (224 kB)
   ━━━━━━━━━━━━━━━━━━━━━━━━━━━━━━━━━━━━━━━━ 224.4/224.4 kB 28.4 MB/s eta 0:00:00
Downloading anyio-4.6.2.post1-py3-none-any.whl (90 kB)
   ━━━━━━━━━━━━━━━━━━━━━━━━━━━━━━━━━━━━━━━━ 90.4/90.4 kB 12.6 MB/s eta 0:00:00
Downloading argon2_cffi-23.1.0-py3-none-any.whl (15 kB)
Downloading babel-2.16.0-py3-none-any.whl (9.6 MB)
   ━━━━━━━━━━━━━━━━━━━━━━━━━━━━━━━━━━━━━━━━ 9.6/9.6 MB 94.7 MB/s eta 0:00:00
Downloading comm-0.2.2-py3-none-any.whl (7.2 kB)
Downloading debugpy-1.8.7-cp310-cp310-manylinux_2_5_x86_64.manylinux1_x86_64.manylinux_2_17_x86_64.manylinux2014_x86_64.whl (3.5 MB)
   ━━━━━━━━━━━━━━━━━━━━━━━━━━━━━━━━━━━━━━━━ 3.5/3.5 MB 92.3 MB/s eta 0:00:00
Downloading json5-0.9.25-py3-none-any.whl (30 kB)
Downloading jupyter_client-8.6.3-py3-none-any.whl (106 kB)
   ━━━━━━━━━━━━━━━━━━━━━━━━━━━━━━━━━━━━━━━━ 106.1/106.1 kB 15.0 MB/s eta 0:00:00
Downloading jupyter_events-0.10.0-py3-none-any.whl (18 kB)
Downloading jupyter_server_terminals-0.5.3-py3-none-any.whl (13 kB)
Downloading nbconvert-7.16.4-py3-none-any.whl (257 kB)
   ━━━━━━━━━━━━━━━━━━━━━━━━━━━━━━━━━━━━━━━━ 257.4/257.4 kB 31.7 MB/s eta 0:00:00
Downloading nbformat-5.10.4-py3-none-any.whl (78 kB)
   ━━━━━━━━━━━━━━━━━━━━━━━━━━━━━━━━━━━━━━━━ 78.5/78.5 kB 10.9 MB/s eta 0:00:00
Downloading overrides-7.7.0-py3-none-any.whl (17 kB)
Downloading prometheus_client-0.21.0-py3-none-any.whl (54 kB)
   ━━━━━━━━━━━━━━━━━━━━━━━━━━━━━━━━━━━━━━━━ 54.7/54.7 kB 7.2 MB/s eta 0:00:00
Downloading pyzmq-26.2.0-cp310-cp310-manylinux_2_28_x86_64.whl (868 kB)
   ━━━━━━━━━━━━━━━━━━━━━━━━━━━━━━━━━━━━━━━━ 868.8/868.8 kB 64.3 MB/s eta 0:00:00
Downloading Send2Trash-1.8.3-py3-none-any.whl (18 kB)
Downloading sniffio-1.3.1-py3-none-any.whl (10 kB)
Downloading terminado-0.18.1-py3-none-any.whl (14 kB)
Downloading websocket_client-1.8.0-py3-none-any.whl (58 kB)
   ━━━━━━━━━━━━━━━━━━━━━━━━━━━━━━━━━━━━━━━━ 58.8/58.8 kB 8.0 MB/s eta 0:00:00
Downloading nest_asyncio-1.6.0-py3-none-any.whl (5.2 kB)
Downloading termcolor-2.5.0-py3-none-any.whl (7.8 kB)
Downloading bleach-6.2.0-py3-none-any.whl (163 kB)
   ━━━━━━━━━━━━━━━━━━━━━━━━━━━━━━━━━━━━━━━━ 163.4/163.4 kB 23.3 MB/s eta 0:00:00
Downloading fastjsonschema-2.20.0-py3-none-any.whl (23 kB)
Downloading h11-0.14.0-py3-none-any.whl (58 kB)
   ━━━━━━━━━━━━━━━━━━━━━━━━━━━━━━━━━━━━━━━━ 58.3/58.3 kB 7.9 MB/s eta 0:00:00
Downloading mistune-3.0.2-py3-none-any.whl (47 kB)
   ━━━━━━━━━━━━━━━━━━━━━━━━━━━━━━━━━━━━━━━━ 48.0/48.0 kB 6.3 MB/s eta 0:00:00
Downloading nbclient-0.10.0-py3-none-any.whl (25 kB)
Downloading pandocfilters-1.5.1-py2.py3-none-any.whl (8.7 kB)
Downloading python_json_logger-2.0.7-py3-none-any.whl (8.1 kB)
Downloading rfc3986_validator-0.1.1-py2.py3-none-any.whl (4.2 kB)
Downloading argon2_cffi_bindings-21.2.0-cp36-abi3-manylinux_2_17_x86_64.manylinux2014_x86_64.whl (86 kB)
   ━━━━━━━━━━━━━━━━━━━━━━━━━━━━━━━━━━━━━━━━ 86.2/86.2 kB 12.0 MB/s eta 0:00:00
Downloading defusedxml-0.7.1-py2.py3-none-any.whl (25 kB)
Downloading jupyterlab_pygments-0.3.0-py3-none-any.whl (15 kB)
Downloading rfc3339_validator-0.1.4-py2.py3-none-any.whl (3.5 kB)
Downloading tinycss2-1.4.0-py3-none-any.whl (26 kB)
Downloading webcolors-24.8.0-py3-none-any.whl (15 kB)
Downloading webencodings-0.5.1-py2.py3-none-any.whl (11 kB)
Downloading fqdn-1.5.1-py3-none-any.whl (9.1 kB)
Downloading isoduration-20.11.0-py3-none-any.whl (11 kB)
Downloading uri_template-1.3.0-py3-none-any.whl (11 kB)
Downloading arrow-1.3.0-py3-none-any.whl (66 kB)
   ━━━━━━━━━━━━━━━━━━━━━━━━━━━━━━━━━━━━━━━━ 66.4/66.4 kB 9.2 MB/s eta 0:00:00
Downloading types_python_dateutil-2.9.0.20241003-py3-none-any.whl (9.7 kB)
Building wheels for collected packages: fire
  Building wheel for fire (setup.py): started
  Building wheel for fire (setup.py): finished with status 'done'
  Created wheel for fire: filename=fire-0.7.0-py3-none-any.whl size=114247 sha256=dbaa5584496063bb6b51f7ac3e56dda0f535afb0f07c3afbc9f0fdb38e84562e
  Stored in directory: /tmp/cache/pip/wheels/19/39/2f/2d3cadc408a8804103f1c34ddd4b9f6a93497b11fa96fe738e
Successfully built fire
Installing collected packages: webencodings, torchsummary, fastjsonschema, werkzeug, websocket-client, webcolors, uri-template, tzdata, types-python-dateutil, tornado, tinycss2, tifffile, threadpoolctl, termcolor, tensorboard-data-server, sniffio, send2trash, scipy, safetensors, rfc3986-validator, rfc3339-validator, regex, pyzmq, python-json-logger, python-dateutil, pyparsing, protobuf, prometheus-client, pandocfilters, overrides, nest-asyncio, mistune, markdown, lazy-loader, kiwisolver, jupyterlab-pygments, jupyter-core, json5, joblib, imageio, h11, grpcio, fqdn, fonttools, einops, defusedxml, debugpy, cycler, contourpy, comm, bleach, babel, async-lru, absl-py, terminado, tensorboard, scikit-learn, scikit-image, pooch, pandas, matplotlib, jupyter-client, huggingface_hub, httpcore, fire, arrow, argon2-cffi-bindings, anyio, tokenizers, monai, jupyter-server-terminals, isoduration, httpx, argon2-cffi, transformers, timm, nbformat, medmnist, ipykernel, nbclient, jupyter-events, nbconvert, jupyter-server, notebook-shim, jupyterlab-server, jupyter-lsp, jupyterlab
Successfully installed absl-py-2.1.0 anyio-4.6.2.post1 argon2-cffi-23.1.0 argon2-cffi-bindings-21.2.0 arrow-1.3.0 async-lru-2.0.4 babel-2.16.0 bleach-6.2.0 comm-0.2.2 contourpy-1.3.0 cycler-0.12.1 debugpy-1.8.7 defusedxml-0.7.1 einops-0.8.0 fastjsonschema-2.20.0 fire-0.7.0 fonttools-4.54.1 fqdn-1.5.1 grpcio-1.67.1 h11-0.14.0 httpcore-1.0.6 httpx-0.27.2 huggingface_hub-0.26.2 imageio-2.36.0 ipykernel-6.29.5 isoduration-20.11.0 joblib-1.4.2 json5-0.9.25 jupyter-client-8.6.3 jupyter-core-5.7.2 jupyter-events-0.10.0 jupyter-lsp-2.2.5 jupyter-server-2.14.2 jupyter-server-terminals-0.5.3 jupyterlab-4.3.0 jupyterlab-pygments-0.3.0 jupyterlab-server-2.27.3 kiwisolver-1.4.7 lazy-loader-0.4 markdown-3.7 matplotlib-3.9.2 medmnist-3.0.2 mistune-3.0.2 monai-1.4.0 nbclient-0.10.0 nbconvert-7.16.4 nbformat-5.10.4 nest-asyncio-1.6.0 notebook-shim-0.2.4 overrides-7.7.0 pandas-2.2.3 pandocfilters-1.5.1 pooch-1.8.2 prometheus-client-0.21.0 protobuf-5.28.3 pyparsing-3.2.0 python-dateutil-2.9.0.post0 python-json-logger-2.0.7 pyzmq-26.2.0 regex-2024.9.11 rfc3339-validator-0.1.4 rfc3986-validator-0.1.1 safetensors-0.4.5 scikit-image-0.24.0 scikit-learn-1.5.2 scipy-1.14.1 send2trash-1.8.3 sniffio-1.3.1 tensorboard-2.18.0 tensorboard-data-server-0.7.2 termcolor-2.5.0 terminado-0.18.1 threadpoolctl-3.5.0 tifffile-2024.9.20 timm-1.0.11 tinycss2-1.4.0 tokenizers-0.20.1 torchsummary-1.5.1 tornado-6.4.1 transformers-4.46.1 types-python-dateutil-2.9.0.20241003 tzdata-2024.2 uri-template-1.3.0 webcolors-24.8.0 webencodings-0.5.1 websocket-client-1.8.0 werkzeug-3.1.1
WARNING: Running pip as the 'root' user can result in broken permissions and conflicting behaviour with the system package manager. It is recommended to use a virtual environment instead: https://pip.pypa.io/warnings/venv
useradd: warning: the home directory /mnt/hdd/marina already exists.
useradd: Not copying any file from skel directory into it.
GPU 0: NVIDIA GeForce RTX 3090 (UUID: GPU-e44b8865-a90e-bee2-f000-8e576cbfee9a)
[I 2024-11-04 09:28:37.574 ServerApp] jupyter_lsp | extension was successfully linked.
[I 2024-11-04 09:28:37.576 ServerApp] jupyter_server_terminals | extension was successfully linked.
[I 2024-11-04 09:28:37.579 ServerApp] jupyterlab | extension was successfully linked.
/opt/conda/lib/python3.10/site-packages/IPython/paths.py:69: UserWarning: IPython parent '/mnt/hdd/marina' is not a writable location, using a temp directory.
  warn("IPython parent '{0}' is not a writable location,"
[I 2024-11-04 09:28:37.733 ServerApp] notebook_shim | extension was successfully linked.
[I 2024-11-04 09:28:37.742 ServerApp] notebook_shim | extension was successfully loaded.
[I 2024-11-04 09:28:37.744 ServerApp] jupyter_lsp | extension was successfully loaded.
[I 2024-11-04 09:28:37.744 ServerApp] jupyter_server_terminals | extension was successfully loaded.
[I 2024-11-04 09:28:37.745 LabApp] JupyterLab extension loaded from /opt/conda/lib/python3.10/site-packages/jupyterlab
[I 2024-11-04 09:28:37.745 LabApp] JupyterLab application directory is /opt/conda/share/jupyter/lab
[I 2024-11-04 09:28:37.745 LabApp] Extension Manager is 'pypi'.
[I 2024-11-04 09:28:37.761 ServerApp] jupyterlab | extension was successfully loaded.
[I 2024-11-04 09:28:37.762 ServerApp] Serving notebooks from local directory: /mnt/hdd/marina/workspace/2D-to-3D-Pretraining
[I 2024-11-04 09:28:37.762 ServerApp] Jupyter Server 2.14.2 is running at:
[I 2024-11-04 09:28:37.762 ServerApp] http://3bd1a0699b5b:9999/lab?token=e5e511407e4158fa3dba6e4e1406f6b951f48d6e075ed5c6
[I 2024-11-04 09:28:37.762 ServerApp]     http://127.0.0.1:9999/lab?token=e5e511407e4158fa3dba6e4e1406f6b951f48d6e075ed5c6
[I 2024-11-04 09:28:37.762 ServerApp] Use Control-C to stop this server and shut down all kernels (twice to skip confirmation).
[W 2024-11-04 09:28:37.784 ServerApp] No web browser found: Error('could not locate runnable browser').
[C 2024-11-04 09:28:37.784 ServerApp] 
    
    To access the server, open this file in a browser:
        file:///mnt/hdd/marina/.local/share/jupyter/runtime/jpserver-321-open.html
    Or copy and paste one of these URLs:
        http://3bd1a0699b5b:9999/lab?token=e5e511407e4158fa3dba6e4e1406f6b951f48d6e075ed5c6
        http://127.0.0.1:9999/lab?token=e5e511407e4158fa3dba6e4e1406f6b951f48d6e075ed5c6
[I 2024-11-04 09:28:37.793 ServerApp] Skipped non-installed server(s): bash-language-server, dockerfile-language-server-nodejs, javascript-typescript-langserver, jedi-language-server, julia-language-server, pyright, python-language-server, python-lsp-server, r-languageserver, sql-language-server, texlab, typescript-language-server, unified-language-server, vscode-css-languageserver-bin, vscode-html-languageserver-bin, vscode-json-languageserver-bin, yaml-language-server
/opt/conda/lib/python3.10/site-packages/IPython/paths.py:69: UserWarning: IPython parent '/mnt/hdd/marina' is not a writable location, using a temp directory.
  warn("IPython parent '{0}' is not a writable location,"
[W 2024-11-04 09:28:44.758 LabApp] Could not determine jupyterlab build status without nodejs
[I 2024-11-04 09:28:46.015 ServerApp] Kernel started: 80beca3a-3fb8-4e7d-9fb0-91d23a6a7e3c
/opt/conda/lib/python3.10/site-packages/IPython/paths.py:69: UserWarning: IPython parent '/mnt/hdd/marina' is not a writable location, using a temp directory.
  warn("IPython parent '{0}' is not a writable location,"
[I 2024-11-04 09:28:46.241 ServerApp] Connecting to kernel 80beca3a-3fb8-4e7d-9fb0-91d23a6a7e3c.
[I 2024-11-04 09:28:46.346 ServerApp] Connecting to kernel 80beca3a-3fb8-4e7d-9fb0-91d23a6a7e3c.
[I 2024-11-04 09:28:46.468 ServerApp] Connecting to kernel 80beca3a-3fb8-4e7d-9fb0-91d23a6a7e3c.
[I 2024-11-04 09:28:48.271 ServerApp] Kernel started: 791a69fb-ef3b-4bf4-bce7-a2e9f2a82849
/opt/conda/lib/python3.10/site-packages/IPython/paths.py:69: UserWarning: IPython parent '/mnt/hdd/marina' is not a writable location, using a temp directory.
  warn("IPython parent '{0}' is not a writable location,"
[I 2024-11-04 09:28:48.507 ServerApp] Connecting to kernel 791a69fb-ef3b-4bf4-bce7-a2e9f2a82849.
[I 2024-11-04 09:29:05.085 ServerApp] Starting buffering for 791a69fb-ef3b-4bf4-bce7-a2e9f2a82849:9381e78c-b0db-4cae-95aa-16a56a2e3c98
[I 2024-11-04 09:29:05.085 ServerApp] Starting buffering for 80beca3a-3fb8-4e7d-9fb0-91d23a6a7e3c:e06022e1-b4e7-4c26-8f86-aa42f25816ec
[W 2024-11-04 09:29:08.056 LabApp] Could not determine jupyterlab build status without nodejs
[I 2024-11-04 09:29:08.170 ServerApp] Connecting to kernel 80beca3a-3fb8-4e7d-9fb0-91d23a6a7e3c.
[I 2024-11-04 09:29:08.280 ServerApp] Connecting to kernel 791a69fb-ef3b-4bf4-bce7-a2e9f2a82849.
[I 2024-11-04 09:29:08.468 ServerApp] Starting buffering for 80beca3a-3fb8-4e7d-9fb0-91d23a6a7e3c:4b43fe52-e0f3-437b-a08a-6ffb0c79209e
[I 2024-11-04 09:29:08.524 ServerApp] Starting buffering for 791a69fb-ef3b-4bf4-bce7-a2e9f2a82849:72af7031-742a-4a9f-83ea-11e6a8119a9c
[I 2024-11-04 09:29:10.053 ServerApp] Connecting to kernel 80beca3a-3fb8-4e7d-9fb0-91d23a6a7e3c.
[I 2024-11-04 09:29:13.953 ServerApp] Connecting to kernel 791a69fb-ef3b-4bf4-bce7-a2e9f2a82849.
[I 2024-11-04 10:03:48.728 ServerApp] Starting buffering for 791a69fb-ef3b-4bf4-bce7-a2e9f2a82849:0fc3f006-ee90-430d-870d-0cb1e67f830a
[I 2024-11-04 10:03:48.733 ServerApp] Starting buffering for 80beca3a-3fb8-4e7d-9fb0-91d23a6a7e3c:10528d36-576d-42fe-8929-2eb9b9abd885
[I 2024-11-04 10:44:17.991 ServerApp] 302 GET / (@199.45.154.121) 0.43ms
[I 2024-11-04 10:44:27.579 ServerApp] 302 GET / (@199.45.154.121) 0.35ms
[I 2024-11-04 10:44:29.476 ServerApp] Malformed HTTP message from 199.45.154.121: Malformed HTTP version in HTTP Request-Line: 'HTTP/2.0'
[I 2024-11-04 10:44:33.525 LabApp] 302 GET /lab (@199.45.154.121) 0.49ms
[I 2024-11-04 10:44:34.188 ServerApp] Malformed HTTP message from 199.45.154.121: Malformed HTTP version in HTTP Request-Line: 'HTTP/2.0'
[I 2024-11-04 10:44:34.823 ServerApp] 302 GET / (@199.45.154.121) 0.34ms
[I 2024-11-04 10:44:40.982 ServerApp] Malformed HTTP message from 199.45.154.121: Malformed HTTP version in HTTP Request-Line: 'HTTP/2.0'
[I 2024-11-04 10:44:41.560 ServerApp] 302 GET / (@199.45.154.121) 0.34ms
[I 2024-11-04 11:23:44.170 ServerApp] 302 GET / (@2.57.122.207) 0.35ms
[I 2024-11-04 11:23:44.233 LabApp] 302 GET /lab? (@2.57.122.207) 0.58ms
[I 2024-11-04 13:14:29.004 ServerApp] 302 GET / (@167.94.145.105) 0.37ms
[I 2024-11-04 13:14:39.786 ServerApp] 302 GET / (@167.94.145.105) 0.42ms
[I 2024-11-04 13:14:39.801 ServerApp] Malformed HTTP message from 167.94.145.105: Malformed HTTP version in HTTP Request-Line: 'HTTP/2.0'
[I 2024-11-04 13:14:42.862 LabApp] 302 GET /lab (@167.94.145.105) 0.41ms
[I 2024-11-04 13:14:42.875 ServerApp] Malformed HTTP message from 167.94.145.105: Malformed HTTP version in HTTP Request-Line: 'HTTP/2.0'
[I 2024-11-04 13:14:42.895 ServerApp] 302 GET / (@167.94.145.105) 0.34ms
[I 2024-11-04 13:14:46.115 ServerApp] Malformed HTTP message from 167.94.145.105: Malformed HTTP version in HTTP Request-Line: 'HTTP/2.0'
[I 2024-11-04 13:14:46.347 ServerApp] 302 GET / (@167.94.145.105) 0.34ms
[W 2024-11-04 13:31:47.624 ServerApp] 404 GET /aaa9 (@134.122.106.248) 4.23ms referer=None
[W 2024-11-04 13:31:47.918 ServerApp] 404 GET /aab8 (@134.122.106.248) 0.89ms referer=None
[I 2024-11-04 13:31:48.566 ServerApp] 302 GET / (@134.122.106.248) 0.34ms
[I 2024-11-05 04:09:32.307 ServerApp] 302 GET / (@13.91.177.235) 0.42ms
[I 2024-11-05 04:43:29.726 ServerApp] 302 GET / (@95.214.53.211) 0.34ms
[I 2024-11-05 07:26:52.842 ServerApp] 302 GET / (@45.84.89.2) 0.35ms
[I 2024-11-05 10:11:01.328 ServerApp] 302 GET / (@167.94.138.55) 0.35ms
[I 2024-11-05 10:11:10.517 ServerApp] 302 GET / (@167.94.138.55) 0.34ms
[I 2024-11-05 10:11:10.734 ServerApp] Malformed HTTP message from 167.94.138.55: Malformed HTTP version in HTTP Request-Line: 'HTTP/2.0'
[I 2024-11-05 10:11:17.673 LabApp] 302 GET /lab (@167.94.138.55) 0.48ms
[I 2024-11-05 10:11:18.009 ServerApp] Malformed HTTP message from 167.94.138.55: Malformed HTTP version in HTTP Request-Line: 'HTTP/2.0'
[I 2024-11-05 10:11:18.231 ServerApp] 302 GET / (@167.94.138.55) 0.34ms
[I 2024-11-05 10:11:22.609 ServerApp] Malformed HTTP message from 167.94.138.55: Malformed HTTP version in HTTP Request-Line: 'HTTP/2.0'
[I 2024-11-05 10:11:22.845 ServerApp] 302 GET / (@167.94.138.55) 0.34ms
[E 2024-11-05 11:55:06.024 ServerApp] Uncaught exception in write_error
    Traceback (most recent call last):
      File "/opt/conda/lib/python3.10/site-packages/tornado/web.py", line 1753, in _execute
        raise HTTPError(405)
    tornado.web.HTTPError: HTTP 405: Method Not Allowed
    
    During handling of the above exception, another exception occurred:
    
    Traceback (most recent call last):
      File "/opt/conda/lib/python3.10/site-packages/tornado/web.py", line 1298, in send_error
        self.write_error(status_code, **kwargs)
      File "/opt/conda/lib/python3.10/site-packages/jupyter_server/base/handlers.py", line 739, in write_error
        html = self.render_template("%s.html" % status_code, **ns)
      File "/opt/conda/lib/python3.10/site-packages/jupyter_server/base/handlers.py", line 665, in render_template
        ns.update(self.template_namespace)
      File "/opt/conda/lib/python3.10/site-packages/jupyter_server/base/handlers.py", line 675, in template_namespace
        logged_in=self.logged_in,
      File "/opt/conda/lib/python3.10/site-packages/jupyter_server/base/handlers.py", line 198, in logged_in
        user = self.current_user
      File "/opt/conda/lib/python3.10/site-packages/tornado/web.py", line 1424, in current_user
        self._current_user = self.get_current_user()
      File "/opt/conda/lib/python3.10/site-packages/jupyter_server/base/handlers.py", line 177, in get_current_user
        raise RuntimeError(msg)
    RuntimeError: Calling `Template404.get_current_user()` directly is deprecated in jupyter-server 2.0. Use `self.current_user` instead (works in all versions).
[W 2024-11-05 11:55:06.025 ServerApp] 405 CONNECT 193.149.189.126:7227 (@154.216.20.210) 1.52ms referer=None
[I 2024-11-05 12:19:38.069 ServerApp] 302 GET / (@64.62.197.85) 0.42ms
[I 2024-11-05 12:19:47.696 ServerApp] 302 GET / (@64.62.197.84) 0.35ms
[I 2024-11-05 12:19:47.844 LabApp] 302 GET /lab? (@64.62.197.84) 0.47ms
[W 2024-11-05 16:49:07.916 LabApp] Could not determine jupyterlab build status without nodejs
[I 2024-11-05 16:49:08.031 ServerApp] Connecting to kernel 80beca3a-3fb8-4e7d-9fb0-91d23a6a7e3c.
[I 2024-11-05 16:49:08.171 ServerApp] Connecting to kernel 791a69fb-ef3b-4bf4-bce7-a2e9f2a82849.
[I 2024-11-05 16:49:08.328 ServerApp] Starting buffering for 80beca3a-3fb8-4e7d-9fb0-91d23a6a7e3c:1fd3ddd6-0bd6-46d2-a2f3-334a9db77d38
[I 2024-11-05 16:49:08.415 ServerApp] Starting buffering for 791a69fb-ef3b-4bf4-bce7-a2e9f2a82849:b40ccac0-11e0-4c1b-80a5-fcc18b381ec4
[I 2024-11-05 16:49:09.280 ServerApp] Connecting to kernel 80beca3a-3fb8-4e7d-9fb0-91d23a6a7e3c.
[I 2024-11-05 16:49:10.972 ServerApp] Connecting to kernel 791a69fb-ef3b-4bf4-bce7-a2e9f2a82849.
[I 2024-11-05 16:49:17.419 ServerApp] Copying MedMNIST_MONAI.ipynb to 
[I 2024-11-05 16:49:23.190 ServerApp] Kernel started: 9c03405c-56aa-40e7-bed7-76f930ab4f7a
/opt/conda/lib/python3.10/site-packages/IPython/paths.py:69: UserWarning: IPython parent '/mnt/hdd/marina' is not a writable location, using a temp directory.
  warn("IPython parent '{0}' is not a writable location,"
[I 2024-11-05 16:49:23.539 ServerApp] Connecting to kernel 9c03405c-56aa-40e7-bed7-76f930ab4f7a.
[I 2024-11-05 16:51:34.802 ServerApp] Saving file at /MedMNIST_MONAI-Copy1.ipynb
[I 2024-11-05 16:53:45.377 ServerApp] Saving file at /MedMNIST_MONAI-Copy1.ipynb
[W 2024-11-05 16:57:53.539 ServerApp] WebSocket ping timeout after 119961 ms.
[W 2024-11-05 16:57:53.662 ServerApp] 
[W 2024-11-05 16:57:53.901 ServerApp] 
[W 2024-11-05 16:57:54.128 ServerApp] 
[W 2024-11-05 16:57:54.358 ServerApp] 
[W 2024-11-05 16:57:54.580 ServerApp] 
[W 2024-11-05 16:57:54.807 ServerApp] 
[W 2024-11-05 16:57:55.039 ServerApp] 
[W 2024-11-05 16:57:55.271 ServerApp] 
[W 2024-11-05 16:57:55.511 ServerApp] 
[W 2024-11-05 16:57:55.735 ServerApp] 
[W 2024-11-05 16:57:55.959 ServerApp] 
[W 2024-11-05 16:57:56.177 ServerApp] 
[W 2024-11-05 16:57:56.408 ServerApp] 
[W 2024-11-05 16:57:56.634 ServerApp] 
[W 2024-11-05 16:57:56.861 ServerApp] 
[W 2024-11-05 16:57:57.087 ServerApp] 
[W 2024-11-05 16:57:57.323 ServerApp] 
[W 2024-11-05 16:57:57.557 ServerApp] 
[W 2024-11-05 16:57:57.788 ServerApp] 
[W 2024-11-05 16:57:57.991 ServerApp] 
[W 2024-11-05 16:57:58.208 ServerApp] 
[W 2024-11-05 16:57:58.433 ServerApp] 
[I 2024-11-05 16:57:58.540 ServerApp] Starting buffering for 9c03405c-56aa-40e7-bed7-76f930ab4f7a:8b256368-beaf-448f-8fb4-a3d7ec6380cd
[I 2024-11-05 17:11:12.972 ServerApp] Starting buffering for 791a69fb-ef3b-4bf4-bce7-a2e9f2a82849:6a7d051d-d7a3-44c2-902a-3f7cb493f4e6
[I 2024-11-05 17:11:12.977 ServerApp] Starting buffering for 80beca3a-3fb8-4e7d-9fb0-91d23a6a7e3c:1d25ebf8-8b6a-4002-9878-791c0052db77
[W 2024-11-05 17:14:48.967 LabApp] Could not determine jupyterlab build status without nodejs
[I 2024-11-05 17:14:49.079 ServerApp] Connecting to kernel 80beca3a-3fb8-4e7d-9fb0-91d23a6a7e3c.
[I 2024-11-05 17:14:49.167 ServerApp] Connecting to kernel 791a69fb-ef3b-4bf4-bce7-a2e9f2a82849.
[I 2024-11-05 17:14:49.303 ServerApp] Connecting to kernel 9c03405c-56aa-40e7-bed7-76f930ab4f7a.
[I 2024-11-05 17:14:49.303 ServerApp] Discarding 4373 buffered messages for 9c03405c-56aa-40e7-bed7-76f930ab4f7a:8b256368-beaf-448f-8fb4-a3d7ec6380cd
[I 2024-11-05 17:14:49.414 ServerApp] Starting buffering for 80beca3a-3fb8-4e7d-9fb0-91d23a6a7e3c:fa6655d6-fbba-435f-8db5-c397386eb97d
[I 2024-11-05 17:14:49.514 ServerApp] Starting buffering for 791a69fb-ef3b-4bf4-bce7-a2e9f2a82849:8d0312a2-476d-45bc-9d76-a2e7225cbad9
[I 2024-11-05 17:14:50.593 ServerApp] Connecting to kernel 80beca3a-3fb8-4e7d-9fb0-91d23a6a7e3c.
[I 2024-11-05 17:14:52.735 ServerApp] Connecting to kernel 9c03405c-56aa-40e7-bed7-76f930ab4f7a.
[I 2024-11-05 17:14:54.049 ServerApp] Connecting to kernel 791a69fb-ef3b-4bf4-bce7-a2e9f2a82849.
[E 2024-11-05 17:15:07.837 ServerApp] Uncaught exception in write_error
    Traceback (most recent call last):
      File "/opt/conda/lib/python3.10/site-packages/tornado/web.py", line 1753, in _execute
        raise HTTPError(405)
    tornado.web.HTTPError: HTTP 405: Method Not Allowed
    
    During handling of the above exception, another exception occurred:
    
    Traceback (most recent call last):
      File "/opt/conda/lib/python3.10/site-packages/tornado/web.py", line 1298, in send_error
        self.write_error(status_code, **kwargs)
      File "/opt/conda/lib/python3.10/site-packages/jupyter_server/base/handlers.py", line 739, in write_error
        html = self.render_template("%s.html" % status_code, **ns)
      File "/opt/conda/lib/python3.10/site-packages/jupyter_server/base/handlers.py", line 665, in render_template
        ns.update(self.template_namespace)
      File "/opt/conda/lib/python3.10/site-packages/jupyter_server/base/handlers.py", line 675, in template_namespace
        logged_in=self.logged_in,
      File "/opt/conda/lib/python3.10/site-packages/jupyter_server/base/handlers.py", line 198, in logged_in
        user = self.current_user
      File "/opt/conda/lib/python3.10/site-packages/tornado/web.py", line 1424, in current_user
        self._current_user = self.get_current_user()
      File "/opt/conda/lib/python3.10/site-packages/jupyter_server/base/handlers.py", line 177, in get_current_user
        raise RuntimeError(msg)
    RuntimeError: Calling `Template404.get_current_user()` directly is deprecated in jupyter-server 2.0. Use `self.current_user` instead (works in all versions).
[W 2024-11-05 17:15:07.838 ServerApp] 405 CONNECT 193.149.189.126:7227 (@178.215.236.52) 0.51ms referer=None
[I 2024-11-05 17:15:07.972 ServerApp] Starting buffering for 80beca3a-3fb8-4e7d-9fb0-91d23a6a7e3c:8d4c52ab-b22a-4df3-b465-ac5fa1577c01
[I 2024-11-05 17:15:07.973 ServerApp] Starting buffering for 791a69fb-ef3b-4bf4-bce7-a2e9f2a82849:6427c203-a9d3-4c36-865f-0d91883ee951
[I 2024-11-05 17:15:07.973 ServerApp] Starting buffering for 9c03405c-56aa-40e7-bed7-76f930ab4f7a:49dfb569-7920-4f00-b273-8a994d8f0654
[W 2024-11-05 17:15:08.731 LabApp] Could not determine jupyterlab build status without nodejs
[I 2024-11-05 17:15:08.870 ServerApp] Connecting to kernel 80beca3a-3fb8-4e7d-9fb0-91d23a6a7e3c.
[I 2024-11-05 17:15:08.980 ServerApp] Connecting to kernel 791a69fb-ef3b-4bf4-bce7-a2e9f2a82849.
[I 2024-11-05 17:15:09.083 ServerApp] Connecting to kernel 9c03405c-56aa-40e7-bed7-76f930ab4f7a.
[I 2024-11-05 17:15:09.084 ServerApp] Discarding 4 buffered messages for 9c03405c-56aa-40e7-bed7-76f930ab4f7a:49dfb569-7920-4f00-b273-8a994d8f0654
[I 2024-11-05 17:15:09.362 ServerApp] Starting buffering for 80beca3a-3fb8-4e7d-9fb0-91d23a6a7e3c:a3c9c3f8-ac38-4cfc-a17a-d6449c832012
[I 2024-11-05 17:15:09.362 ServerApp] Starting buffering for 791a69fb-ef3b-4bf4-bce7-a2e9f2a82849:5788a747-c8bc-42fa-b65e-08ea44b4c78c
[I 2024-11-05 17:15:10.297 ServerApp] Connecting to kernel 80beca3a-3fb8-4e7d-9fb0-91d23a6a7e3c.
[I 2024-11-05 17:15:12.618 ServerApp] Connecting to kernel 9c03405c-56aa-40e7-bed7-76f930ab4f7a.
[I 2024-11-05 17:15:13.428 ServerApp] Connecting to kernel 791a69fb-ef3b-4bf4-bce7-a2e9f2a82849.
Task exception was never retrieved
future: <Task finished name='Task-83945' coro=<WebSocketProtocol13.write_message.<locals>.wrapper() done, defined at /opt/conda/lib/python3.10/site-packages/tornado/websocket.py:1086> exception=WebSocketClosedError()>
Traceback (most recent call last):
  File "/opt/conda/lib/python3.10/site-packages/tornado/websocket.py", line 1088, in wrapper
    await fut
tornado.iostream.StreamClosedError: Stream is closed

During handling of the above exception, another exception occurred:

Traceback (most recent call last):
  File "/opt/conda/lib/python3.10/site-packages/tornado/websocket.py", line 1090, in wrapper
    raise WebSocketClosedError()
tornado.websocket.WebSocketClosedError
Task exception was never retrieved
future: <Task finished name='Task-83948' coro=<WebSocketProtocol13.write_message.<locals>.wrapper() done, defined at /opt/conda/lib/python3.10/site-packages/tornado/websocket.py:1086> exception=WebSocketClosedError()>
Traceback (most recent call last):
  File "/opt/conda/lib/python3.10/site-packages/tornado/websocket.py", line 1088, in wrapper
    await fut
tornado.iostream.StreamClosedError: Stream is closed

During handling of the above exception, another exception occurred:

Traceback (most recent call last):
  File "/opt/conda/lib/python3.10/site-packages/tornado/websocket.py", line 1090, in wrapper
    raise WebSocketClosedError()
tornado.websocket.WebSocketClosedError
Task exception was never retrieved
future: <Task finished name='Task-83951' coro=<WebSocketProtocol13.write_message.<locals>.wrapper() done, defined at /opt/conda/lib/python3.10/site-packages/tornado/websocket.py:1086> exception=WebSocketClosedError()>
Traceback (most recent call last):
  File "/opt/conda/lib/python3.10/site-packages/tornado/websocket.py", line 1088, in wrapper
    await fut
tornado.iostream.StreamClosedError: Stream is closed

During handling of the above exception, another exception occurred:

Traceback (most recent call last):
  File "/opt/conda/lib/python3.10/site-packages/tornado/websocket.py", line 1090, in wrapper
    raise WebSocketClosedError()
tornado.websocket.WebSocketClosedError
Task exception was never retrieved
future: <Task finished name='Task-83953' coro=<WebSocketProtocol13.write_message.<locals>.wrapper() done, defined at /opt/conda/lib/python3.10/site-packages/tornado/websocket.py:1086> exception=WebSocketClosedError()>
Traceback (most recent call last):
  File "/opt/conda/lib/python3.10/site-packages/tornado/websocket.py", line 1088, in wrapper
    await fut
tornado.iostream.StreamClosedError: Stream is closed

During handling of the above exception, another exception occurred:

Traceback (most recent call last):
  File "/opt/conda/lib/python3.10/site-packages/tornado/websocket.py", line 1090, in wrapper
    raise WebSocketClosedError()
tornado.websocket.WebSocketClosedError
[I 2024-11-05 17:17:21.282 ServerApp] Saving file at /MedMNIST_MONAI-Copy1.ipynb
[I 2024-11-05 17:19:28.950 ServerApp] Saving file at /MedMNIST_MONAI-Copy1.ipynb
[I 2024-11-05 17:19:35.729 ServerApp] Kernel interrupted: 9c03405c-56aa-40e7-bed7-76f930ab4f7a
[I 2024-11-05 17:19:39.450 ServerApp] Starting buffering for 9c03405c-56aa-40e7-bed7-76f930ab4f7a:4e66c3aa-9833-4d18-8552-dfb4563f4252
[I 2024-11-05 17:19:39.451 ServerApp] Starting buffering for 791a69fb-ef3b-4bf4-bce7-a2e9f2a82849:3707418d-241c-4661-8956-5089538bd87c
[I 2024-11-05 17:19:39.451 ServerApp] Starting buffering for 80beca3a-3fb8-4e7d-9fb0-91d23a6a7e3c:37655f2b-9b6b-4f4f-b682-d07829c53120
[W 2024-11-05 17:19:40.846 LabApp] Could not determine jupyterlab build status without nodejs
[I 2024-11-05 17:19:40.949 ServerApp] Connecting to kernel 80beca3a-3fb8-4e7d-9fb0-91d23a6a7e3c.
[I 2024-11-05 17:19:41.041 ServerApp] Connecting to kernel 791a69fb-ef3b-4bf4-bce7-a2e9f2a82849.
[I 2024-11-05 17:19:41.143 ServerApp] Connecting to kernel 9c03405c-56aa-40e7-bed7-76f930ab4f7a.
[I 2024-11-05 17:19:41.193 ServerApp] Starting buffering for 80beca3a-3fb8-4e7d-9fb0-91d23a6a7e3c:c66c2d43-8ca2-47c3-9aad-f9fcd7605efe
[I 2024-11-05 17:19:41.318 ServerApp] Starting buffering for 791a69fb-ef3b-4bf4-bce7-a2e9f2a82849:92179e4c-c394-473a-8a12-de964d6781aa
[I 2024-11-05 17:19:41.392 ServerApp] Starting buffering for 9c03405c-56aa-40e7-bed7-76f930ab4f7a:4a4bd6b2-f1b9-48dd-9597-e4b989787edc
[I 2024-11-05 17:19:42.359 ServerApp] Connecting to kernel 80beca3a-3fb8-4e7d-9fb0-91d23a6a7e3c.
[I 2024-11-05 17:19:43.689 ServerApp] Connecting to kernel 9c03405c-56aa-40e7-bed7-76f930ab4f7a.
[I 2024-11-05 17:19:44.825 ServerApp] Connecting to kernel 791a69fb-ef3b-4bf4-bce7-a2e9f2a82849.
[I 2024-11-05 17:21:51.039 ServerApp] Saving file at /MedMNIST_MONAI-Copy1.ipynb
[I 2024-11-05 17:35:59.095 ServerApp] Saving file at /MedMNIST_MONAI-Copy1.ipynb
[I 2024-11-05 17:38:11.051 ServerApp] Saving file at /MedMNIST_MONAI-Copy1.ipynb
[I 2024-11-05 17:50:36.548 ServerApp] Saving file at /MedMNIST_MONAI-Copy1.ipynb
[I 2024-11-05 18:03:32.244 ServerApp] Saving file at /MedMNIST_MONAI-Copy1.ipynb
[I 2024-11-05 18:06:00.898 ServerApp] Saving file at /MedMNIST_MONAI-Copy1.ipynb
[W 2024-11-05 18:11:43.689 ServerApp] WebSocket ping timeout after 119939 ms.
[W 2024-11-05 18:11:43.813 ServerApp] 
[W 2024-11-05 18:11:44.043 ServerApp] 
[W 2024-11-05 18:11:44.279 ServerApp] 
[W 2024-11-05 18:11:44.520 ServerApp] 
[W 2024-11-05 18:11:44.757 ServerApp] 
[W 2024-11-05 18:11:45.011 ServerApp] 
[W 2024-11-05 18:11:45.319 ServerApp] 
[W 2024-11-05 18:11:45.591 ServerApp] 
[W 2024-11-05 18:11:45.845 ServerApp] 
[W 2024-11-05 18:11:46.098 ServerApp] 
[W 2024-11-05 18:11:46.348 ServerApp] 
[W 2024-11-05 18:11:46.601 ServerApp] 
[W 2024-11-05 18:11:46.841 ServerApp] 
[W 2024-11-05 18:11:47.084 ServerApp] 
[W 2024-11-05 18:11:47.333 ServerApp] 
[W 2024-11-05 18:11:47.579 ServerApp] 
[W 2024-11-05 18:11:47.829 ServerApp] 
[W 2024-11-05 18:11:48.074 ServerApp] 
[W 2024-11-05 18:11:48.323 ServerApp] 
[W 2024-11-05 18:11:48.563 ServerApp] 
[I 2024-11-05 18:11:48.690 ServerApp] Starting buffering for 9c03405c-56aa-40e7-bed7-76f930ab4f7a:8e2fc548-f4e5-4376-8a2d-b8d7c6c0f9c4
[I 2024-11-05 18:20:33.958 ServerApp] Connecting to kernel 9c03405c-56aa-40e7-bed7-76f930ab4f7a.
[I 2024-11-05 18:20:33.958 ServerApp] Restoring connection for 9c03405c-56aa-40e7-bed7-76f930ab4f7a:8e2fc548-f4e5-4376-8a2d-b8d7c6c0f9c4
[I 2024-11-05 18:20:33.963 ServerApp] Replaying 1283 buffered messages
[I 2024-11-05 18:20:50.234 ServerApp] Kernel interrupted: 9c03405c-56aa-40e7-bed7-76f930ab4f7a
[I 2024-11-05 18:22:54.432 ServerApp] Saving file at /MedMNIST_MONAI-Copy1.ipynb
[W 2024-11-05 18:28:03.959 ServerApp] WebSocket ping timeout after 119921 ms.
[W 2024-11-05 18:28:04.058 ServerApp] 
[W 2024-11-05 18:28:04.300 ServerApp] 
[W 2024-11-05 18:28:04.543 ServerApp] 
[W 2024-11-05 18:28:04.786 ServerApp] 
[W 2024-11-05 18:28:05.028 ServerApp] 
[W 2024-11-05 18:28:05.272 ServerApp] 
[W 2024-11-05 18:28:05.531 ServerApp] 
[W 2024-11-05 18:28:05.772 ServerApp] 
[W 2024-11-05 18:28:06.021 ServerApp] 
[W 2024-11-05 18:28:06.270 ServerApp] 
[W 2024-11-05 18:28:06.499 ServerApp] 
[W 2024-11-05 18:28:06.748 ServerApp] 
[W 2024-11-05 18:28:06.985 ServerApp] 
[W 2024-11-05 18:28:07.234 ServerApp] 
[W 2024-11-05 18:28:07.482 ServerApp] 
[W 2024-11-05 18:28:07.710 ServerApp] 
[W 2024-11-05 18:28:07.939 ServerApp] 
[W 2024-11-05 18:28:08.169 ServerApp] 
[W 2024-11-05 18:28:08.416 ServerApp] 
[W 2024-11-05 18:28:08.657 ServerApp] 
[W 2024-11-05 18:28:08.890 ServerApp] 
[I 2024-11-05 18:28:08.959 ServerApp] Starting buffering for 9c03405c-56aa-40e7-bed7-76f930ab4f7a:8e2fc548-f4e5-4376-8a2d-b8d7c6c0f9c4
[I 2024-11-05 18:43:09.256 ServerApp] Connecting to kernel 9c03405c-56aa-40e7-bed7-76f930ab4f7a.
[I 2024-11-05 18:43:09.256 ServerApp] Restoring connection for 9c03405c-56aa-40e7-bed7-76f930ab4f7a:8e2fc548-f4e5-4376-8a2d-b8d7c6c0f9c4
[I 2024-11-05 18:43:09.256 ServerApp] Replaying 3547 buffered messages
[I 2024-11-05 18:45:29.287 ServerApp] Saving file at /MedMNIST_MONAI-Copy1.ipynb
[I 2024-11-05 18:48:40.717 ServerApp] Saving file at /MedMNIST_MONAI-Copy1.ipynb
[I 2024-11-05 19:02:23.041 ServerApp] Saving file at /MedMNIST_MONAI-Copy1.ipynb
[I 2024-11-05 19:04:51.131 ServerApp] Saving file at /MedMNIST_MONAI-Copy1.ipynb
[I 2024-11-05 19:16:22.128 ServerApp] Saving file at /MedMNIST_MONAI-Copy1.ipynb
[I 2024-11-05 19:26:45.629 ServerApp] 302 GET / (@167.94.146.60) 0.25ms
[I 2024-11-05 19:26:54.866 ServerApp] 302 GET / (@167.94.146.60) 0.24ms
[I 2024-11-05 19:26:54.936 ServerApp] Malformed HTTP message from 167.94.146.60: Malformed HTTP version in HTTP Request-Line: 'HTTP/2.0'
[I 2024-11-05 19:26:58.218 LabApp] 302 GET /lab (@167.94.146.60) 0.33ms
[I 2024-11-05 19:26:58.230 ServerApp] Malformed HTTP message from 167.94.146.60: Malformed HTTP version in HTTP Request-Line: 'HTTP/2.0'
[I 2024-11-05 19:26:58.241 ServerApp] 302 GET / (@167.94.146.60) 0.18ms
[I 2024-11-05 19:27:01.347 ServerApp] Malformed HTTP message from 167.94.146.60: Malformed HTTP version in HTTP Request-Line: 'HTTP/2.0'
[I 2024-11-05 19:27:01.360 ServerApp] 302 GET / (@167.94.146.60) 0.17ms
[I 2024-11-05 19:29:33.187 ServerApp] Saving file at /MedMNIST_MONAI-Copy1.ipynb
[I 2024-11-05 19:34:19.113 ServerApp] Saving file at /MedMNIST_MONAI-Copy1.ipynb
[I 2024-11-05 19:40:14.702 ServerApp] 302 GET / (@23.91.97.249) 0.44ms
[I 2024-11-05 19:54:02.771 ServerApp] Starting buffering for 791a69fb-ef3b-4bf4-bce7-a2e9f2a82849:607c4ebd-9720-424d-8431-8ebf4ff20594
[I 2024-11-05 19:54:02.772 ServerApp] Starting buffering for 9c03405c-56aa-40e7-bed7-76f930ab4f7a:8e2fc548-f4e5-4376-8a2d-b8d7c6c0f9c4
[I 2024-11-05 19:54:02.773 ServerApp] Starting buffering for 80beca3a-3fb8-4e7d-9fb0-91d23a6a7e3c:921ecf64-cf4b-4dc3-98eb-7fd754e3ebc2
[E 2024-11-05 22:31:04.647 ServerApp] Uncaught exception in write_error
    Traceback (most recent call last):
      File "/opt/conda/lib/python3.10/site-packages/tornado/web.py", line 1753, in _execute
        raise HTTPError(405)
    tornado.web.HTTPError: HTTP 405: Method Not Allowed
    
    During handling of the above exception, another exception occurred:
    
    Traceback (most recent call last):
      File "/opt/conda/lib/python3.10/site-packages/tornado/web.py", line 1298, in send_error
        self.write_error(status_code, **kwargs)
      File "/opt/conda/lib/python3.10/site-packages/jupyter_server/base/handlers.py", line 739, in write_error
        html = self.render_template("%s.html" % status_code, **ns)
      File "/opt/conda/lib/python3.10/site-packages/jupyter_server/base/handlers.py", line 665, in render_template
        ns.update(self.template_namespace)
      File "/opt/conda/lib/python3.10/site-packages/jupyter_server/base/handlers.py", line 675, in template_namespace
        logged_in=self.logged_in,
      File "/opt/conda/lib/python3.10/site-packages/jupyter_server/base/handlers.py", line 198, in logged_in
        user = self.current_user
      File "/opt/conda/lib/python3.10/site-packages/tornado/web.py", line 1424, in current_user
        self._current_user = self.get_current_user()
      File "/opt/conda/lib/python3.10/site-packages/jupyter_server/base/handlers.py", line 177, in get_current_user
        raise RuntimeError(msg)
    RuntimeError: Calling `Template404.get_current_user()` directly is deprecated in jupyter-server 2.0. Use `self.current_user` instead (works in all versions).
[W 2024-11-05 22:31:04.648 ServerApp] 405 CONNECT 185.65.245.140:7227 (@94.103.125.176) 0.90ms referer=None
[E 2024-11-06 05:03:26.883 ServerApp] Uncaught exception in write_error
    Traceback (most recent call last):
      File "/opt/conda/lib/python3.10/site-packages/tornado/web.py", line 1753, in _execute
        raise HTTPError(405)
    tornado.web.HTTPError: HTTP 405: Method Not Allowed
    
    During handling of the above exception, another exception occurred:
    
    Traceback (most recent call last):
      File "/opt/conda/lib/python3.10/site-packages/tornado/web.py", line 1298, in send_error
        self.write_error(status_code, **kwargs)
      File "/opt/conda/lib/python3.10/site-packages/jupyter_server/base/handlers.py", line 739, in write_error
        html = self.render_template("%s.html" % status_code, **ns)
      File "/opt/conda/lib/python3.10/site-packages/jupyter_server/base/handlers.py", line 665, in render_template
        ns.update(self.template_namespace)
      File "/opt/conda/lib/python3.10/site-packages/jupyter_server/base/handlers.py", line 675, in template_namespace
        logged_in=self.logged_in,
      File "/opt/conda/lib/python3.10/site-packages/jupyter_server/base/handlers.py", line 198, in logged_in
        user = self.current_user
      File "/opt/conda/lib/python3.10/site-packages/tornado/web.py", line 1424, in current_user
        self._current_user = self.get_current_user()
      File "/opt/conda/lib/python3.10/site-packages/jupyter_server/base/handlers.py", line 177, in get_current_user
        raise RuntimeError(msg)
    RuntimeError: Calling `Template404.get_current_user()` directly is deprecated in jupyter-server 2.0. Use `self.current_user` instead (works in all versions).
[W 2024-11-06 05:03:26.883 ServerApp] 405 CONNECT 193.149.189.126:7227 (@154.213.187.55) 0.91ms referer=None
[I 2024-11-06 06:32:49.763 ServerApp] 302 GET / (@13.58.97.162) 0.44ms
[I 2024-11-06 08:16:30.278 ServerApp] 302 GET / (@45.84.89.2) 0.44ms
[E 2024-11-06 10:35:18.457 ServerApp] Uncaught exception in write_error
    Traceback (most recent call last):
      File "/opt/conda/lib/python3.10/site-packages/tornado/web.py", line 1753, in _execute
        raise HTTPError(405)
    tornado.web.HTTPError: HTTP 405: Method Not Allowed
    
    During handling of the above exception, another exception occurred:
    
    Traceback (most recent call last):
      File "/opt/conda/lib/python3.10/site-packages/tornado/web.py", line 1298, in send_error
        self.write_error(status_code, **kwargs)
      File "/opt/conda/lib/python3.10/site-packages/jupyter_server/base/handlers.py", line 739, in write_error
        html = self.render_template("%s.html" % status_code, **ns)
      File "/opt/conda/lib/python3.10/site-packages/jupyter_server/base/handlers.py", line 665, in render_template
        ns.update(self.template_namespace)
      File "/opt/conda/lib/python3.10/site-packages/jupyter_server/base/handlers.py", line 675, in template_namespace
        logged_in=self.logged_in,
      File "/opt/conda/lib/python3.10/site-packages/jupyter_server/base/handlers.py", line 198, in logged_in
        user = self.current_user
      File "/opt/conda/lib/python3.10/site-packages/tornado/web.py", line 1424, in current_user
        self._current_user = self.get_current_user()
      File "/opt/conda/lib/python3.10/site-packages/jupyter_server/base/handlers.py", line 177, in get_current_user
        raise RuntimeError(msg)
    RuntimeError: Calling `Template404.get_current_user()` directly is deprecated in jupyter-server 2.0. Use `self.current_user` instead (works in all versions).
[W 2024-11-06 10:35:18.458 ServerApp] 405 CONNECT 185.65.245.140:7227 (@194.48.251.20) 0.88ms referer=None
[I 2024-11-06 12:57:51.289 ServerApp] 302 GET / (@64.62.197.81) 0.44ms
[I 2024-11-06 12:58:01.312 ServerApp] 302 GET / (@64.62.197.78) 0.44ms
[I 2024-11-06 12:58:01.460 LabApp] 302 GET /lab? (@64.62.197.78) 0.62ms
[E 2024-11-06 17:03:59.005 ServerApp] Uncaught exception in write_error
    Traceback (most recent call last):
      File "/opt/conda/lib/python3.10/site-packages/tornado/web.py", line 1753, in _execute
        raise HTTPError(405)
    tornado.web.HTTPError: HTTP 405: Method Not Allowed
    
    During handling of the above exception, another exception occurred:
    
    Traceback (most recent call last):
      File "/opt/conda/lib/python3.10/site-packages/tornado/web.py", line 1298, in send_error
        self.write_error(status_code, **kwargs)
      File "/opt/conda/lib/python3.10/site-packages/jupyter_server/base/handlers.py", line 739, in write_error
        html = self.render_template("%s.html" % status_code, **ns)
      File "/opt/conda/lib/python3.10/site-packages/jupyter_server/base/handlers.py", line 665, in render_template
        ns.update(self.template_namespace)
      File "/opt/conda/lib/python3.10/site-packages/jupyter_server/base/handlers.py", line 675, in template_namespace
        logged_in=self.logged_in,
      File "/opt/conda/lib/python3.10/site-packages/jupyter_server/base/handlers.py", line 198, in logged_in
        user = self.current_user
      File "/opt/conda/lib/python3.10/site-packages/tornado/web.py", line 1424, in current_user
        self._current_user = self.get_current_user()
      File "/opt/conda/lib/python3.10/site-packages/jupyter_server/base/handlers.py", line 177, in get_current_user
        raise RuntimeError(msg)
    RuntimeError: Calling `Template404.get_current_user()` directly is deprecated in jupyter-server 2.0. Use `self.current_user` instead (works in all versions).
[W 2024-11-06 17:03:59.006 ServerApp] 405 CONNECT example.com:80 (@81.17.19.66) 0.67ms referer=None
[E 2024-11-07 01:08:53.825 ServerApp] Uncaught exception in write_error
    Traceback (most recent call last):
      File "/opt/conda/lib/python3.10/site-packages/tornado/web.py", line 1753, in _execute
        raise HTTPError(405)
    tornado.web.HTTPError: HTTP 405: Method Not Allowed
    
    During handling of the above exception, another exception occurred:
    
    Traceback (most recent call last):
      File "/opt/conda/lib/python3.10/site-packages/tornado/web.py", line 1298, in send_error
        self.write_error(status_code, **kwargs)
      File "/opt/conda/lib/python3.10/site-packages/jupyter_server/base/handlers.py", line 739, in write_error
        html = self.render_template("%s.html" % status_code, **ns)
      File "/opt/conda/lib/python3.10/site-packages/jupyter_server/base/handlers.py", line 665, in render_template
        ns.update(self.template_namespace)
      File "/opt/conda/lib/python3.10/site-packages/jupyter_server/base/handlers.py", line 675, in template_namespace
        logged_in=self.logged_in,
      File "/opt/conda/lib/python3.10/site-packages/jupyter_server/base/handlers.py", line 198, in logged_in
        user = self.current_user
      File "/opt/conda/lib/python3.10/site-packages/tornado/web.py", line 1424, in current_user
        self._current_user = self.get_current_user()
      File "/opt/conda/lib/python3.10/site-packages/jupyter_server/base/handlers.py", line 177, in get_current_user
        raise RuntimeError(msg)
    RuntimeError: Calling `Template404.get_current_user()` directly is deprecated in jupyter-server 2.0. Use `self.current_user` instead (works in all versions).
[W 2024-11-07 01:08:53.826 ServerApp] 405 CONNECT 185.65.245.140:7227 (@154.216.17.93) 0.51ms referer=None
[W 2024-11-07 01:11:47.189 ServerApp] 404 GET http://clientapi.ipip.net/echo.php?info=20241107011147 (@103.203.57.24) 0.76ms referer=None
[E 2024-11-07 03:34:08.851 ServerApp] Uncaught exception in write_error
    Traceback (most recent call last):
      File "/opt/conda/lib/python3.10/site-packages/tornado/web.py", line 1753, in _execute
        raise HTTPError(405)
    tornado.web.HTTPError: HTTP 405: Method Not Allowed
    
    During handling of the above exception, another exception occurred:
    
    Traceback (most recent call last):
      File "/opt/conda/lib/python3.10/site-packages/tornado/web.py", line 1298, in send_error
        self.write_error(status_code, **kwargs)
      File "/opt/conda/lib/python3.10/site-packages/jupyter_server/base/handlers.py", line 739, in write_error
        html = self.render_template("%s.html" % status_code, **ns)
      File "/opt/conda/lib/python3.10/site-packages/jupyter_server/base/handlers.py", line 665, in render_template
        ns.update(self.template_namespace)
      File "/opt/conda/lib/python3.10/site-packages/jupyter_server/base/handlers.py", line 675, in template_namespace
        logged_in=self.logged_in,
      File "/opt/conda/lib/python3.10/site-packages/jupyter_server/base/handlers.py", line 198, in logged_in
        user = self.current_user
      File "/opt/conda/lib/python3.10/site-packages/tornado/web.py", line 1424, in current_user
        self._current_user = self.get_current_user()
      File "/opt/conda/lib/python3.10/site-packages/jupyter_server/base/handlers.py", line 177, in get_current_user
        raise RuntimeError(msg)
    RuntimeError: Calling `Template404.get_current_user()` directly is deprecated in jupyter-server 2.0. Use `self.current_user` instead (works in all versions).
[W 2024-11-07 03:34:08.851 ServerApp] 405 CONNECT 45.61.136.175:7227 (@94.156.167.81) 0.63ms referer=None
[I 2024-11-07 03:40:16.876 ServerApp] 302 GET / (@167.94.146.52) 0.41ms
[I 2024-11-07 03:40:30.102 ServerApp] 302 GET / (@167.94.146.52) 0.33ms
[I 2024-11-07 03:40:30.454 ServerApp] Malformed HTTP message from 167.94.146.52: Malformed HTTP version in HTTP Request-Line: 'HTTP/2.0'
[I 2024-11-07 03:40:34.984 LabApp] 302 GET /lab (@167.94.146.52) 0.44ms
[I 2024-11-07 03:40:35.295 ServerApp] Malformed HTTP message from 167.94.146.52: Malformed HTTP version in HTTP Request-Line: 'HTTP/2.0'
[I 2024-11-07 03:40:35.513 ServerApp] 302 GET / (@167.94.146.52) 0.33ms
[I 2024-11-07 03:40:44.843 ServerApp] Malformed HTTP message from 167.94.146.52: Malformed HTTP version in HTTP Request-Line: 'HTTP/2.0'
[I 2024-11-07 03:40:45.020 ServerApp] 302 GET / (@167.94.146.52) 0.34ms
[I 2024-11-07 04:51:01.573 ServerApp] 302 GET / (@167.94.145.96) 0.33ms
[I 2024-11-07 04:51:12.505 ServerApp] 302 GET / (@167.94.145.96) 0.34ms
[I 2024-11-07 04:51:12.521 ServerApp] Malformed HTTP message from 167.94.145.96: Malformed HTTP version in HTTP Request-Line: 'HTTP/2.0'
[I 2024-11-07 04:51:15.703 LabApp] 302 GET /lab (@167.94.145.96) 0.45ms
[I 2024-11-07 04:51:15.723 ServerApp] Malformed HTTP message from 167.94.145.96: Malformed HTTP version in HTTP Request-Line: 'HTTP/2.0'
[I 2024-11-07 04:51:15.736 ServerApp] 302 GET / (@167.94.145.96) 0.32ms
[I 2024-11-07 04:51:18.817 ServerApp] Malformed HTTP message from 167.94.145.96: Malformed HTTP version in HTTP Request-Line: 'HTTP/2.0'
[I 2024-11-07 04:51:18.843 ServerApp] 302 GET / (@167.94.145.96) 0.23ms
[E 2024-11-07 05:04:19.382 ServerApp] Uncaught exception in write_error
    Traceback (most recent call last):
      File "/opt/conda/lib/python3.10/site-packages/tornado/web.py", line 1753, in _execute
        raise HTTPError(405)
    tornado.web.HTTPError: HTTP 405: Method Not Allowed
    
    During handling of the above exception, another exception occurred:
    
    Traceback (most recent call last):
      File "/opt/conda/lib/python3.10/site-packages/tornado/web.py", line 1298, in send_error
        self.write_error(status_code, **kwargs)
      File "/opt/conda/lib/python3.10/site-packages/jupyter_server/base/handlers.py", line 739, in write_error
        html = self.render_template("%s.html" % status_code, **ns)
      File "/opt/conda/lib/python3.10/site-packages/jupyter_server/base/handlers.py", line 665, in render_template
        ns.update(self.template_namespace)
      File "/opt/conda/lib/python3.10/site-packages/jupyter_server/base/handlers.py", line 675, in template_namespace
        logged_in=self.logged_in,
      File "/opt/conda/lib/python3.10/site-packages/jupyter_server/base/handlers.py", line 198, in logged_in
        user = self.current_user
      File "/opt/conda/lib/python3.10/site-packages/tornado/web.py", line 1424, in current_user
        self._current_user = self.get_current_user()
      File "/opt/conda/lib/python3.10/site-packages/jupyter_server/base/handlers.py", line 177, in get_current_user
        raise RuntimeError(msg)
    RuntimeError: Calling `Template404.get_current_user()` directly is deprecated in jupyter-server 2.0. Use `self.current_user` instead (works in all versions).
[W 2024-11-07 05:04:19.383 ServerApp] 405 CONNECT 185.65.245.140:7227 (@87.121.86.84) 0.69ms referer=None
[I 2024-11-07 08:42:08.000 ServerApp] 302 GET / (@45.84.89.2) 0.36ms
slurmstepd: error: *** JOB 24136 ON worker2 CANCELLED AT 2024-11-07T10:28:22 DUE TO TIME LIMIT ***
